#
# A fatal error has been detected by the Java Runtime Environment:
#
#  EXCEPTION_ACCESS_VIOLATION (0xc0000005) at pc=0x00007ffb6b376070, pid=8400, tid=13416
#
# JRE version: Java(TM) SE Runtime Environment 18.9 (11.0.17+10) (build 11.0.17+10-LTS-269)
# Java VM: Java HotSpot(TM) 64-Bit Server VM 18.9 (11.0.17+10-LTS-269, mixed mode, tiered, compressed oops, g1 gc, windows-amd64)
# Problematic frame:
# V  [jvm.dll+0x346070]
#
# No core dump will be written. Minidumps are not enabled by default on client versions of Windows
#
# If you would like to submit a bug report, please visit:
#   https://bugreport.java.com/bugreport/crash.jsp
#

---------------  S U M M A R Y ------------

Command Line: --add-opens=java.base/java.util=ALL-UNNAMED --add-opens=java.base/java.lang=ALL-UNNAMED --add-opens=java.base/java.lang.invoke=ALL-UNNAMED --add-opens=java.base/java.util=ALL-UNNAMED --add-opens=java.prefs/java.util.prefs=ALL-UNNAMED --add-opens=java.prefs/java.util.prefs=ALL-UNNAMED --add-opens=java.base/java.nio.charset=ALL-UNNAMED --add-opens=java.base/java.net=ALL-UNNAMED --add-opens=java.base/java.util.concurrent.atomic=ALL-UNNAMED -XX:MaxMetaspaceSize=256m -XX:+HeapDumpOnOutOfMemoryError -Xms256m -Xmx512m -Dfile.encoding=x-windows-949 -Duser.country=KR -Duser.language=ko -Duser.variant org.gradle.launcher.daemon.bootstrap.GradleDaemon 7.5

Host: Intel(R) Core(TM) i5-8250U CPU @ 1.60GHz, 8 cores, 15G,  Windows 10 , 64 bit Build 19041 (10.0.19041.2913)
Time: Thu Jun  1 21:16:38 2023  Windows 10 , 64 bit Build 19041 (10.0.19041.2913) elapsed time: 3.438719 seconds (0d 0h 0m 3s)

---------------  T H R E A D  ---------------

Current thread (0x0000022e5171f800):  JavaThread "C2 CompilerThread0" daemon [_thread_in_native, id=13416, stack(0x0000008e85f00000,0x0000008e86000000)]


Current CompileTask:
C2:   3438 1965   !   4       java.lang.ClassLoader::loadClass (122 bytes)

Stack: [0x0000008e85f00000,0x0000008e86000000],  sp=0x0000008e85ffb850,  free space=1006k
Native frames: (J=compiled Java code, j=interpreted, Vv=VM code, C=native code)
V  [jvm.dll+0x346070]
V  [jvm.dll+0x342030]
V  [jvm.dll+0x18d767]
V  [jvm.dll+0x18ceec]
V  [jvm.dll+0x1f8815]
V  [jvm.dll+0x1f78fd]
V  [jvm.dll+0x177c91]
V  [jvm.dll+0x207296]
V  [jvm.dll+0x20542b]
V  [jvm.dll+0x72b2c0]
V  [jvm.dll+0x723e64]
V  [jvm.dll+0x62a485]
C  [ucrtbase.dll+0x21bb2]
C  [KERNEL32.DLL+0x17614]
C  [ntdll.dll+0x526a1]


siginfo: EXCEPTION_ACCESS_VIOLATION (0xc0000005), reading address 0x00007ffb6bb784a0


Register to memory mapping:

RIP=0x00007ffb6b376070 jvm.dll
RAX=0x0 is NULL
RBX=0x0000000000000019 is an unknown value
RCX=0x0 is NULL
RDX=0x0000000000000008 is an unknown value
RSP=0x0000008e85ffb850 is pointing into the stack for thread: 0x0000022e5171f800
RBP=0x0000000000000008 is an unknown value
RSI=0x00007ffb6ba784a0 jvm.dll
RDI=0x0000022e50e64218 points into unknown readable memory: 0x0000022e50eb2a00 | 00 2a eb 50 2e 02 00 00
R8 =0x00007ffb6bb784a0 is an unknown value
R9 =0x0000008e85ffb8a0 is pointing into the stack for thread: 0x0000022e5171f800
R10=0x0000000000000019 is an unknown value
R11=0x0000008e85ffbb80 is pointing into the stack for thread: 0x0000022e5171f800
R12=0x00007ffb6b030000 jvm.dll
R13=0x0000022e517730b0 points into unknown readable memory: 0x0000022e55b0a040 | 40 a0 b0 55 2e 02 00 00
R14=0x0000000000145000 is an unknown value
R15=0x0000000000002080 is an unknown value


Registers:
RAX=0x0000000000000000, RBX=0x0000000000000019, RCX=0x0000000000000000, RDX=0x0000000000000008
RSP=0x0000008e85ffb850, RBP=0x0000000000000008, RSI=0x00007ffb6ba784a0, RDI=0x0000022e50e64218
R8 =0x00007ffb6bb784a0, R9 =0x0000008e85ffb8a0, R10=0x0000000000000019, R11=0x0000008e85ffbb80
R12=0x00007ffb6b030000, R13=0x0000022e517730b0, R14=0x0000000000145000, R15=0x0000000000002080
RIP=0x00007ffb6b376070, EFLAGS=0x0000000000010246

Top of Stack: (sp=0x0000008e85ffb850)
0x0000008e85ffb850:   0000022e517730c0 00007ffb00000023
0x0000008e85ffb860:   0000022e546ca370 00007ffb00000023
0x0000008e85ffb870:   0000008e85ffbb80 00007ffb6b372030
0x0000008e85ffb880:   0000022e565e4050 0000000000000104
0x0000008e85ffb890:   0000000000000000 0000022e00000023
0x0000008e85ffb8a0:   000012d200000000 0000022e00000007
0x0000008e85ffb8b0:   00007ffb6bb784a0 00007ffb00000013
0x0000008e85ffb8c0:   0000022e517ceaf0 00007ffb00000023
0x0000008e85ffb8d0:   0000022e55c4f050 00007ffb6b201046
0x0000008e85ffb8e0:   00007ffb6b030000 00000000000003d8
0x0000008e85ffb8f0:   0000000000000000 00007ffb6b1bd767
0x0000008e85ffb900:   0000000000002080 0000008e85ffbbb0
0x0000008e85ffb910:   0000008e85ffc018 0000008e85ffbf30
0x0000008e85ffb920:   0000008e85ffbc90 00007ffb6b1ff569
0x0000008e85ffb930:   00000000000009c7 0000000000000000
0x0000008e85ffb940:   0000008e85ffba00 0000000000000000 

Instructions: (pc=0x00007ffb6b376070)
0x00007ffb6b376050:   49 8b 41 20 41 8b da 4c 8b 04 d8 4c 3b c6 74 7a
0x00007ffb6b376060:   33 c0 4d 89 41 10 33 c9 0f 1f 84 00 00 00 00 00
0x00007ffb6b376070:   42 83 3c 01 00 8d 50 01 0f 85 be 00 00 00 48 83
0x00007ffb6b376080:   c1 04 8b c2 83 fa 08 72 e7 4d 8b 59 30 4d 85 db 


Stack slot to memory mapping:
stack at sp + 0 slots: 0x0000022e517730c0 points into unknown readable memory: 0x00007ffb6b8ebbc0 | c0 bb 8e 6b fb 7f 00 00
stack at sp + 1 slots: 0x00007ffb00000023 is an unknown value
stack at sp + 2 slots: 0x0000022e546ca370 points into unknown readable memory: 0x00007ffb6ba784a0 | a0 84 a7 6b fb 7f 00 00
stack at sp + 3 slots: 0x00007ffb00000023 is an unknown value
stack at sp + 4 slots: 0x0000008e85ffbb80 is pointing into the stack for thread: 0x0000022e5171f800
stack at sp + 5 slots: 0x00007ffb6b372030 jvm.dll
stack at sp + 6 slots: 0x0000022e565e4050 points into unknown readable memory: 0x0000000000000000 | 00 00 00 00 00 00 00 00
stack at sp + 7 slots: 0x0000000000000104 is an unknown value


---------------  P R O C E S S  ---------------

Threads class SMR info:
_java_thread_list=0x0000022e54bb8980, length=24, elements={
0x0000022e36748800, 0x0000022e50e81800, 0x0000022e50eab800, 0x0000022e5171a000,
0x0000022e5171b000, 0x0000022e5171c000, 0x0000022e5171f800, 0x0000022e51735800,
0x0000022e50ec9000, 0x0000022e51899000, 0x0000022e53b5f000, 0x0000022e51918800,
0x0000022e5233a800, 0x0000022e53811000, 0x0000022e5289e000, 0x0000022e5351f800,
0x0000022e54a8e000, 0x0000022e53a1c000, 0x0000022e53e3e800, 0x0000022e538cd800,
0x0000022e538cd000, 0x0000022e538ce800, 0x0000022e538cf000, 0x0000022e52ddf800
}

Java Threads: ( => current thread )
  0x0000022e36748800 JavaThread "main" [_thread_blocked, id=14684, stack(0x0000008e85300000,0x0000008e85400000)]
  0x0000022e50e81800 JavaThread "Reference Handler" daemon [_thread_blocked, id=16248, stack(0x0000008e85a00000,0x0000008e85b00000)]
  0x0000022e50eab800 JavaThread "Finalizer" daemon [_thread_blocked, id=2156, stack(0x0000008e85b00000,0x0000008e85c00000)]
  0x0000022e5171a000 JavaThread "Signal Dispatcher" daemon [_thread_blocked, id=10900, stack(0x0000008e85c00000,0x0000008e85d00000)]
  0x0000022e5171b000 JavaThread "Attach Listener" daemon [_thread_blocked, id=14436, stack(0x0000008e85d00000,0x0000008e85e00000)]
  0x0000022e5171c000 JavaThread "Service Thread" daemon [_thread_blocked, id=2100, stack(0x0000008e85e00000,0x0000008e85f00000)]
=>0x0000022e5171f800 JavaThread "C2 CompilerThread0" daemon [_thread_in_native, id=13416, stack(0x0000008e85f00000,0x0000008e86000000)]
  0x0000022e51735800 JavaThread "C1 CompilerThread0" daemon [_thread_blocked, id=12696, stack(0x0000008e86000000,0x0000008e86100000)]
  0x0000022e50ec9000 JavaThread "Sweeper thread" daemon [_thread_blocked, id=9088, stack(0x0000008e86100000,0x0000008e86200000)]
  0x0000022e51899000 JavaThread "Common-Cleaner" daemon [_thread_blocked, id=7868, stack(0x0000008e86200000,0x0000008e86300000)]
  0x0000022e53b5f000 JavaThread "Daemon health stats" [_thread_blocked, id=16816, stack(0x0000008e86b00000,0x0000008e86c00000)]
  0x0000022e51918800 JavaThread "Incoming local TCP Connector on port 52339" [_thread_in_native, id=16656, stack(0x0000008e86400000,0x0000008e86500000)]
  0x0000022e5233a800 JavaThread "Daemon periodic checks" [_thread_blocked, id=2512, stack(0x0000008e86a00000,0x0000008e86b00000)]
  0x0000022e53811000 JavaThread "Daemon" [_thread_blocked, id=17160, stack(0x0000008e86c00000,0x0000008e86d00000)]
  0x0000022e5289e000 JavaThread "Handler for socket connection from /127.0.0.1:52339 to /127.0.0.1:52340" [_thread_in_native, id=11448, stack(0x0000008e86d00000,0x0000008e86e00000)]
  0x0000022e5351f800 JavaThread "Cancel handler" [_thread_blocked, id=13248, stack(0x0000008e86e00000,0x0000008e86f00000)]
  0x0000022e54a8e000 JavaThread "Daemon worker" [_thread_in_vm, id=8412, stack(0x0000008e86f00000,0x0000008e87000000)]
  0x0000022e53a1c000 JavaThread "Asynchronous log dispatcher for DefaultDaemonConnection: socket connection from /127.0.0.1:52339 to /127.0.0.1:52340" [_thread_blocked, id=13140, stack(0x0000008e87000000,0x0000008e87100000)]
  0x0000022e53e3e800 JavaThread "Stdin handler" [_thread_blocked, id=10216, stack(0x0000008e87100000,0x0000008e87200000)]
  0x0000022e538cd800 JavaThread "Daemon client event forwarder" [_thread_blocked, id=1996, stack(0x0000008e87200000,0x0000008e87300000)]
  0x0000022e538cd000 JavaThread "Cache worker for journal cache (C:\Users\SonMinGyu\.gradle\caches\journal-1)" [_thread_blocked, id=8800, stack(0x0000008e87300000,0x0000008e87400000)]
  0x0000022e538ce800 JavaThread "File lock request listener" [_thread_in_native, id=14900, stack(0x0000008e87600000,0x0000008e87700000)]
  0x0000022e538cf000 JavaThread "Cache worker for file hash cache (C:\Users\SonMinGyu\.gradle\caches\7.5\fileHashes)" [_thread_blocked, id=9100, stack(0x0000008e87700000,0x0000008e87800000)]
  0x0000022e52ddf800 JavaThread "C2 CompilerThread1" daemon [_thread_in_native, id=6528, stack(0x0000008e87900000,0x0000008e87a00000)]

Other Threads:
  0x0000022e50e80800 VMThread "VM Thread" [stack: 0x0000008e85900000,0x0000008e85a00000] [id=6372]
  0x0000022e518c2800 WatcherThread [stack: 0x0000008e86300000,0x0000008e86400000] [id=12092]
  0x0000022e3675d800 GCTaskThread "GC Thread#0" [stack: 0x0000008e85400000,0x0000008e85500000] [id=11864]
  0x0000022e5238a800 GCTaskThread "GC Thread#1" [stack: 0x0000008e86500000,0x0000008e86600000] [id=10608]
  0x0000022e52ca5800 GCTaskThread "GC Thread#2" [stack: 0x0000008e86600000,0x0000008e86700000] [id=3880]
  0x0000022e5281c800 GCTaskThread "GC Thread#3" [stack: 0x0000008e86700000,0x0000008e86800000] [id=1668]
  0x0000022e52c83800 GCTaskThread "GC Thread#4" [stack: 0x0000008e86800000,0x0000008e86900000] [id=16280]
  0x0000022e52c84800 GCTaskThread "GC Thread#5" [stack: 0x0000008e86900000,0x0000008e86a00000] [id=17320]
  0x0000022e54442000 GCTaskThread "GC Thread#6" [stack: 0x0000008e87400000,0x0000008e87500000] [id=10396]
  0x0000022e54442800 GCTaskThread "GC Thread#7" [stack: 0x0000008e87500000,0x0000008e87600000] [id=15064]
  0x0000022e36775800 ConcurrentGCThread "G1 Main Marker" [stack: 0x0000008e85500000,0x0000008e85600000] [id=360]
  0x0000022e36776800 ConcurrentGCThread "G1 Conc#0" [stack: 0x0000008e85600000,0x0000008e85700000] [id=2232]
  0x0000022e53178000 ConcurrentGCThread "G1 Conc#1" [stack: 0x0000008e87800000,0x0000008e87900000] [id=12156]
  0x0000022e50d14800 ConcurrentGCThread "G1 Refine#0" [stack: 0x0000008e85700000,0x0000008e85800000] [id=6632]
  0x0000022e50d15800 ConcurrentGCThread "G1 Young RemSet Sampling" [stack: 0x0000008e85800000,0x0000008e85900000] [id=9800]

Threads with active compile tasks:
C2 CompilerThread0     3530 1965   !   4       java.lang.ClassLoader::loadClass (122 bytes)
C2 CompilerThread1     3530 2121       4       jdk.internal.org.objectweb.asm.ClassWriter::newUTF8 (70 bytes)

VM state:not at safepoint (normal execution)

VM Mutex/Monitor currently owned by a thread: None

Heap address: 0x00000000e0000000, size: 512 MB, Compressed Oops mode: 32-bit
Narrow klass base: 0x0000000000000000, Narrow klass shift: 3
Compressed class space size: 260046848 Address: 0x0000000100000000

Heap:
 garbage-first heap   total 262144K, used 46422K [0x00000000e0000000, 0x0000000100000000)
  region size 1024K, 30 young (30720K), 1 survivors (1024K)
 Metaspace       used 23513K, capacity 24115K, committed 24320K, reserved 276480K
  class space    used 3034K, capacity 3249K, committed 3328K, reserved 253952K
Heap Regions: E=young(eden), S=young(survivor), O=old, HS=humongous(starts), HC=humongous(continues), CS=collection set, F=free, A=archive, TAMS=top-at-mark-start (previous, next)
|   0|0x00000000e0000000, 0x00000000e0100000, 0x00000000e0100000|100%| O|  |TAMS 0x00000000e0100000, 0x00000000e0000000| Untracked 
|   1|0x00000000e0100000, 0x00000000e0200000, 0x00000000e0200000|100%| O|  |TAMS 0x00000000e0200000, 0x00000000e0100000| Untracked 
|   2|0x00000000e0200000, 0x00000000e0300000, 0x00000000e0300000|100%| O|  |TAMS 0x00000000e0300000, 0x00000000e0200000| Untracked 
|   3|0x00000000e0300000, 0x00000000e0400000, 0x00000000e0400000|100%|HS|  |TAMS 0x00000000e0400000, 0x00000000e0300000| Complete 
|   4|0x00000000e0400000, 0x00000000e0500000, 0x00000000e0500000|100%|HC|  |TAMS 0x00000000e0500000, 0x00000000e0400000| Complete 
|   5|0x00000000e0500000, 0x00000000e0600000, 0x00000000e0600000|100%|HC|  |TAMS 0x00000000e0600000, 0x00000000e0500000| Complete 
|   6|0x00000000e0600000, 0x00000000e0700000, 0x00000000e0700000|100%| O|  |TAMS 0x00000000e0700000, 0x00000000e0600000| Untracked 
|   7|0x00000000e0700000, 0x00000000e0800000, 0x00000000e0800000|100%| O|  |TAMS 0x00000000e0800000, 0x00000000e0700000| Untracked 
|   8|0x00000000e0800000, 0x00000000e0900000, 0x00000000e0900000|100%| O|  |TAMS 0x00000000e0900000, 0x00000000e0800000| Untracked 
|   9|0x00000000e0900000, 0x00000000e0a00000, 0x00000000e0a00000|100%| O|  |TAMS 0x00000000e0a00000, 0x00000000e0900000| Untracked 
|  10|0x00000000e0a00000, 0x00000000e0b00000, 0x00000000e0b00000|100%| O|  |TAMS 0x00000000e0b00000, 0x00000000e0a00000| Untracked 
|  11|0x00000000e0b00000, 0x00000000e0c00000, 0x00000000e0c00000|100%| O|  |TAMS 0x00000000e0c00000, 0x00000000e0b00000| Untracked 
|  12|0x00000000e0c00000, 0x00000000e0d00000, 0x00000000e0d00000|100%| O|  |TAMS 0x00000000e0d00000, 0x00000000e0c00000| Untracked 
|  13|0x00000000e0d00000, 0x00000000e0e00000, 0x00000000e0e00000|100%| O|  |TAMS 0x00000000e0e00000, 0x00000000e0d00000| Untracked 
|  14|0x00000000e0e00000, 0x00000000e0f00000, 0x00000000e0f00000|100%| O|  |TAMS 0x00000000e0f00000, 0x00000000e0e00000| Untracked 
|  15|0x00000000e0f00000, 0x00000000e1000000, 0x00000000e1000000|100%| O|  |TAMS 0x00000000e1000000, 0x00000000e0f00000| Untracked 
|  16|0x00000000e1000000, 0x00000000e105f600, 0x00000000e1100000| 37%| O|  |TAMS 0x00000000e105f600, 0x00000000e1000000| Untracked 
|  17|0x00000000e1100000, 0x00000000e1100000, 0x00000000e1200000|  0%| F|  |TAMS 0x00000000e1100000, 0x00000000e1100000| Untracked 
|  18|0x00000000e1200000, 0x00000000e1200000, 0x00000000e1300000|  0%| F|  |TAMS 0x00000000e1200000, 0x00000000e1200000| Untracked 
|  19|0x00000000e1300000, 0x00000000e1300000, 0x00000000e1400000|  0%| F|  |TAMS 0x00000000e1300000, 0x00000000e1300000| Untracked 
|  20|0x00000000e1400000, 0x00000000e1400000, 0x00000000e1500000|  0%| F|  |TAMS 0x00000000e1400000, 0x00000000e1400000| Untracked 
|  21|0x00000000e1500000, 0x00000000e1500000, 0x00000000e1600000|  0%| F|  |TAMS 0x00000000e1500000, 0x00000000e1500000| Untracked 
|  22|0x00000000e1600000, 0x00000000e1600000, 0x00000000e1700000|  0%| F|  |TAMS 0x00000000e1600000, 0x00000000e1600000| Untracked 
|  23|0x00000000e1700000, 0x00000000e1700000, 0x00000000e1800000|  0%| F|  |TAMS 0x00000000e1700000, 0x00000000e1700000| Untracked 
|  24|0x00000000e1800000, 0x00000000e1800000, 0x00000000e1900000|  0%| F|  |TAMS 0x00000000e1800000, 0x00000000e1800000| Untracked 
|  25|0x00000000e1900000, 0x00000000e1900000, 0x00000000e1a00000|  0%| F|  |TAMS 0x00000000e1900000, 0x00000000e1900000| Untracked 
|  26|0x00000000e1a00000, 0x00000000e1a00000, 0x00000000e1b00000|  0%| F|  |TAMS 0x00000000e1a00000, 0x00000000e1a00000| Untracked 
|  27|0x00000000e1b00000, 0x00000000e1b00000, 0x00000000e1c00000|  0%| F|  |TAMS 0x00000000e1b00000, 0x00000000e1b00000| Untracked 
|  28|0x00000000e1c00000, 0x00000000e1c00000, 0x00000000e1d00000|  0%| F|  |TAMS 0x00000000e1c00000, 0x00000000e1c00000| Untracked 
|  29|0x00000000e1d00000, 0x00000000e1d00000, 0x00000000e1e00000|  0%| F|  |TAMS 0x00000000e1d00000, 0x00000000e1d00000| Untracked 
|  30|0x00000000e1e00000, 0x00000000e1e00000, 0x00000000e1f00000|  0%| F|  |TAMS 0x00000000e1e00000, 0x00000000e1e00000| Untracked 
|  31|0x00000000e1f00000, 0x00000000e1f00000, 0x00000000e2000000|  0%| F|  |TAMS 0x00000000e1f00000, 0x00000000e1f00000| Untracked 
|  32|0x00000000e2000000, 0x00000000e2000000, 0x00000000e2100000|  0%| F|  |TAMS 0x00000000e2000000, 0x00000000e2000000| Untracked 
|  33|0x00000000e2100000, 0x00000000e2100000, 0x00000000e2200000|  0%| F|  |TAMS 0x00000000e2100000, 0x00000000e2100000| Untracked 
|  34|0x00000000e2200000, 0x00000000e2200000, 0x00000000e2300000|  0%| F|  |TAMS 0x00000000e2200000, 0x00000000e2200000| Untracked 
|  35|0x00000000e2300000, 0x00000000e2300000, 0x00000000e2400000|  0%| F|  |TAMS 0x00000000e2300000, 0x00000000e2300000| Untracked 
|  36|0x00000000e2400000, 0x00000000e2400000, 0x00000000e2500000|  0%| F|  |TAMS 0x00000000e2400000, 0x00000000e2400000| Untracked 
|  37|0x00000000e2500000, 0x00000000e2500000, 0x00000000e2600000|  0%| F|  |TAMS 0x00000000e2500000, 0x00000000e2500000| Untracked 
|  38|0x00000000e2600000, 0x00000000e2600000, 0x00000000e2700000|  0%| F|  |TAMS 0x00000000e2600000, 0x00000000e2600000| Untracked 
|  39|0x00000000e2700000, 0x00000000e2700000, 0x00000000e2800000|  0%| F|  |TAMS 0x00000000e2700000, 0x00000000e2700000| Untracked 
|  40|0x00000000e2800000, 0x00000000e2800000, 0x00000000e2900000|  0%| F|  |TAMS 0x00000000e2800000, 0x00000000e2800000| Untracked 
|  41|0x00000000e2900000, 0x00000000e2900000, 0x00000000e2a00000|  0%| F|  |TAMS 0x00000000e2900000, 0x00000000e2900000| Untracked 
|  42|0x00000000e2a00000, 0x00000000e2a00000, 0x00000000e2b00000|  0%| F|  |TAMS 0x00000000e2a00000, 0x00000000e2a00000| Untracked 
|  43|0x00000000e2b00000, 0x00000000e2b00000, 0x00000000e2c00000|  0%| F|  |TAMS 0x00000000e2b00000, 0x00000000e2b00000| Untracked 
|  44|0x00000000e2c00000, 0x00000000e2c00000, 0x00000000e2d00000|  0%| F|  |TAMS 0x00000000e2c00000, 0x00000000e2c00000| Untracked 
|  45|0x00000000e2d00000, 0x00000000e2d00000, 0x00000000e2e00000|  0%| F|  |TAMS 0x00000000e2d00000, 0x00000000e2d00000| Untracked 
|  46|0x00000000e2e00000, 0x00000000e2e00000, 0x00000000e2f00000|  0%| F|  |TAMS 0x00000000e2e00000, 0x00000000e2e00000| Untracked 
|  47|0x00000000e2f00000, 0x00000000e2f00000, 0x00000000e3000000|  0%| F|  |TAMS 0x00000000e2f00000, 0x00000000e2f00000| Untracked 
|  48|0x00000000e3000000, 0x00000000e3000000, 0x00000000e3100000|  0%| F|  |TAMS 0x00000000e3000000, 0x00000000e3000000| Untracked 
|  49|0x00000000e3100000, 0x00000000e3100000, 0x00000000e3200000|  0%| F|  |TAMS 0x00000000e3100000, 0x00000000e3100000| Untracked 
|  50|0x00000000e3200000, 0x00000000e3200000, 0x00000000e3300000|  0%| F|  |TAMS 0x00000000e3200000, 0x00000000e3200000| Untracked 
|  51|0x00000000e3300000, 0x00000000e3300000, 0x00000000e3400000|  0%| F|  |TAMS 0x00000000e3300000, 0x00000000e3300000| Untracked 
|  52|0x00000000e3400000, 0x00000000e3400000, 0x00000000e3500000|  0%| F|  |TAMS 0x00000000e3400000, 0x00000000e3400000| Untracked 
|  53|0x00000000e3500000, 0x00000000e3500000, 0x00000000e3600000|  0%| F|  |TAMS 0x00000000e3500000, 0x00000000e3500000| Untracked 
|  54|0x00000000e3600000, 0x00000000e3600000, 0x00000000e3700000|  0%| F|  |TAMS 0x00000000e3600000, 0x00000000e3600000| Untracked 
|  55|0x00000000e3700000, 0x00000000e3700000, 0x00000000e3800000|  0%| F|  |TAMS 0x00000000e3700000, 0x00000000e3700000| Untracked 
|  56|0x00000000e3800000, 0x00000000e3800000, 0x00000000e3900000|  0%| F|  |TAMS 0x00000000e3800000, 0x00000000e3800000| Untracked 
|  57|0x00000000e3900000, 0x00000000e3900000, 0x00000000e3a00000|  0%| F|  |TAMS 0x00000000e3900000, 0x00000000e3900000| Untracked 
|  58|0x00000000e3a00000, 0x00000000e3a00000, 0x00000000e3b00000|  0%| F|  |TAMS 0x00000000e3a00000, 0x00000000e3a00000| Untracked 
|  59|0x00000000e3b00000, 0x00000000e3b00000, 0x00000000e3c00000|  0%| F|  |TAMS 0x00000000e3b00000, 0x00000000e3b00000| Untracked 
|  60|0x00000000e3c00000, 0x00000000e3c00000, 0x00000000e3d00000|  0%| F|  |TAMS 0x00000000e3c00000, 0x00000000e3c00000| Untracked 
|  61|0x00000000e3d00000, 0x00000000e3d00000, 0x00000000e3e00000|  0%| F|  |TAMS 0x00000000e3d00000, 0x00000000e3d00000| Untracked 
|  62|0x00000000e3e00000, 0x00000000e3e00000, 0x00000000e3f00000|  0%| F|  |TAMS 0x00000000e3e00000, 0x00000000e3e00000| Untracked 
|  63|0x00000000e3f00000, 0x00000000e3f00000, 0x00000000e4000000|  0%| F|  |TAMS 0x00000000e3f00000, 0x00000000e3f00000| Untracked 
|  64|0x00000000e4000000, 0x00000000e4000000, 0x00000000e4100000|  0%| F|  |TAMS 0x00000000e4000000, 0x00000000e4000000| Untracked 
|  65|0x00000000e4100000, 0x00000000e4100000, 0x00000000e4200000|  0%| F|  |TAMS 0x00000000e4100000, 0x00000000e4100000| Untracked 
|  66|0x00000000e4200000, 0x00000000e4200000, 0x00000000e4300000|  0%| F|  |TAMS 0x00000000e4200000, 0x00000000e4200000| Untracked 
|  67|0x00000000e4300000, 0x00000000e4300000, 0x00000000e4400000|  0%| F|  |TAMS 0x00000000e4300000, 0x00000000e4300000| Untracked 
|  68|0x00000000e4400000, 0x00000000e4400000, 0x00000000e4500000|  0%| F|  |TAMS 0x00000000e4400000, 0x00000000e4400000| Untracked 
|  69|0x00000000e4500000, 0x00000000e4500000, 0x00000000e4600000|  0%| F|  |TAMS 0x00000000e4500000, 0x00000000e4500000| Untracked 
|  70|0x00000000e4600000, 0x00000000e4600000, 0x00000000e4700000|  0%| F|  |TAMS 0x00000000e4600000, 0x00000000e4600000| Untracked 
|  71|0x00000000e4700000, 0x00000000e4700000, 0x00000000e4800000|  0%| F|  |TAMS 0x00000000e4700000, 0x00000000e4700000| Untracked 
|  72|0x00000000e4800000, 0x00000000e4800000, 0x00000000e4900000|  0%| F|  |TAMS 0x00000000e4800000, 0x00000000e4800000| Untracked 
|  73|0x00000000e4900000, 0x00000000e4900000, 0x00000000e4a00000|  0%| F|  |TAMS 0x00000000e4900000, 0x00000000e4900000| Untracked 
|  74|0x00000000e4a00000, 0x00000000e4a00000, 0x00000000e4b00000|  0%| F|  |TAMS 0x00000000e4a00000, 0x00000000e4a00000| Untracked 
|  75|0x00000000e4b00000, 0x00000000e4b00000, 0x00000000e4c00000|  0%| F|  |TAMS 0x00000000e4b00000, 0x00000000e4b00000| Untracked 
|  76|0x00000000e4c00000, 0x00000000e4c00000, 0x00000000e4d00000|  0%| F|  |TAMS 0x00000000e4c00000, 0x00000000e4c00000| Untracked 
|  77|0x00000000e4d00000, 0x00000000e4d00000, 0x00000000e4e00000|  0%| F|  |TAMS 0x00000000e4d00000, 0x00000000e4d00000| Untracked 
|  78|0x00000000e4e00000, 0x00000000e4e00000, 0x00000000e4f00000|  0%| F|  |TAMS 0x00000000e4e00000, 0x00000000e4e00000| Untracked 
|  79|0x00000000e4f00000, 0x00000000e4f00000, 0x00000000e5000000|  0%| F|  |TAMS 0x00000000e4f00000, 0x00000000e4f00000| Untracked 
|  80|0x00000000e5000000, 0x00000000e5000000, 0x00000000e5100000|  0%| F|  |TAMS 0x00000000e5000000, 0x00000000e5000000| Untracked 
|  81|0x00000000e5100000, 0x00000000e5100000, 0x00000000e5200000|  0%| F|  |TAMS 0x00000000e5100000, 0x00000000e5100000| Untracked 
|  82|0x00000000e5200000, 0x00000000e5200000, 0x00000000e5300000|  0%| F|  |TAMS 0x00000000e5200000, 0x00000000e5200000| Untracked 
|  83|0x00000000e5300000, 0x00000000e5300000, 0x00000000e5400000|  0%| F|  |TAMS 0x00000000e5300000, 0x00000000e5300000| Untracked 
|  84|0x00000000e5400000, 0x00000000e5400000, 0x00000000e5500000|  0%| F|  |TAMS 0x00000000e5400000, 0x00000000e5400000| Untracked 
|  85|0x00000000e5500000, 0x00000000e5500000, 0x00000000e5600000|  0%| F|  |TAMS 0x00000000e5500000, 0x00000000e5500000| Untracked 
|  86|0x00000000e5600000, 0x00000000e5600000, 0x00000000e5700000|  0%| F|  |TAMS 0x00000000e5600000, 0x00000000e5600000| Untracked 
|  87|0x00000000e5700000, 0x00000000e5700000, 0x00000000e5800000|  0%| F|  |TAMS 0x00000000e5700000, 0x00000000e5700000| Untracked 
|  88|0x00000000e5800000, 0x00000000e5800000, 0x00000000e5900000|  0%| F|  |TAMS 0x00000000e5800000, 0x00000000e5800000| Untracked 
|  89|0x00000000e5900000, 0x00000000e5900000, 0x00000000e5a00000|  0%| F|  |TAMS 0x00000000e5900000, 0x00000000e5900000| Untracked 
|  90|0x00000000e5a00000, 0x00000000e5a00000, 0x00000000e5b00000|  0%| F|  |TAMS 0x00000000e5a00000, 0x00000000e5a00000| Untracked 
|  91|0x00000000e5b00000, 0x00000000e5b00000, 0x00000000e5c00000|  0%| F|  |TAMS 0x00000000e5b00000, 0x00000000e5b00000| Untracked 
|  92|0x00000000e5c00000, 0x00000000e5c00000, 0x00000000e5d00000|  0%| F|  |TAMS 0x00000000e5c00000, 0x00000000e5c00000| Untracked 
|  93|0x00000000e5d00000, 0x00000000e5d00000, 0x00000000e5e00000|  0%| F|  |TAMS 0x00000000e5d00000, 0x00000000e5d00000| Untracked 
|  94|0x00000000e5e00000, 0x00000000e5e00000, 0x00000000e5f00000|  0%| F|  |TAMS 0x00000000e5e00000, 0x00000000e5e00000| Untracked 
|  95|0x00000000e5f00000, 0x00000000e5f00000, 0x00000000e6000000|  0%| F|  |TAMS 0x00000000e5f00000, 0x00000000e5f00000| Untracked 
|  96|0x00000000e6000000, 0x00000000e6000000, 0x00000000e6100000|  0%| F|  |TAMS 0x00000000e6000000, 0x00000000e6000000| Untracked 
|  97|0x00000000e6100000, 0x00000000e6100000, 0x00000000e6200000|  0%| F|  |TAMS 0x00000000e6100000, 0x00000000e6100000| Untracked 
|  98|0x00000000e6200000, 0x00000000e6200000, 0x00000000e6300000|  0%| F|  |TAMS 0x00000000e6200000, 0x00000000e6200000| Untracked 
|  99|0x00000000e6300000, 0x00000000e6300000, 0x00000000e6400000|  0%| F|  |TAMS 0x00000000e6300000, 0x00000000e6300000| Untracked 
| 100|0x00000000e6400000, 0x00000000e6400000, 0x00000000e6500000|  0%| F|  |TAMS 0x00000000e6400000, 0x00000000e6400000| Untracked 
| 101|0x00000000e6500000, 0x00000000e6500000, 0x00000000e6600000|  0%| F|  |TAMS 0x00000000e6500000, 0x00000000e6500000| Untracked 
| 102|0x00000000e6600000, 0x00000000e6600000, 0x00000000e6700000|  0%| F|  |TAMS 0x00000000e6600000, 0x00000000e6600000| Untracked 
| 103|0x00000000e6700000, 0x00000000e6700000, 0x00000000e6800000|  0%| F|  |TAMS 0x00000000e6700000, 0x00000000e6700000| Untracked 
| 104|0x00000000e6800000, 0x00000000e6800000, 0x00000000e6900000|  0%| F|  |TAMS 0x00000000e6800000, 0x00000000e6800000| Untracked 
| 105|0x00000000e6900000, 0x00000000e6900000, 0x00000000e6a00000|  0%| F|  |TAMS 0x00000000e6900000, 0x00000000e6900000| Untracked 
| 106|0x00000000e6a00000, 0x00000000e6a00000, 0x00000000e6b00000|  0%| F|  |TAMS 0x00000000e6a00000, 0x00000000e6a00000| Untracked 
| 107|0x00000000e6b00000, 0x00000000e6b00000, 0x00000000e6c00000|  0%| F|  |TAMS 0x00000000e6b00000, 0x00000000e6b00000| Untracked 
| 108|0x00000000e6c00000, 0x00000000e6c00000, 0x00000000e6d00000|  0%| F|  |TAMS 0x00000000e6c00000, 0x00000000e6c00000| Untracked 
| 109|0x00000000e6d00000, 0x00000000e6d00000, 0x00000000e6e00000|  0%| F|  |TAMS 0x00000000e6d00000, 0x00000000e6d00000| Untracked 
| 110|0x00000000e6e00000, 0x00000000e6e00000, 0x00000000e6f00000|  0%| F|  |TAMS 0x00000000e6e00000, 0x00000000e6e00000| Untracked 
| 111|0x00000000e6f00000, 0x00000000e6f00000, 0x00000000e7000000|  0%| F|  |TAMS 0x00000000e6f00000, 0x00000000e6f00000| Untracked 
| 112|0x00000000e7000000, 0x00000000e7000000, 0x00000000e7100000|  0%| F|  |TAMS 0x00000000e7000000, 0x00000000e7000000| Untracked 
| 113|0x00000000e7100000, 0x00000000e7100000, 0x00000000e7200000|  0%| F|  |TAMS 0x00000000e7100000, 0x00000000e7100000| Untracked 
| 114|0x00000000e7200000, 0x00000000e7200000, 0x00000000e7300000|  0%| F|  |TAMS 0x00000000e7200000, 0x00000000e7200000| Untracked 
| 115|0x00000000e7300000, 0x00000000e7300000, 0x00000000e7400000|  0%| F|  |TAMS 0x00000000e7300000, 0x00000000e7300000| Untracked 
| 116|0x00000000e7400000, 0x00000000e7400000, 0x00000000e7500000|  0%| F|  |TAMS 0x00000000e7400000, 0x00000000e7400000| Untracked 
| 117|0x00000000e7500000, 0x00000000e7500000, 0x00000000e7600000|  0%| F|  |TAMS 0x00000000e7500000, 0x00000000e7500000| Untracked 
| 118|0x00000000e7600000, 0x00000000e7600000, 0x00000000e7700000|  0%| F|  |TAMS 0x00000000e7600000, 0x00000000e7600000| Untracked 
| 119|0x00000000e7700000, 0x00000000e7700000, 0x00000000e7800000|  0%| F|  |TAMS 0x00000000e7700000, 0x00000000e7700000| Untracked 
| 120|0x00000000e7800000, 0x00000000e7800000, 0x00000000e7900000|  0%| F|  |TAMS 0x00000000e7800000, 0x00000000e7800000| Untracked 
| 121|0x00000000e7900000, 0x00000000e7900000, 0x00000000e7a00000|  0%| F|  |TAMS 0x00000000e7900000, 0x00000000e7900000| Untracked 
| 122|0x00000000e7a00000, 0x00000000e7a00000, 0x00000000e7b00000|  0%| F|  |TAMS 0x00000000e7a00000, 0x00000000e7a00000| Untracked 
| 123|0x00000000e7b00000, 0x00000000e7b00000, 0x00000000e7c00000|  0%| F|  |TAMS 0x00000000e7b00000, 0x00000000e7b00000| Untracked 
| 124|0x00000000e7c00000, 0x00000000e7c00000, 0x00000000e7d00000|  0%| F|  |TAMS 0x00000000e7c00000, 0x00000000e7c00000| Untracked 
| 125|0x00000000e7d00000, 0x00000000e7d00000, 0x00000000e7e00000|  0%| F|  |TAMS 0x00000000e7d00000, 0x00000000e7d00000| Untracked 
| 126|0x00000000e7e00000, 0x00000000e7e00000, 0x00000000e7f00000|  0%| F|  |TAMS 0x00000000e7e00000, 0x00000000e7e00000| Untracked 
| 127|0x00000000e7f00000, 0x00000000e7f00000, 0x00000000e8000000|  0%| F|  |TAMS 0x00000000e7f00000, 0x00000000e7f00000| Untracked 
| 128|0x00000000e8000000, 0x00000000e8000000, 0x00000000e8100000|  0%| F|  |TAMS 0x00000000e8000000, 0x00000000e8000000| Untracked 
| 129|0x00000000e8100000, 0x00000000e8100000, 0x00000000e8200000|  0%| F|  |TAMS 0x00000000e8100000, 0x00000000e8100000| Untracked 
| 130|0x00000000e8200000, 0x00000000e8200000, 0x00000000e8300000|  0%| F|  |TAMS 0x00000000e8200000, 0x00000000e8200000| Untracked 
| 131|0x00000000e8300000, 0x00000000e8300000, 0x00000000e8400000|  0%| F|  |TAMS 0x00000000e8300000, 0x00000000e8300000| Untracked 
| 132|0x00000000e8400000, 0x00000000e8400000, 0x00000000e8500000|  0%| F|  |TAMS 0x00000000e8400000, 0x00000000e8400000| Untracked 
| 133|0x00000000e8500000, 0x00000000e8500000, 0x00000000e8600000|  0%| F|  |TAMS 0x00000000e8500000, 0x00000000e8500000| Untracked 
| 134|0x00000000e8600000, 0x00000000e8600000, 0x00000000e8700000|  0%| F|  |TAMS 0x00000000e8600000, 0x00000000e8600000| Untracked 
| 135|0x00000000e8700000, 0x00000000e8700000, 0x00000000e8800000|  0%| F|  |TAMS 0x00000000e8700000, 0x00000000e8700000| Untracked 
| 136|0x00000000e8800000, 0x00000000e8800000, 0x00000000e8900000|  0%| F|  |TAMS 0x00000000e8800000, 0x00000000e8800000| Untracked 
| 137|0x00000000e8900000, 0x00000000e8900000, 0x00000000e8a00000|  0%| F|  |TAMS 0x00000000e8900000, 0x00000000e8900000| Untracked 
| 138|0x00000000e8a00000, 0x00000000e8a00000, 0x00000000e8b00000|  0%| F|  |TAMS 0x00000000e8a00000, 0x00000000e8a00000| Untracked 
| 139|0x00000000e8b00000, 0x00000000e8b00000, 0x00000000e8c00000|  0%| F|  |TAMS 0x00000000e8b00000, 0x00000000e8b00000| Untracked 
| 140|0x00000000e8c00000, 0x00000000e8c00000, 0x00000000e8d00000|  0%| F|  |TAMS 0x00000000e8c00000, 0x00000000e8c00000| Untracked 
| 141|0x00000000e8d00000, 0x00000000e8d00000, 0x00000000e8e00000|  0%| F|  |TAMS 0x00000000e8d00000, 0x00000000e8d00000| Untracked 
| 142|0x00000000e8e00000, 0x00000000e8e00000, 0x00000000e8f00000|  0%| F|  |TAMS 0x00000000e8e00000, 0x00000000e8e00000| Untracked 
| 143|0x00000000e8f00000, 0x00000000e8f00000, 0x00000000e9000000|  0%| F|  |TAMS 0x00000000e8f00000, 0x00000000e8f00000| Untracked 
| 144|0x00000000e9000000, 0x00000000e9000000, 0x00000000e9100000|  0%| F|  |TAMS 0x00000000e9000000, 0x00000000e9000000| Untracked 
| 145|0x00000000e9100000, 0x00000000e9100000, 0x00000000e9200000|  0%| F|  |TAMS 0x00000000e9100000, 0x00000000e9100000| Untracked 
| 146|0x00000000e9200000, 0x00000000e9200000, 0x00000000e9300000|  0%| F|  |TAMS 0x00000000e9200000, 0x00000000e9200000| Untracked 
| 147|0x00000000e9300000, 0x00000000e9300000, 0x00000000e9400000|  0%| F|  |TAMS 0x00000000e9300000, 0x00000000e9300000| Untracked 
| 148|0x00000000e9400000, 0x00000000e9400000, 0x00000000e9500000|  0%| F|  |TAMS 0x00000000e9400000, 0x00000000e9400000| Untracked 
| 149|0x00000000e9500000, 0x00000000e9500000, 0x00000000e9600000|  0%| F|  |TAMS 0x00000000e9500000, 0x00000000e9500000| Untracked 
| 150|0x00000000e9600000, 0x00000000e9600000, 0x00000000e9700000|  0%| F|  |TAMS 0x00000000e9600000, 0x00000000e9600000| Untracked 
| 151|0x00000000e9700000, 0x00000000e9700000, 0x00000000e9800000|  0%| F|  |TAMS 0x00000000e9700000, 0x00000000e9700000| Untracked 
| 152|0x00000000e9800000, 0x00000000e9800000, 0x00000000e9900000|  0%| F|  |TAMS 0x00000000e9800000, 0x00000000e9800000| Untracked 
| 153|0x00000000e9900000, 0x00000000e9900000, 0x00000000e9a00000|  0%| F|  |TAMS 0x00000000e9900000, 0x00000000e9900000| Untracked 
| 154|0x00000000e9a00000, 0x00000000e9a00000, 0x00000000e9b00000|  0%| F|  |TAMS 0x00000000e9a00000, 0x00000000e9a00000| Untracked 
| 155|0x00000000e9b00000, 0x00000000e9b00000, 0x00000000e9c00000|  0%| F|  |TAMS 0x00000000e9b00000, 0x00000000e9b00000| Untracked 
| 156|0x00000000e9c00000, 0x00000000e9c00000, 0x00000000e9d00000|  0%| F|  |TAMS 0x00000000e9c00000, 0x00000000e9c00000| Untracked 
| 157|0x00000000e9d00000, 0x00000000e9d00000, 0x00000000e9e00000|  0%| F|  |TAMS 0x00000000e9d00000, 0x00000000e9d00000| Untracked 
| 158|0x00000000e9e00000, 0x00000000e9e00000, 0x00000000e9f00000|  0%| F|  |TAMS 0x00000000e9e00000, 0x00000000e9e00000| Untracked 
| 159|0x00000000e9f00000, 0x00000000e9f00000, 0x00000000ea000000|  0%| F|  |TAMS 0x00000000e9f00000, 0x00000000e9f00000| Untracked 
| 160|0x00000000ea000000, 0x00000000ea000000, 0x00000000ea100000|  0%| F|  |TAMS 0x00000000ea000000, 0x00000000ea000000| Untracked 
| 161|0x00000000ea100000, 0x00000000ea100000, 0x00000000ea200000|  0%| F|  |TAMS 0x00000000ea100000, 0x00000000ea100000| Untracked 
| 162|0x00000000ea200000, 0x00000000ea200000, 0x00000000ea300000|  0%| F|  |TAMS 0x00000000ea200000, 0x00000000ea200000| Untracked 
| 163|0x00000000ea300000, 0x00000000ea300000, 0x00000000ea400000|  0%| F|  |TAMS 0x00000000ea300000, 0x00000000ea300000| Untracked 
| 164|0x00000000ea400000, 0x00000000ea400000, 0x00000000ea500000|  0%| F|  |TAMS 0x00000000ea400000, 0x00000000ea400000| Untracked 
| 165|0x00000000ea500000, 0x00000000ea500000, 0x00000000ea600000|  0%| F|  |TAMS 0x00000000ea500000, 0x00000000ea500000| Untracked 
| 166|0x00000000ea600000, 0x00000000ea600000, 0x00000000ea700000|  0%| F|  |TAMS 0x00000000ea600000, 0x00000000ea600000| Untracked 
| 167|0x00000000ea700000, 0x00000000ea700000, 0x00000000ea800000|  0%| F|  |TAMS 0x00000000ea700000, 0x00000000ea700000| Untracked 
| 168|0x00000000ea800000, 0x00000000ea800000, 0x00000000ea900000|  0%| F|  |TAMS 0x00000000ea800000, 0x00000000ea800000| Untracked 
| 169|0x00000000ea900000, 0x00000000ea900000, 0x00000000eaa00000|  0%| F|  |TAMS 0x00000000ea900000, 0x00000000ea900000| Untracked 
| 170|0x00000000eaa00000, 0x00000000eaa00000, 0x00000000eab00000|  0%| F|  |TAMS 0x00000000eaa00000, 0x00000000eaa00000| Untracked 
| 171|0x00000000eab00000, 0x00000000eab00000, 0x00000000eac00000|  0%| F|  |TAMS 0x00000000eab00000, 0x00000000eab00000| Untracked 
| 172|0x00000000eac00000, 0x00000000eac00000, 0x00000000ead00000|  0%| F|  |TAMS 0x00000000eac00000, 0x00000000eac00000| Untracked 
| 173|0x00000000ead00000, 0x00000000ead00000, 0x00000000eae00000|  0%| F|  |TAMS 0x00000000ead00000, 0x00000000ead00000| Untracked 
| 174|0x00000000eae00000, 0x00000000eae00000, 0x00000000eaf00000|  0%| F|  |TAMS 0x00000000eae00000, 0x00000000eae00000| Untracked 
| 175|0x00000000eaf00000, 0x00000000eaf00000, 0x00000000eb000000|  0%| F|  |TAMS 0x00000000eaf00000, 0x00000000eaf00000| Untracked 
| 176|0x00000000eb000000, 0x00000000eb000000, 0x00000000eb100000|  0%| F|  |TAMS 0x00000000eb000000, 0x00000000eb000000| Untracked 
| 177|0x00000000eb100000, 0x00000000eb100000, 0x00000000eb200000|  0%| F|  |TAMS 0x00000000eb100000, 0x00000000eb100000| Untracked 
| 178|0x00000000eb200000, 0x00000000eb200000, 0x00000000eb300000|  0%| F|  |TAMS 0x00000000eb200000, 0x00000000eb200000| Untracked 
| 179|0x00000000eb300000, 0x00000000eb300000, 0x00000000eb400000|  0%| F|  |TAMS 0x00000000eb300000, 0x00000000eb300000| Untracked 
| 180|0x00000000eb400000, 0x00000000eb400000, 0x00000000eb500000|  0%| F|  |TAMS 0x00000000eb400000, 0x00000000eb400000| Untracked 
| 181|0x00000000eb500000, 0x00000000eb500000, 0x00000000eb600000|  0%| F|  |TAMS 0x00000000eb500000, 0x00000000eb500000| Untracked 
| 182|0x00000000eb600000, 0x00000000eb600000, 0x00000000eb700000|  0%| F|  |TAMS 0x00000000eb600000, 0x00000000eb600000| Untracked 
| 183|0x00000000eb700000, 0x00000000eb700000, 0x00000000eb800000|  0%| F|  |TAMS 0x00000000eb700000, 0x00000000eb700000| Untracked 
| 184|0x00000000eb800000, 0x00000000eb800000, 0x00000000eb900000|  0%| F|  |TAMS 0x00000000eb800000, 0x00000000eb800000| Untracked 
| 185|0x00000000eb900000, 0x00000000eb900000, 0x00000000eba00000|  0%| F|  |TAMS 0x00000000eb900000, 0x00000000eb900000| Untracked 
| 186|0x00000000eba00000, 0x00000000eba00000, 0x00000000ebb00000|  0%| F|  |TAMS 0x00000000eba00000, 0x00000000eba00000| Untracked 
| 187|0x00000000ebb00000, 0x00000000ebb00000, 0x00000000ebc00000|  0%| F|  |TAMS 0x00000000ebb00000, 0x00000000ebb00000| Untracked 
| 188|0x00000000ebc00000, 0x00000000ebc00000, 0x00000000ebd00000|  0%| F|  |TAMS 0x00000000ebc00000, 0x00000000ebc00000| Untracked 
| 189|0x00000000ebd00000, 0x00000000ebd00000, 0x00000000ebe00000|  0%| F|  |TAMS 0x00000000ebd00000, 0x00000000ebd00000| Untracked 
| 190|0x00000000ebe00000, 0x00000000ebe00000, 0x00000000ebf00000|  0%| F|  |TAMS 0x00000000ebe00000, 0x00000000ebe00000| Untracked 
| 191|0x00000000ebf00000, 0x00000000ebf00000, 0x00000000ec000000|  0%| F|  |TAMS 0x00000000ebf00000, 0x00000000ebf00000| Untracked 
| 192|0x00000000ec000000, 0x00000000ec000000, 0x00000000ec100000|  0%| F|  |TAMS 0x00000000ec000000, 0x00000000ec000000| Untracked 
| 193|0x00000000ec100000, 0x00000000ec100000, 0x00000000ec200000|  0%| F|  |TAMS 0x00000000ec100000, 0x00000000ec100000| Untracked 
| 194|0x00000000ec200000, 0x00000000ec200000, 0x00000000ec300000|  0%| F|  |TAMS 0x00000000ec200000, 0x00000000ec200000| Untracked 
| 195|0x00000000ec300000, 0x00000000ec300000, 0x00000000ec400000|  0%| F|  |TAMS 0x00000000ec300000, 0x00000000ec300000| Untracked 
| 196|0x00000000ec400000, 0x00000000ec400000, 0x00000000ec500000|  0%| F|  |TAMS 0x00000000ec400000, 0x00000000ec400000| Untracked 
| 197|0x00000000ec500000, 0x00000000ec500000, 0x00000000ec600000|  0%| F|  |TAMS 0x00000000ec500000, 0x00000000ec500000| Untracked 
| 198|0x00000000ec600000, 0x00000000ec600000, 0x00000000ec700000|  0%| F|  |TAMS 0x00000000ec600000, 0x00000000ec600000| Untracked 
| 199|0x00000000ec700000, 0x00000000ec700000, 0x00000000ec800000|  0%| F|  |TAMS 0x00000000ec700000, 0x00000000ec700000| Untracked 
| 200|0x00000000ec800000, 0x00000000ec800000, 0x00000000ec900000|  0%| F|  |TAMS 0x00000000ec800000, 0x00000000ec800000| Untracked 
| 201|0x00000000ec900000, 0x00000000ec900000, 0x00000000eca00000|  0%| F|  |TAMS 0x00000000ec900000, 0x00000000ec900000| Untracked 
| 202|0x00000000eca00000, 0x00000000eca00000, 0x00000000ecb00000|  0%| F|  |TAMS 0x00000000eca00000, 0x00000000eca00000| Untracked 
| 203|0x00000000ecb00000, 0x00000000ecb00000, 0x00000000ecc00000|  0%| F|  |TAMS 0x00000000ecb00000, 0x00000000ecb00000| Untracked 
| 204|0x00000000ecc00000, 0x00000000ecc00000, 0x00000000ecd00000|  0%| F|  |TAMS 0x00000000ecc00000, 0x00000000ecc00000| Untracked 
| 205|0x00000000ecd00000, 0x00000000ecd00000, 0x00000000ece00000|  0%| F|  |TAMS 0x00000000ecd00000, 0x00000000ecd00000| Untracked 
| 206|0x00000000ece00000, 0x00000000ece00000, 0x00000000ecf00000|  0%| F|  |TAMS 0x00000000ece00000, 0x00000000ece00000| Untracked 
| 207|0x00000000ecf00000, 0x00000000ecf00000, 0x00000000ed000000|  0%| F|  |TAMS 0x00000000ecf00000, 0x00000000ecf00000| Untracked 
| 208|0x00000000ed000000, 0x00000000ed000000, 0x00000000ed100000|  0%| F|  |TAMS 0x00000000ed000000, 0x00000000ed000000| Untracked 
| 209|0x00000000ed100000, 0x00000000ed100000, 0x00000000ed200000|  0%| F|  |TAMS 0x00000000ed100000, 0x00000000ed100000| Untracked 
| 210|0x00000000ed200000, 0x00000000ed200000, 0x00000000ed300000|  0%| F|  |TAMS 0x00000000ed200000, 0x00000000ed200000| Untracked 
| 211|0x00000000ed300000, 0x00000000ed300000, 0x00000000ed400000|  0%| F|  |TAMS 0x00000000ed300000, 0x00000000ed300000| Untracked 
| 212|0x00000000ed400000, 0x00000000ed400000, 0x00000000ed500000|  0%| F|  |TAMS 0x00000000ed400000, 0x00000000ed400000| Untracked 
| 213|0x00000000ed500000, 0x00000000ed500000, 0x00000000ed600000|  0%| F|  |TAMS 0x00000000ed500000, 0x00000000ed500000| Untracked 
| 214|0x00000000ed600000, 0x00000000ed600000, 0x00000000ed700000|  0%| F|  |TAMS 0x00000000ed600000, 0x00000000ed600000| Untracked 
| 215|0x00000000ed700000, 0x00000000ed700000, 0x00000000ed800000|  0%| F|  |TAMS 0x00000000ed700000, 0x00000000ed700000| Untracked 
| 216|0x00000000ed800000, 0x00000000ed800000, 0x00000000ed900000|  0%| F|  |TAMS 0x00000000ed800000, 0x00000000ed800000| Untracked 
| 217|0x00000000ed900000, 0x00000000ed900000, 0x00000000eda00000|  0%| F|  |TAMS 0x00000000ed900000, 0x00000000ed900000| Untracked 
| 218|0x00000000eda00000, 0x00000000eda00000, 0x00000000edb00000|  0%| F|  |TAMS 0x00000000eda00000, 0x00000000eda00000| Untracked 
| 219|0x00000000edb00000, 0x00000000edb00000, 0x00000000edc00000|  0%| F|  |TAMS 0x00000000edb00000, 0x00000000edb00000| Untracked 
| 220|0x00000000edc00000, 0x00000000edc00000, 0x00000000edd00000|  0%| F|  |TAMS 0x00000000edc00000, 0x00000000edc00000| Untracked 
| 221|0x00000000edd00000, 0x00000000edd00000, 0x00000000ede00000|  0%| F|  |TAMS 0x00000000edd00000, 0x00000000edd00000| Untracked 
| 222|0x00000000ede00000, 0x00000000ede00000, 0x00000000edf00000|  0%| F|  |TAMS 0x00000000ede00000, 0x00000000ede00000| Untracked 
| 223|0x00000000edf00000, 0x00000000edf00000, 0x00000000ee000000|  0%| F|  |TAMS 0x00000000edf00000, 0x00000000edf00000| Untracked 
| 224|0x00000000ee000000, 0x00000000ee000000, 0x00000000ee100000|  0%| F|  |TAMS 0x00000000ee000000, 0x00000000ee000000| Untracked 
| 225|0x00000000ee100000, 0x00000000ee100000, 0x00000000ee200000|  0%| F|  |TAMS 0x00000000ee100000, 0x00000000ee100000| Untracked 
| 226|0x00000000ee200000, 0x00000000ee2fabb0, 0x00000000ee300000| 97%| E|  |TAMS 0x00000000ee200000, 0x00000000ee200000| Complete 
| 227|0x00000000ee300000, 0x00000000ee400000, 0x00000000ee400000|100%| E|CS|TAMS 0x00000000ee300000, 0x00000000ee300000| Complete 
| 228|0x00000000ee400000, 0x00000000ee500000, 0x00000000ee500000|100%| E|CS|TAMS 0x00000000ee400000, 0x00000000ee400000| Complete 
| 229|0x00000000ee500000, 0x00000000ee600000, 0x00000000ee600000|100%| E|CS|TAMS 0x00000000ee500000, 0x00000000ee500000| Complete 
| 230|0x00000000ee600000, 0x00000000ee700000, 0x00000000ee700000|100%| E|CS|TAMS 0x00000000ee600000, 0x00000000ee600000| Complete 
| 231|0x00000000ee700000, 0x00000000ee7f65d8, 0x00000000ee800000| 96%| S|CS|TAMS 0x00000000ee700000, 0x00000000ee700000| Complete 
| 232|0x00000000ee800000, 0x00000000ee900000, 0x00000000ee900000|100%| E|CS|TAMS 0x00000000ee800000, 0x00000000ee800000| Complete 
| 233|0x00000000ee900000, 0x00000000eea00000, 0x00000000eea00000|100%| E|CS|TAMS 0x00000000ee900000, 0x00000000ee900000| Complete 
| 234|0x00000000eea00000, 0x00000000eeb00000, 0x00000000eeb00000|100%| E|CS|TAMS 0x00000000eea00000, 0x00000000eea00000| Complete 
| 235|0x00000000eeb00000, 0x00000000eec00000, 0x00000000eec00000|100%| E|CS|TAMS 0x00000000eeb00000, 0x00000000eeb00000| Complete 
| 236|0x00000000eec00000, 0x00000000eed00000, 0x00000000eed00000|100%| E|CS|TAMS 0x00000000eec00000, 0x00000000eec00000| Complete 
| 237|0x00000000eed00000, 0x00000000eee00000, 0x00000000eee00000|100%| E|CS|TAMS 0x00000000eed00000, 0x00000000eed00000| Complete 
| 238|0x00000000eee00000, 0x00000000eef00000, 0x00000000eef00000|100%| E|CS|TAMS 0x00000000eee00000, 0x00000000eee00000| Complete 
| 239|0x00000000eef00000, 0x00000000ef000000, 0x00000000ef000000|100%| E|CS|TAMS 0x00000000eef00000, 0x00000000eef00000| Complete 
| 240|0x00000000ef000000, 0x00000000ef100000, 0x00000000ef100000|100%| E|CS|TAMS 0x00000000ef000000, 0x00000000ef000000| Complete 
| 241|0x00000000ef100000, 0x00000000ef200000, 0x00000000ef200000|100%| E|CS|TAMS 0x00000000ef100000, 0x00000000ef100000| Complete 
| 242|0x00000000ef200000, 0x00000000ef300000, 0x00000000ef300000|100%| E|CS|TAMS 0x00000000ef200000, 0x00000000ef200000| Complete 
| 243|0x00000000ef300000, 0x00000000ef400000, 0x00000000ef400000|100%| E|CS|TAMS 0x00000000ef300000, 0x00000000ef300000| Complete 
| 244|0x00000000ef400000, 0x00000000ef500000, 0x00000000ef500000|100%| E|CS|TAMS 0x00000000ef400000, 0x00000000ef400000| Complete 
| 245|0x00000000ef500000, 0x00000000ef600000, 0x00000000ef600000|100%| E|CS|TAMS 0x00000000ef500000, 0x00000000ef500000| Complete 
| 246|0x00000000ef600000, 0x00000000ef700000, 0x00000000ef700000|100%| E|CS|TAMS 0x00000000ef600000, 0x00000000ef600000| Complete 
| 247|0x00000000ef700000, 0x00000000ef800000, 0x00000000ef800000|100%| E|CS|TAMS 0x00000000ef700000, 0x00000000ef700000| Complete 
| 248|0x00000000ef800000, 0x00000000ef900000, 0x00000000ef900000|100%| E|CS|TAMS 0x00000000ef800000, 0x00000000ef800000| Complete 
| 249|0x00000000ef900000, 0x00000000efa00000, 0x00000000efa00000|100%| E|CS|TAMS 0x00000000ef900000, 0x00000000ef900000| Complete 
| 250|0x00000000efa00000, 0x00000000efb00000, 0x00000000efb00000|100%| E|CS|TAMS 0x00000000efa00000, 0x00000000efa00000| Complete 
| 251|0x00000000efb00000, 0x00000000efc00000, 0x00000000efc00000|100%| E|CS|TAMS 0x00000000efb00000, 0x00000000efb00000| Complete 
| 252|0x00000000efc00000, 0x00000000efd00000, 0x00000000efd00000|100%| E|CS|TAMS 0x00000000efc00000, 0x00000000efc00000| Complete 
| 253|0x00000000efd00000, 0x00000000efe00000, 0x00000000efe00000|100%| E|CS|TAMS 0x00000000efd00000, 0x00000000efd00000| Complete 
| 254|0x00000000efe00000, 0x00000000eff00000, 0x00000000eff00000|100%| E|CS|TAMS 0x00000000efe00000, 0x00000000efe00000| Complete 
| 255|0x00000000eff00000, 0x00000000f0000000, 0x00000000f0000000|100%| E|CS|TAMS 0x00000000eff00000, 0x00000000eff00000| Complete 

Card table byte_map: [0x0000022e4d250000,0x0000022e4d350000] _byte_map_base: 0x0000022e4cb50000

Marking Bits (Prev, Next): (CMBitMap*) 0x0000022e367727a0, (CMBitMap*) 0x0000022e36772768
 Prev Bits: [0x0000022e4dc50000, 0x0000022e4e450000)
 Next Bits: [0x0000022e4d450000, 0x0000022e4dc50000)

Polling page: 0x0000022e346b0000

Metaspace:

Usage:
  Non-class:     20.50 MB capacity,    20.12 MB ( 98%) used,   353.41 KB (  2%) free+waste,    44.19 KB ( <1%) overhead. 
      Class:      3.17 MB capacity,     2.97 MB ( 94%) used,   181.83 KB (  6%) free+waste,    22.81 KB ( <1%) overhead. 
       Both:     23.68 MB capacity,    23.09 MB ( 98%) used,   535.23 KB (  2%) free+waste,    67.00 KB ( <1%) overhead. 

Virtual space:
  Non-class space:       22.00 MB reserved,      20.75 MB ( 94%) committed 
      Class space:      248.00 MB reserved,       3.25 MB (  1%) committed 
             Both:      270.00 MB reserved,      24.00 MB (  9%) committed 

Chunk freelists:
   Non-Class:  7.50 KB
       Class:  0 bytes
        Both:  7.50 KB

CodeHeap 'non-profiled nmethods': size=120000Kb used=1027Kb max_used=1027Kb free=118972Kb
 bounds [0x0000022e458f0000, 0x0000022e45b60000, 0x0000022e4ce20000]
CodeHeap 'profiled nmethods': size=120000Kb used=4491Kb max_used=4491Kb free=115508Kb
 bounds [0x0000022e3e3c0000, 0x0000022e3e830000, 0x0000022e458f0000]
CodeHeap 'non-nmethods': size=5760Kb used=1158Kb max_used=1168Kb free=4601Kb
 bounds [0x0000022e3de20000, 0x0000022e3e090000, 0x0000022e3e3c0000]
 total_blobs=2649 nmethods=2142 adapters=418
 compilation: enabled
              stopped_count=0, restarted_count=0
 full_count=0

Compilation events (10 events):
Event: 3.421 Thread 0x0000022e51735800 2044       3       sun.reflect.generics.scope.ClassScope::<init> (6 bytes)
Event: 3.421 Thread 0x0000022e51735800 nmethod 2044 0x0000022e3e7e3290 code [0x0000022e3e7e3440, 0x0000022e3e7e3658]
Event: 3.421 Thread 0x0000022e51735800 2042       3       jdk.internal.loader.AbstractClassLoaderValue$Sub::hashCode (19 bytes)
Event: 3.421 Thread 0x0000022e51735800 nmethod 2042 0x0000022e3e7e3710 code [0x0000022e3e7e38e0, 0x0000022e3e7e3c38]
Event: 3.424 Thread 0x0000022e52ddf800 nmethod 1967 0x0000022e459e7a10 code [0x0000022e459e7bc0, 0x0000022e459e8098]
Event: 3.424 Thread 0x0000022e52ddf800 2035       4       java.util.concurrent.ConcurrentHashMap::putIfAbsent (8 bytes)
Event: 3.425 Thread 0x0000022e52ddf800 nmethod 2035 0x0000022e459e8310 code [0x0000022e459e84a0, 0x0000022e459e8528]
Event: 3.425 Thread 0x0000022e52ddf800 2016       4       java.util.LinkedHashMap::get (33 bytes)
Event: 3.429 Thread 0x0000022e52ddf800 nmethod 2016 0x0000022e459e8610 code [0x0000022e459e87a0, 0x0000022e459e8a38]
Event: 3.429 Thread 0x0000022e52ddf800 1986       4       jdk.internal.org.objectweb.asm.ClassWriter::put (152 bytes)

GC Heap History (8 events):
Event: 0.918 GC heap before
{Heap before GC invocations=0 (full 0):
 garbage-first heap   total 262144K, used 29696K [0x00000000e0000000, 0x0000000100000000)
  region size 1024K, 24 young (24576K), 0 survivors (0K)
 Metaspace       used 9829K, capacity 10132K, committed 10368K, reserved 264192K
  class space    used 1014K, capacity 1104K, committed 1152K, reserved 253952K
}
Event: 0.924 GC heap after
{Heap after GC invocations=1 (full 0):
 garbage-first heap   total 262144K, used 9486K [0x00000000e0000000, 0x0000000100000000)
  region size 1024K, 3 young (3072K), 3 survivors (3072K)
 Metaspace       used 9829K, capacity 10132K, committed 10368K, reserved 264192K
  class space    used 1014K, capacity 1104K, committed 1152K, reserved 253952K
}
Event: 1.496 GC heap before
{Heap before GC invocations=1 (full 0):
 garbage-first heap   total 262144K, used 32014K [0x00000000e0000000, 0x0000000100000000)
  region size 1024K, 25 young (25600K), 3 survivors (3072K)
 Metaspace       used 11029K, capacity 11315K, committed 11520K, reserved 264192K
  class space    used 1152K, capacity 1243K, committed 1280K, reserved 253952K
}
Event: 1.499 GC heap after
{Heap after GC invocations=2 (full 0):
 garbage-first heap   total 262144K, used 10211K [0x00000000e0000000, 0x0000000100000000)
  region size 1024K, 1 young (1024K), 1 survivors (1024K)
 Metaspace       used 11029K, capacity 11315K, committed 11520K, reserved 264192K
  class space    used 1152K, capacity 1243K, committed 1280K, reserved 253952K
}
Event: 2.955 GC heap before
{Heap before GC invocations=2 (full 0):
 garbage-first heap   total 262144K, used 65507K [0x00000000e0000000, 0x0000000100000000)
  region size 1024K, 54 young (55296K), 1 survivors (1024K)
 Metaspace       used 18044K, capacity 18534K, committed 18816K, reserved 270336K
  class space    used 2163K, capacity 2316K, committed 2432K, reserved 253952K
}
Event: 2.960 GC heap after
{Heap after GC invocations=3 (full 0):
 garbage-first heap   total 262144K, used 16554K [0x00000000e0000000, 0x0000000100000000)
  region size 1024K, 7 young (7168K), 7 survivors (7168K)
 Metaspace       used 18044K, capacity 18534K, committed 18816K, reserved 270336K
  class space    used 2163K, capacity 2316K, committed 2432K, reserved 253952K
}
Event: 3.232 GC heap before
{Heap before GC invocations=3 (full 0):
 garbage-first heap   total 262144K, used 39082K [0x00000000e0000000, 0x0000000100000000)
  region size 1024K, 31 young (31744K), 7 survivors (7168K)
 Metaspace       used 20691K, capacity 21206K, committed 21296K, reserved 274432K
  class space    used 2564K, capacity 2764K, committed 2816K, reserved 253952K
}
Event: 3.237 GC heap after
{Heap after GC invocations=4 (full 0):
 garbage-first heap   total 262144K, used 17750K [0x00000000e0000000, 0x0000000100000000)
  region size 1024K, 1 young (1024K), 1 survivors (1024K)
 Metaspace       used 20691K, capacity 21206K, committed 21296K, reserved 274432K
  class space    used 2564K, capacity 2764K, committed 2816K, reserved 253952K
}

Deoptimization events (10 events):
Event: 2.935 Thread 0x0000022e54a8e000 Uncommon trap: reason=class_check action=maybe_recompile pc=0x0000022e45908758 method=java.util.regex.Matcher.match(II)Z @ 121 c2
Event: 2.981 Thread 0x0000022e54a8e000 Uncommon trap: reason=unstable_if action=reinterpret pc=0x0000022e4596da64 method=java.util.regex.Matcher.reset()Ljava/util/regex/Matcher; @ 71 c2
Event: 2.981 Thread 0x0000022e54a8e000 Uncommon trap: reason=unstable_if action=reinterpret pc=0x0000022e4590884c method=java.util.regex.Matcher.match(II)Z @ 76 c2
Event: 2.982 Thread 0x0000022e54a8e000 Uncommon trap: reason=unstable_if action=reinterpret pc=0x0000022e45957658 method=java.util.regex.Matcher.reset()Ljava/util/regex/Matcher; @ 71 c2
Event: 3.062 Thread 0x0000022e54a8e000 Uncommon trap: reason=unstable_if action=reinterpret pc=0x0000022e4590adcc method=java.io.WinNTFileSystem.resolve(Ljava/lang/String;Ljava/lang/String;)Ljava/lang/String; @ 19 c2
Event: 3.063 Thread 0x0000022e54a8e000 Uncommon trap: reason=bimorphic_or_optimized_type_check action=maybe_recompile pc=0x0000022e4596f424 method=java.util.AbstractList$Itr.hasNext()Z @ 8 c2
Event: 3.063 Thread 0x0000022e54a8e000 Uncommon trap: reason=bimorphic_or_optimized_type_check action=maybe_recompile pc=0x0000022e4596f7b4 method=java.util.AbstractList$Itr.next()Ljava/lang/Object; @ 14 c2
Event: 3.065 Thread 0x0000022e54a8e000 Uncommon trap: reason=unstable_if action=reinterpret pc=0x0000022e45962504 method=java.io.File.getName()Ljava/lang/String; @ 16 c2
Event: 3.065 Thread 0x0000022e54a8e000 Uncommon trap: reason=unstable_if action=reinterpret pc=0x0000022e45961894 method=java.lang.String.substring(I)Ljava/lang/String; @ 34 c2
Event: 3.288 Thread 0x0000022e54a8e000 Uncommon trap: reason=unstable_if action=reinterpret pc=0x0000022e459daa10 method=jdk.internal.org.objectweb.asm.Type.getArgumentsAndReturnSizes(Ljava/lang/String;)I @ 88 c2

Classes redefined (0 events):
No events

Internal exceptions (10 events):
Event: 2.939 Thread 0x0000022e54a8e000 Exception <a 'java/lang/NoSuchMethodError'{0x00000000ecbe4f78}: java.lang.invoke.DirectMethodHandle$Holder.invokeStatic(Ljava/lang/Object;Ljava/lang/Object;Ljava/lang/Object;I)Ljava/lang/Object;> (0x00000000ecbe4f78) thrown at [./open/src/hotspot/share/in
Event: 2.939 Thread 0x0000022e54a8e000 Exception <a 'java/lang/NoSuchMethodError'{0x00000000ecbe9140}: java.lang.invoke.DirectMethodHandle$Holder.invokeSpecial(Ljava/lang/Object;Ljava/lang/Object;Ljava/lang/Object;Ljava/lang/Object;I)Ljava/lang/Object;> (0x00000000ecbe9140) thrown at [./open/s
Event: 2.939 Thread 0x0000022e54a8e000 Exception <a 'java/lang/NoSuchMethodError'{0x00000000ecbecb20}: java.lang.invoke.Invokers$Holder.linkToTargetMethod(Ljava/lang/Object;Ljava/lang/Object;ILjava/lang/Object;)Ljava/lang/Object;> (0x00000000ecbecb20) thrown at [./open/src/hotspot/share/interp
Event: 3.085 Thread 0x0000022e54a8e000 Exception <a 'java/lang/NoSuchMethodError'{0x00000000ef7b19b8}: java.lang.invoke.Invokers$Holder.linkToTargetMethod(Ljava/lang/Object;Ljava/lang/Object;Ljava/lang/Object;Ljava/lang/Object;Ljava/lang/Object;Ljava/lang/Object;)Ljava/lang/Object;> (0x0000000
Event: 3.226 Thread 0x0000022e54a8e000 Exception <a 'java/lang/NoSuchMethodError'{0x00000000ee8b2090}: java.lang.invoke.DirectMethodHandle$Holder.invokeSpecialIFC(Ljava/lang/Object;Ljava/lang/Object;Ljava/lang/Object;Ljava/lang/Object;)I> (0x00000000ee8b2090) thrown at [./open/src/hotspot/shar
Event: 3.228 Thread 0x0000022e54a8e000 Exception <a 'java/lang/NoSuchMethodError'{0x00000000ee8c0048}: java.lang.invoke.DirectMethodHandle$Holder.invokeInterface(Ljava/lang/Object;Ljava/lang/Object;Ljava/lang/Object;)Ljava/lang/Object;> (0x00000000ee8c0048) thrown at [./open/src/hotspot/share/
Event: 3.228 Thread 0x0000022e54a8e000 Exception <a 'java/lang/IncompatibleClassChangeError'{0x00000000ee8c3520}: Found class java.lang.Object, but interface was expected> (0x00000000ee8c3520) thrown at [./open/src/hotspot/share/interpreter/linkResolver.cpp, line 838]
Event: 3.327 Thread 0x0000022e54a8e000 Exception <a 'java/lang/NoSuchMethodError'{0x00000000ef8db050}: java.lang.invoke.DirectMethodHandle$Holder.invokeSpecial(Ljava/lang/Object;Ljava/lang/Object;Ljava/lang/Object;Ljava/lang/Object;Ljava/lang/Object;)V> (0x00000000ef8db050) thrown at [./open/s
Event: 3.346 Thread 0x0000022e54a8e000 Exception <a 'java/lang/NoSuchMethodError'{0x00000000ef50e190}: java.lang.invoke.DirectMethodHandle$Holder.invokeSpecial(Ljava/lang/Object;Ljava/lang/Object;Ljava/lang/Object;Ljava/lang/Object;Ljava/lang/Object;Ljava/lang/Object;Ljava/lang/Object;Ljava/la
Event: 3.408 Thread 0x0000022e54a8e000 Exception <a 'java/lang/NoSuchMethodError'{0x00000000eeb05ea8}: java.lang.invoke.DirectMethodHandle$Holder.invokeVirtual(Ljava/lang/Object;Ljava/lang/Object;Ljava/lang/Object;Ljava/lang/Object;)Ljava/lang/Object;> (0x00000000eeb05ea8) thrown at [./open/sr

Events (10 events):
Event: 3.429 loading class org/gradle/internal/reflect/MethodSet
Event: 3.429 loading class org/gradle/internal/reflect/MethodSet done
Event: 3.430 loading class com/google/common/collect/LinkedHashMultimap
Event: 3.430 loading class com/google/common/collect/LinkedHashMultimap done
Event: 3.430 loading class com/google/common/collect/LinkedHashMultimapGwtSerializationDependencies
Event: 3.430 loading class com/google/common/collect/LinkedHashMultimapGwtSerializationDependencies done
Event: 3.431 loading class com/google/common/collect/AbstractSetMultimap
Event: 3.431 loading class com/google/common/collect/AbstractSetMultimap done
Event: 3.431 loading class com/google/common/collect/AbstractMapBasedMultimap
Event: 3.431 loading class com/google/common/collect/AbstractMapBasedMultimap done


Dynamic libraries:
0x00007ff7bae40000 - 0x00007ff7bae4f000 	C:\Program Files\Java\jdk-11.0.17\bin\java.exe
0x00007ffbe0c50000 - 0x00007ffbe0e48000 	C:\WINDOWS\SYSTEM32\ntdll.dll
0x00007ffbdfc20000 - 0x00007ffbdfcdf000 	C:\WINDOWS\System32\KERNEL32.DLL
0x00007ffbde7a0000 - 0x00007ffbdea96000 	C:\WINDOWS\System32\KERNELBASE.dll
0x00007ffbdeaa0000 - 0x00007ffbdeba0000 	C:\WINDOWS\System32\ucrtbase.dll
0x00007ffbbc9b0000 - 0x00007ffbbc9c5000 	C:\Program Files\Java\jdk-11.0.17\bin\VCRUNTIME140.dll
0x00007ffbbd5d0000 - 0x00007ffbbd5e8000 	C:\Program Files\Java\jdk-11.0.17\bin\jli.dll
0x00007ffbdf090000 - 0x00007ffbdf13f000 	C:\WINDOWS\System32\ADVAPI32.dll
0x00007ffbdecb0000 - 0x00007ffbded4e000 	C:\WINDOWS\System32\msvcrt.dll
0x00007ffbdf400000 - 0x00007ffbdf49c000 	C:\WINDOWS\System32\sechost.dll
0x00007ffbe0590000 - 0x00007ffbe06b6000 	C:\WINDOWS\System32\RPCRT4.dll
0x00007ffbe02c0000 - 0x00007ffbe045d000 	C:\WINDOWS\System32\USER32.dll
0x00007ffbdec80000 - 0x00007ffbdeca2000 	C:\WINDOWS\System32\win32u.dll
0x00007ffbc3520000 - 0x00007ffbc37ba000 	C:\WINDOWS\WinSxS\amd64_microsoft.windows.common-controls_6595b64144ccf1df_6.0.19041.1110_none_60b5254171f9507e\COMCTL32.dll
0x00007ffbdfbf0000 - 0x00007ffbdfc1c000 	C:\WINDOWS\System32\GDI32.dll
0x00007ffbde550000 - 0x00007ffbde665000 	C:\WINDOWS\System32\gdi32full.dll
0x00007ffbde700000 - 0x00007ffbde79d000 	C:\WINDOWS\System32\msvcp_win.dll
0x00007ffbd4ee0000 - 0x00007ffbd4eea000 	C:\WINDOWS\SYSTEM32\VERSION.dll
0x00007ffbe0b30000 - 0x00007ffbe0b60000 	C:\WINDOWS\System32\IMM32.DLL
0x00007ffba4660000 - 0x00007ffba46fb000 	C:\Program Files\Java\jdk-11.0.17\bin\msvcp140.dll
0x00007ffb6b030000 - 0x00007ffb6bb4a000 	C:\Program Files\Java\jdk-11.0.17\bin\server\jvm.dll
0x00007ffbdef80000 - 0x00007ffbdef88000 	C:\WINDOWS\System32\PSAPI.DLL
0x00007ffbcad50000 - 0x00007ffbcad59000 	C:\WINDOWS\SYSTEM32\WSOCK32.dll
0x00007ffbc93f0000 - 0x00007ffbc9417000 	C:\WINDOWS\SYSTEM32\WINMM.dll
0x00007ffbdfef0000 - 0x00007ffbdff5b000 	C:\WINDOWS\System32\WS2_32.dll
0x00007ffbdcb80000 - 0x00007ffbdcb92000 	C:\WINDOWS\SYSTEM32\kernel.appcore.dll
0x00007ffbbcb70000 - 0x00007ffbbcb80000 	C:\Program Files\Java\jdk-11.0.17\bin\verify.dll
0x00007ffbdc0e0000 - 0x00007ffbdc2c4000 	C:\WINDOWS\SYSTEM32\DBGHELP.DLL
0x00007ffbc7b20000 - 0x00007ffbc7b54000 	C:\WINDOWS\SYSTEM32\dbgcore.DLL
0x00007ffbde670000 - 0x00007ffbde6f2000 	C:\WINDOWS\System32\bcryptPrimitives.dll
0x00007ffba9dc0000 - 0x00007ffba9de8000 	C:\Program Files\Java\jdk-11.0.17\bin\java.dll
0x00007ffbbc060000 - 0x00007ffbbc06a000 	C:\Program Files\Java\jdk-11.0.17\bin\jimage.dll
0x00007ffbbbd60000 - 0x00007ffbbbd76000 	C:\Program Files\Java\jdk-11.0.17\bin\zip.dll
0x00007ffbdf4a0000 - 0x00007ffbdfbe4000 	C:\WINDOWS\System32\SHELL32.dll
0x00007ffbdc3d0000 - 0x00007ffbdcb63000 	C:\WINDOWS\SYSTEM32\windows.storage.dll
0x00007ffbdff60000 - 0x00007ffbe02b4000 	C:\WINDOWS\System32\combase.dll
0x00007ffbddd20000 - 0x00007ffbddd4e000 	C:\WINDOWS\SYSTEM32\Wldp.dll
0x00007ffbdf140000 - 0x00007ffbdf1ed000 	C:\WINDOWS\System32\SHCORE.dll
0x00007ffbdfce0000 - 0x00007ffbdfd35000 	C:\WINDOWS\System32\shlwapi.dll
0x00007ffbde270000 - 0x00007ffbde28f000 	C:\WINDOWS\SYSTEM32\profapi.dll
0x00007ffba9da0000 - 0x00007ffba9db9000 	C:\Program Files\Java\jdk-11.0.17\bin\net.dll
0x00007ffbd90c0000 - 0x00007ffbd91ca000 	C:\WINDOWS\SYSTEM32\WINHTTP.dll
0x00007ffbdda10000 - 0x00007ffbdda7a000 	C:\WINDOWS\system32\mswsock.dll
0x00007ffba71b0000 - 0x00007ffba71c2000 	C:\Program Files\Java\jdk-11.0.17\bin\nio.dll
0x00007ffbab940000 - 0x00007ffbab967000 	C:\Users\SonMinGyu\.gradle\native\e1d6ef7f7dcc3fd88c89a11ec53ec762bb8ba0a96d01ffa2cd45eb1d1d8dd5c5\windows-amd64\native-platform.dll
0x00007ffbaa640000 - 0x00007ffbaa784000 	C:\Users\SonMinGyu\.gradle\native\0d407fdbe67a94daf76414ababcb853783967236a71b16ec16e742cd7a986fd3\windows-amd64\native-platform-file-events.dll
0x00007ffbd09e0000 - 0x00007ffbd09e9000 	C:\Program Files\Java\jdk-11.0.17\bin\management.dll
0x00007ffbd09d0000 - 0x00007ffbd09db000 	C:\Program Files\Java\jdk-11.0.17\bin\management_ext.dll
0x00007ffbddc00000 - 0x00007ffbddc18000 	C:\WINDOWS\SYSTEM32\CRYPTSP.dll
0x00007ffbdd330000 - 0x00007ffbdd364000 	C:\WINDOWS\system32\rsaenh.dll
0x00007ffbdeba0000 - 0x00007ffbdebc7000 	C:\WINDOWS\System32\bcrypt.dll
0x00007ffbde230000 - 0x00007ffbde25e000 	C:\WINDOWS\SYSTEM32\USERENV.dll
0x00007ffbddc20000 - 0x00007ffbddc2c000 	C:\WINDOWS\SYSTEM32\CRYPTBASE.dll
0x00007ffbdd700000 - 0x00007ffbdd73c000 	C:\WINDOWS\SYSTEM32\IPHLPAPI.DLL
0x00007ffbdf020000 - 0x00007ffbdf028000 	C:\WINDOWS\System32\NSI.dll
0x00007ffbd5050000 - 0x00007ffbd5067000 	C:\WINDOWS\SYSTEM32\dhcpcsvc6.DLL
0x00007ffbd5120000 - 0x00007ffbd513d000 	C:\WINDOWS\SYSTEM32\dhcpcsvc.DLL
0x00007ffbdd740000 - 0x00007ffbdd80b000 	C:\WINDOWS\SYSTEM32\DNSAPI.dll

dbghelp: loaded successfully - version: 4.0.5 - missing functions: none
symbol engine: initialized successfully - sym options: 0x614 - pdb path: .;C:\Program Files\Java\jdk-11.0.17\bin;C:\WINDOWS\SYSTEM32;C:\WINDOWS\WinSxS\amd64_microsoft.windows.common-controls_6595b64144ccf1df_6.0.19041.1110_none_60b5254171f9507e;C:\Program Files\Java\jdk-11.0.17\bin\server;C:\Users\SonMinGyu\.gradle\native\e1d6ef7f7dcc3fd88c89a11ec53ec762bb8ba0a96d01ffa2cd45eb1d1d8dd5c5\windows-amd64;C:\Users\SonMinGyu\.gradle\native\0d407fdbe67a94daf76414ababcb853783967236a71b16ec16e742cd7a986fd3\windows-amd64

VM Arguments:
jvm_args: --add-opens=java.base/java.util=ALL-UNNAMED --add-opens=java.base/java.lang=ALL-UNNAMED --add-opens=java.base/java.lang.invoke=ALL-UNNAMED --add-opens=java.base/java.util=ALL-UNNAMED --add-opens=java.prefs/java.util.prefs=ALL-UNNAMED --add-opens=java.prefs/java.util.prefs=ALL-UNNAMED --add-opens=java.base/java.nio.charset=ALL-UNNAMED --add-opens=java.base/java.net=ALL-UNNAMED --add-opens=java.base/java.util.concurrent.atomic=ALL-UNNAMED -XX:MaxMetaspaceSize=256m -XX:+HeapDumpOnOutOfMemoryError -Xms256m -Xmx512m -Dfile.encoding=x-windows-949 -Duser.country=KR -Duser.language=ko -Duser.variant 
java_command: org.gradle.launcher.daemon.bootstrap.GradleDaemon 7.5
java_class_path (initial): C:\Users\SonMinGyu\.gradle\wrapper\dists\gradle-7.5-bin\f1w0cc9nuo0eivz97x2xlu9sv\gradle-7.5\lib\gradle-launcher-7.5.jar
Launcher Type: SUN_STANDARD

[Global flags]
     intx CICompilerCount                          = 4                                         {product} {ergonomic}
   size_t CompressedClassSpaceSize                 = 260046848                                 {product} {ergonomic}
     uint ConcGCThreads                            = 2                                         {product} {ergonomic}
     uint G1ConcRefinementThreads                  = 8                                         {product} {ergonomic}
   size_t G1HeapRegionSize                         = 1048576                                   {product} {ergonomic}
    uintx GCDrainStackTargetSize                   = 64                                        {product} {ergonomic}
     bool HeapDumpOnOutOfMemoryError               = true                                   {manageable} {command line}
   size_t InitialHeapSize                          = 268435456                                 {product} {command line}
   size_t MarkStackSize                            = 4194304                                   {product} {ergonomic}
   size_t MaxHeapSize                              = 536870912                                 {product} {command line}
   size_t MaxMetaspaceSize                         = 268435456                                 {product} {command line}
   size_t MaxNewSize                               = 321912832                                 {product} {ergonomic}
   size_t MinHeapDeltaBytes                        = 1048576                                   {product} {ergonomic}
    uintx NonNMethodCodeHeapSize                   = 5836300                                {pd product} {ergonomic}
    uintx NonProfiledCodeHeapSize                  = 122910970                              {pd product} {ergonomic}
    uintx ProfiledCodeHeapSize                     = 122910970                              {pd product} {ergonomic}
    uintx ReservedCodeCacheSize                    = 251658240                              {pd product} {ergonomic}
     bool SegmentedCodeCache                       = true                                      {product} {ergonomic}
     bool UseCompressedClassPointers               = true                                 {lp64_product} {ergonomic}
     bool UseCompressedOops                        = true                                 {lp64_product} {ergonomic}
     bool UseG1GC                                  = true                                      {product} {ergonomic}
     bool UseLargePagesIndividualAllocation        = false                                  {pd product} {ergonomic}

Logging:
Log output configuration:
 #0: stdout all=warning uptime,level,tags
 #1: stderr all=off uptime,level,tags

Environment Variables:
JAVA_HOME=C:\Program Files\Java\jdk-11.0.17
CLASSPATH=%JAVA_HOME%\lib;.
PATH=C:\Program Files\Common Files\Oracle\Java\javapath;C:\Program Files (x86)\Intel\iCLS Client\;C:\Program Files\Intel\iCLS Client\;C:\WINDOWS\system32;C:\WINDOWS;C:\WINDOWS\System32\Wbem;C:\WINDOWS\System32\WindowsPowerShell\v1.0\;C:\Program Files (x86)\Intel\Intel(R) Management Engine Components\DAL;C:\Program Files\Intel\Intel(R) Management Engine Components\DAL;C:\Program Files (x86)\Intel\Intel(R) Management Engine Components\IPT;C:\Program Files\Intel\Intel(R) Management Engine Components\IPT;C:\Program Files\Intel\WiFi\bin\;C:\Program Files\Common Files\Intel\WirelessCommon\;C:\WINDOWS\System32\OpenSSH\;C:\Program Files\Git\cmd;C:\Program Files\MySQL\MySQL Shell 8.0\bin\;C:\Users\SonMinGyu\AppData\Local\Microsoft\WindowsApps;;C:\Program Files\JetBrains\IntelliJ IDEA 2022.3.1\bin;;C:\Users\SonMinGyu\AppData\Local\Programs\Microsoft VS Code\bin;C:\Program Files\JetBrains\PyCharm 2022.3.1\bin;;C:\Program Files\JetBrains\DataGrip 2022.3.3\bin;
USERNAME=SonMinGyu
OS=Windows_NT
PROCESSOR_IDENTIFIER=Intel64 Family 6 Model 142 Stepping 10, GenuineIntel



---------------  S Y S T E M  ---------------

OS: Windows 10 , 64 bit Build 19041 (10.0.19041.2913)

CPU:total 8 (initial active 8) (4 cores per cpu, 2 threads per core) family 6 model 142 stepping 10 microcode 0xb4, cmov, cx8, fxsr, mmx, sse, sse2, sse3, ssse3, sse4.1, sse4.2, popcnt, avx, avx2, aes, clmul, erms, 3dnowpref, lzcnt, ht, tsc, tscinvbit, bmi1, bmi2, adx, fma

Memory: 4k page, system-wide physical 16217M (5299M free)
TotalPageFile size 33625M (AvailPageFile size 18822M)
current process WorkingSet (physical memory assigned to process): 191M, peak: 191M
current process commit charge ("private bytes"): 414M, peak: 414M

vm_info: Java HotSpot(TM) 64-Bit Server VM (11.0.17+10-LTS-269) for windows-amd64 JRE (11.0.17+10-LTS-269), built on Sep 13 2022 19:26:37 by "mach5one" with MS VC++ 15.9 (VS2017)

END.
