#
# A fatal error has been detected by the Java Runtime Environment:
#
#  EXCEPTION_ACCESS_VIOLATION (0xc0000005) at pc=0x00007ffba195ebae, pid=940, tid=6552
#
# JRE version: Java(TM) SE Runtime Environment 18.9 (11.0.17+10) (build 11.0.17+10-LTS-269)
# Java VM: Java HotSpot(TM) 64-Bit Server VM 18.9 (11.0.17+10-LTS-269, mixed mode, tiered, compressed oops, g1 gc, windows-amd64)
# Problematic frame:
# V  [jvm.dll+0x2aebae]
#
# No core dump will be written. Minidumps are not enabled by default on client versions of Windows
#
# If you would like to submit a bug report, please visit:
#   https://bugreport.java.com/bugreport/crash.jsp
#

---------------  S U M M A R Y ------------

Command Line: --add-opens=java.base/java.util=ALL-UNNAMED --add-opens=java.base/java.lang=ALL-UNNAMED --add-opens=java.base/java.lang.invoke=ALL-UNNAMED --add-opens=java.base/java.util=ALL-UNNAMED --add-opens=java.prefs/java.util.prefs=ALL-UNNAMED --add-opens=java.prefs/java.util.prefs=ALL-UNNAMED --add-opens=java.base/java.nio.charset=ALL-UNNAMED --add-opens=java.base/java.net=ALL-UNNAMED --add-opens=java.base/java.util.concurrent.atomic=ALL-UNNAMED -XX:MaxMetaspaceSize=256m -XX:+HeapDumpOnOutOfMemoryError -Xms256m -Xmx512m -Dfile.encoding=x-windows-949 -Duser.country=KR -Duser.language=ko -Duser.variant org.gradle.launcher.daemon.bootstrap.GradleDaemon 7.5

Host: Intel(R) Core(TM) i5-8250U CPU @ 1.60GHz, 8 cores, 15G,  Windows 10 , 64 bit Build 19041 (10.0.19041.2913)
Time: Thu Jun  1 17:46:03 2023  Windows 10 , 64 bit Build 19041 (10.0.19041.2913) elapsed time: 30.413750 seconds (0d 0h 0m 30s)

---------------  T H R E A D  ---------------

Current thread (0x000002c726f05800):  JavaThread "C2 CompilerThread0" daemon [_thread_in_native, id=6552, stack(0x000000c760f00000,0x000000c761000000)]


Current CompileTask:
C2:  30413 11069       4       com.sun.tools.javac.code.Symbol$ClassSymbol::flags (9 bytes)

Stack: [0x000000c760f00000,0x000000c761000000],  sp=0x000000c760ffb270,  free space=1004k
Native frames: (J=compiled Java code, j=interpreted, Vv=VM code, C=native code)
V  [jvm.dll+0x2aebae]
V  [jvm.dll+0x53e83b]
V  [jvm.dll+0x1fa3f9]
V  [jvm.dll+0x1f77dd]
V  [jvm.dll+0x177c91]
V  [jvm.dll+0x207296]
V  [jvm.dll+0x20542b]
V  [jvm.dll+0x72b2c0]
V  [jvm.dll+0x723e64]
V  [jvm.dll+0x62a485]
C  [ucrtbase.dll+0x21bb2]
C  [KERNEL32.DLL+0x17614]
C  [ntdll.dll+0x526a1]


siginfo: EXCEPTION_ACCESS_VIOLATION (0xc0000005), reading address 0x0000000000000010


Register to memory mapping:

RIP=0x00007ffba195ebae jvm.dll
RAX=0x0 is NULL
RBX=0x00000000000000e8 is an unknown value
RCX=0x000002c72df639e0 points into unknown readable memory: 0x0000000000000000 | 00 00 00 00 00 00 00 00
RDX=0x000002c731aacc90 points into unknown readable memory: 0x000002c72dd9fed0 | d0 fe d9 2d c7 02 00 00
RSP=0x000000c760ffb270 is pointing into the stack for thread: 0x000002c726f05800
RBP=0x000002c731a77220 points into unknown readable memory: 0x0000000000000000 | 00 00 00 00 00 00 00 00
RSI=0x0 is NULL
RDI=0x000000000000001d is an unknown value
R8 =0x000002c731a77220 points into unknown readable memory: 0x0000000000000000 | 00 00 00 00 00 00 00 00
R9 =0x000002c731aae720 points into unknown readable memory: 0x000002c72ac51c90 | 90 1c c5 2a c7 02 00 00
R10=0x0000000000000086 is an unknown value
R11=0x000002c731aacc40 points into unknown readable memory: 0x000002c72faef8c0 | c0 f8 ae 2f c7 02 00 00
R12=0x000002c72fa96620 points into unknown readable memory: 0x000002c731a77210 | 10 72 a7 31 c7 02 00 00
R13=0x000002c72faef8c0 points into unknown readable memory: 0x00007ffba1f22b10 | 10 2b f2 a1 fb 7f 00 00
R14=0x000002c731aacc40 points into unknown readable memory: 0x000002c72faef8c0 | c0 f8 ae 2f c7 02 00 00
R15=0x000002c7311e45d0 points into unknown readable memory: 0xffffffff00000001 | 01 00 00 00 ff ff ff ff


Registers:
RAX=0x0000000000000000, RBX=0x00000000000000e8, RCX=0x000002c72df639e0, RDX=0x000002c731aacc90
RSP=0x000000c760ffb270, RBP=0x000002c731a77220, RSI=0x0000000000000000, RDI=0x000000000000001d
R8 =0x000002c731a77220, R9 =0x000002c731aae720, R10=0x0000000000000086, R11=0x000002c731aacc40
R12=0x000002c72fa96620, R13=0x000002c72faef8c0, R14=0x000002c731aacc40, R15=0x000002c7311e45d0
RIP=0x00007ffba195ebae, EFLAGS=0x0000000000010202

Top of Stack: (sp=0x000000c760ffb270)
0x000000c760ffb270:   000002c731a77220 0000000000000000
0x000000c760ffb280:   000002c72de63960 000002c7311e45d0
0x000000c760ffb290:   000002c731aacc40 0000000000000ab9
0x000000c760ffb2a0:   000002c731a77220 000002c726604460
0x000000c760ffb2b0:   000002c72fa96620 000002c72faa1ef0
0x000000c760ffb2c0:   0000000000188cb0 000002c72faa1ef0
0x000000c760ffb2d0:   00007ffba1f6bbc0 000002c726604460
0x000000c760ffb2e0:   0000000000000200 000002c731fcc450
0x000000c760ffb2f0:   00000000121ac0a1 000002c726604460
0x000000c760ffb300:   000002c726602388 0000000000000018
0x000000c760ffb310:   000002c726602300 0000000000000029
0x000000c760ffb320:   000000c760ffc370 000000c760ffb440
0x000000c760ffb330:   0000000000000000 00007ffba1bee83b
0x000000c760ffb340:   000000c760ffc370 000000c700001129
0x000000c760ffb350:   000000c760ffc370 000002c7311e45d0
0x000000c760ffb360:   000002c726604460 000002c700002000 

Instructions: (pc=0x00007ffba195ebae)
0x00007ffba195eb8e:   00 00 8b c7 48 8d 1c c5 00 00 00 00 49 8b 45 08
0x00007ffba195eb9e:   48 8b 0c 03 48 85 c9 0f 84 8f 00 00 00 48 8b 01
0x00007ffba195ebae:   ff 50 10 84 c0 0f 84 81 00 00 00 49 8b 45 08 48
0x00007ffba195ebbe:   8b 0c 18 8b 41 28 41 8b 0c 87 83 f9 ff 74 6d 48 


Stack slot to memory mapping:
stack at sp + 0 slots: 0x000002c731a77220 points into unknown readable memory: 0x0000000000000000 | 00 00 00 00 00 00 00 00
stack at sp + 1 slots: 0x0 is NULL
stack at sp + 2 slots: 0x000002c72de63960 points into unknown readable memory: 0x00007ffba1f07448 | 48 74 f0 a1 fb 7f 00 00
stack at sp + 3 slots: 0x000002c7311e45d0 points into unknown readable memory: 0xffffffff00000001 | 01 00 00 00 ff ff ff ff
stack at sp + 4 slots: 0x000002c731aacc40 points into unknown readable memory: 0x000002c72faef8c0 | c0 f8 ae 2f c7 02 00 00
stack at sp + 5 slots: 0x0000000000000ab9 is an unknown value
stack at sp + 6 slots: 0x000002c731a77220 points into unknown readable memory: 0x0000000000000000 | 00 00 00 00 00 00 00 00
stack at sp + 7 slots: 0x000002c726604460 points into unknown readable memory: 0x0000000000000006 | 06 00 00 00 00 00 00 00


---------------  P R O C E S S  ---------------

Threads class SMR info:
_java_thread_list=0x000002c72ab0a740, length=142, elements={
0x000002c70be99000, 0x000002c7265f3800, 0x000002c7265fc800, 0x000002c726617000,
0x000002c726619000, 0x000002c726efa000, 0x000002c726f05800, 0x000002c726f0f000,
0x000002c72661d000, 0x000002c727080000, 0x000002c7293a2800, 0x000002c728d2d800,
0x000002c728a75000, 0x000002c7285c5000, 0x000002c72a180800, 0x000002c729457000,
0x000002c729458000, 0x000002c7289f8000, 0x000002c7289f9000, 0x000002c729f74000,
0x000002c729f70000, 0x000002c729f76800, 0x000002c729f72800, 0x000002c729f70800,
0x000002c729f71800, 0x000002c729f75800, 0x000002c729f73000, 0x000002c729f74800,
0x000002c729bf4800, 0x000002c729bf9800, 0x000002c729bf5000, 0x000002c729bf6000,
0x000002c729bf3800, 0x000002c729bf7800, 0x000002c72ab20000, 0x000002c72ab1c000,
0x000002c72ab21000, 0x000002c72ab1d800, 0x000002c72ab1b800, 0x000002c72ab1f800,
0x000002c72ab22000, 0x000002c72ab22800, 0x000002c72ab1d000, 0x000002c72ab23800,
0x000002c72ab24800, 0x000002c72ab1e800, 0x000002c72ab25000, 0x000002c72ab26800,
0x000002c72ab26000, 0x000002c72ab29000, 0x000002c72ab27800, 0x000002c72ab2a000,
0x000002c72ab28800, 0x000002c72c8ec000, 0x000002c72c8f0000, 0x000002c72c8ed000,
0x000002c72c8ee800, 0x000002c72c8ed800, 0x000002c72c8eb000, 0x000002c72c8ea800,
0x000002c72c8f1000, 0x000002c72c8f3800, 0x000002c72c8f5000, 0x000002c72c8ef800,
0x000002c72c8f6000, 0x000002c72c8f6800, 0x000002c72c8f2800, 0x000002c72c8f7800,
0x000002c72c8f1800, 0x000002c72c8f8800, 0x000002c72c8f9000, 0x000002c72a645800,
0x000002c72a648800, 0x000002c72a64c000, 0x000002c72a647000, 0x000002c72a646000,
0x000002c72a64a000, 0x000002c72a64c800, 0x000002c72a64d800, 0x000002c72a64b000,
0x000002c72a648000, 0x000002c72a64e800, 0x000002c72a64f000, 0x000002c72a649800,
0x000002c72a652800, 0x000002c72a650800, 0x000002c72a654000, 0x000002c72a650000,
0x000002c72a651800, 0x000002c72a653000, 0x000002c72746c800, 0x000002c72746e000,
0x000002c72746a000, 0x000002c72746f800, 0x000002c72746b800, 0x000002c72746f000,
0x000002c727470800, 0x000002c72746d000, 0x000002c72746b000, 0x000002c727474000,
0x000002c727473000, 0x000002c727474800, 0x000002c727471800, 0x000002c727475800,
0x000002c727476000, 0x000002c727477000, 0x000002c727478000, 0x000002c727472000,
0x000002c72ae04800, 0x000002c72ae05800, 0x000002c72ae01800, 0x000002c72ae00000,
0x000002c72ae06800, 0x000002c72ae00800, 0x000002c72ae04000, 0x000002c72ae07000,
0x000002c72ae03000, 0x000002c72ae08000, 0x000002c72ae02800, 0x000002c72ae0a800,
0x000002c72ae09800, 0x000002c72ae0d800, 0x000002c72ae0b800, 0x000002c72ae0e800,
0x000002c72ae0c000, 0x000002c72ae09000, 0x000002c72ae0d000, 0x000002c72d7ef800,
0x000002c72d7f1000, 0x000002c72d7f2000, 0x000002c72d7f3800, 0x000002c72d7f2800,
0x000002c72d7f4800, 0x000002c72d7ee800, 0x000002c72d7f6000, 0x000002c72d7f5000,
0x000002c72d7fa000, 0x000002c72d7fb800, 0x000002c72d7fc800, 0x000002c72d7f9800,
0x000002c726f0b000, 0x000002c72da7e800
}

Java Threads: ( => current thread )
  0x000002c70be99000 JavaThread "main" [_thread_blocked, id=9800, stack(0x000000c760300000,0x000000c760400000)]
  0x000002c7265f3800 JavaThread "Reference Handler" daemon [_thread_blocked, id=8928, stack(0x000000c760a00000,0x000000c760b00000)]
  0x000002c7265fc800 JavaThread "Finalizer" daemon [_thread_blocked, id=12028, stack(0x000000c760b00000,0x000000c760c00000)]
  0x000002c726617000 JavaThread "Signal Dispatcher" daemon [_thread_blocked, id=9304, stack(0x000000c760c00000,0x000000c760d00000)]
  0x000002c726619000 JavaThread "Attach Listener" daemon [_thread_blocked, id=13364, stack(0x000000c760d00000,0x000000c760e00000)]
  0x000002c726efa000 JavaThread "Service Thread" daemon [_thread_blocked, id=13560, stack(0x000000c760e00000,0x000000c760f00000)]
=>0x000002c726f05800 JavaThread "C2 CompilerThread0" daemon [_thread_in_native, id=6552, stack(0x000000c760f00000,0x000000c761000000)]
  0x000002c726f0f000 JavaThread "C1 CompilerThread0" daemon [_thread_blocked, id=11048, stack(0x000000c761000000,0x000000c761100000)]
  0x000002c72661d000 JavaThread "Sweeper thread" daemon [_thread_blocked, id=16292, stack(0x000000c761100000,0x000000c761200000)]
  0x000002c727080000 JavaThread "Common-Cleaner" daemon [_thread_blocked, id=360, stack(0x000000c761200000,0x000000c761300000)]
  0x000002c7293a2800 JavaThread "Daemon health stats" [_thread_blocked, id=17072, stack(0x000000c761b00000,0x000000c761c00000)]
  0x000002c728d2d800 JavaThread "Incoming local TCP Connector on port 63837" [_thread_in_native, id=8612, stack(0x000000c761400000,0x000000c761500000)]
  0x000002c728a75000 JavaThread "Daemon periodic checks" [_thread_blocked, id=8036, stack(0x000000c761a00000,0x000000c761b00000)]
  0x000002c7285c5000 JavaThread "Daemon" [_thread_blocked, id=1944, stack(0x000000c761c00000,0x000000c761d00000)]
  0x000002c72a180800 JavaThread "Handler for socket connection from /127.0.0.1:63837 to /127.0.0.1:63838" [_thread_in_native, id=3740, stack(0x000000c761d00000,0x000000c761e00000)]
  0x000002c729457000 JavaThread "Cancel handler" [_thread_blocked, id=8328, stack(0x000000c761e00000,0x000000c761f00000)]
  0x000002c729458000 JavaThread "Daemon worker" [_thread_blocked, id=11456, stack(0x000000c761f00000,0x000000c762000000)]
  0x000002c7289f8000 JavaThread "Asynchronous log dispatcher for DefaultDaemonConnection: socket connection from /127.0.0.1:63837 to /127.0.0.1:63838" [_thread_blocked, id=7828, stack(0x000000c762000000,0x000000c762100000)]
  0x000002c7289f9000 JavaThread "Stdin handler" [_thread_blocked, id=9348, stack(0x000000c762100000,0x000000c762200000)]
  0x000002c729f74000 JavaThread "Daemon client event forwarder" [_thread_blocked, id=916, stack(0x000000c762200000,0x000000c762300000)]
  0x000002c729f70000 JavaThread "Cache worker for journal cache (C:\Users\SonMinGyu\.gradle\caches\journal-1)" [_thread_blocked, id=8808, stack(0x000000c762400000,0x000000c762500000)]
  0x000002c729f76800 JavaThread "File lock request listener" [_thread_in_native, id=32, stack(0x000000c762700000,0x000000c762800000)]
  0x000002c729f72800 JavaThread "Cache worker for file hash cache (C:\Users\SonMinGyu\.gradle\caches\7.5\fileHashes)" [_thread_blocked, id=13092, stack(0x000000c762800000,0x000000c762900000)]
  0x000002c729f70800 JavaThread "File watcher server" daemon [_thread_in_native, id=15376, stack(0x000000c762a00000,0x000000c762b00000)]
  0x000002c729f71800 JavaThread "File watcher consumer" daemon [_thread_blocked, id=17040, stack(0x000000c762b00000,0x000000c762c00000)]
  0x000002c729f75800 JavaThread "Cache worker for checksums cache (C:\Users\SonMinGyu\KOING\Server\.gradle\7.5\checksums)" [_thread_blocked, id=1288, stack(0x000000c762c00000,0x000000c762d00000)]
  0x000002c729f73000 JavaThread "Cache worker for cache directory md-rule (C:\Users\SonMinGyu\.gradle\caches\7.5\md-rule)" [_thread_blocked, id=9476, stack(0x000000c762d00000,0x000000c762e00000)]
  0x000002c729f74800 JavaThread "Cache worker for file content cache (C:\Users\SonMinGyu\.gradle\caches\7.5\fileContent)" [_thread_blocked, id=4292, stack(0x000000c762e00000,0x000000c762f00000)]
  0x000002c729bf4800 JavaThread "Cache worker for file hash cache (C:\Users\SonMinGyu\KOING\Server\.gradle\7.5\fileHashes)" [_thread_blocked, id=6536, stack(0x000000c763000000,0x000000c763100000)]
  0x000002c729bf9800 JavaThread "Cache worker for cache directory md-supplier (C:\Users\SonMinGyu\.gradle\caches\7.5\md-supplier)" [_thread_blocked, id=3096, stack(0x000000c763100000,0x000000c763200000)]
  0x000002c729bf5000 JavaThread "Cache worker for execution history cache (C:\Users\SonMinGyu\.gradle\caches\7.5\executionHistory)" [_thread_blocked, id=17400, stack(0x000000c762f00000,0x000000c763000000)]
  0x000002c729bf6000 JavaThread "jar transforms" [_thread_blocked, id=11116, stack(0x000000c763200000,0x000000c763300000)]
  0x000002c729bf3800 JavaThread "jar transforms Thread 2" [_thread_blocked, id=6424, stack(0x000000c763300000,0x000000c763400000)]
  0x000002c729bf7800 JavaThread "jar transforms Thread 3" [_thread_blocked, id=8716, stack(0x000000c763500000,0x000000c763600000)]
  0x000002c72ab20000 JavaThread "jar transforms Thread 4" [_thread_blocked, id=5136, stack(0x000000c763600000,0x000000c763700000)]
  0x000002c72ab1c000 JavaThread "jar transforms Thread 5" [_thread_blocked, id=328, stack(0x000000c763700000,0x000000c763800000)]
  0x000002c72ab21000 JavaThread "jar transforms Thread 6" [_thread_blocked, id=16660, stack(0x000000c763800000,0x000000c763900000)]
  0x000002c72ab1d800 JavaThread "jar transforms Thread 7" [_thread_blocked, id=4900, stack(0x000000c763900000,0x000000c763a00000)]
  0x000002c72ab1b800 JavaThread "jar transforms Thread 8" [_thread_blocked, id=14396, stack(0x000000c763a00000,0x000000c763b00000)]
  0x000002c72ab1f800 JavaThread "Cache worker for dependencies-accessors (C:\Users\SonMinGyu\KOING\Server\.gradle\7.5\dependencies-accessors)" [_thread_blocked, id=15720, stack(0x000000c763b00000,0x000000c763c00000)]
  0x000002c72ab22000 JavaThread "Cache worker for Build Output Cleanup Cache (C:\Users\SonMinGyu\KOING\Server\.gradle\buildOutputCleanup)" [_thread_blocked, id=2704, stack(0x000000c762300000,0x000000c762400000)]
  0x000002c72ab22800 JavaThread "Unconstrained build operations" [_thread_blocked, id=1752, stack(0x000000c763d00000,0x000000c763e00000)]
  0x000002c72ab1d000 JavaThread "Unconstrained build operations Thread 2" [_thread_blocked, id=14484, stack(0x000000c763e00000,0x000000c763f00000)]
  0x000002c72ab23800 JavaThread "Unconstrained build operations Thread 3" [_thread_blocked, id=17048, stack(0x000000c763f00000,0x000000c764000000)]
  0x000002c72ab24800 JavaThread "Unconstrained build operations Thread 4" [_thread_blocked, id=15736, stack(0x000000c764000000,0x000000c764100000)]
  0x000002c72ab1e800 JavaThread "Unconstrained build operations Thread 5" [_thread_blocked, id=1020, stack(0x000000c764100000,0x000000c764200000)]
  0x000002c72ab25000 JavaThread "Unconstrained build operations Thread 6" [_thread_blocked, id=15924, stack(0x000000c764200000,0x000000c764300000)]
  0x000002c72ab26800 JavaThread "Unconstrained build operations Thread 7" [_thread_blocked, id=8168, stack(0x000000c764300000,0x000000c764400000)]
  0x000002c72ab26000 JavaThread "Unconstrained build operations Thread 8" [_thread_blocked, id=5756, stack(0x000000c764400000,0x000000c764500000)]
  0x000002c72ab29000 JavaThread "Unconstrained build operations Thread 9" [_thread_blocked, id=10936, stack(0x000000c764500000,0x000000c764600000)]
  0x000002c72ab27800 JavaThread "Unconstrained build operations Thread 10" [_thread_blocked, id=16756, stack(0x000000c764600000,0x000000c764700000)]
  0x000002c72ab2a000 JavaThread "Unconstrained build operations Thread 11" [_thread_blocked, id=3112, stack(0x000000c764700000,0x000000c764800000)]
  0x000002c72ab28800 JavaThread "Unconstrained build operations Thread 12" [_thread_blocked, id=13168, stack(0x000000c764800000,0x000000c764900000)]
  0x000002c72c8ec000 JavaThread "Unconstrained build operations Thread 13" [_thread_blocked, id=1876, stack(0x000000c764900000,0x000000c764a00000)]
  0x000002c72c8f0000 JavaThread "Unconstrained build operations Thread 14" [_thread_blocked, id=15644, stack(0x000000c764a00000,0x000000c764b00000)]
  0x000002c72c8ed000 JavaThread "Unconstrained build operations Thread 15" [_thread_blocked, id=15948, stack(0x000000c764b00000,0x000000c764c00000)]
  0x000002c72c8ee800 JavaThread "Unconstrained build operations Thread 16" [_thread_blocked, id=17064, stack(0x000000c764c00000,0x000000c764d00000)]
  0x000002c72c8ed800 JavaThread "Unconstrained build operations Thread 17" [_thread_blocked, id=6556, stack(0x000000c764d00000,0x000000c764e00000)]
  0x000002c72c8eb000 JavaThread "Unconstrained build operations Thread 18" [_thread_blocked, id=12712, stack(0x000000c764e00000,0x000000c764f00000)]
  0x000002c72c8ea800 JavaThread "Unconstrained build operations Thread 19" [_thread_blocked, id=9008, stack(0x000000c764f00000,0x000000c765000000)]
  0x000002c72c8f1000 JavaThread "Unconstrained build operations Thread 20" [_thread_blocked, id=9068, stack(0x000000c765000000,0x000000c765100000)]
  0x000002c72c8f3800 JavaThread "Memory manager" [_thread_blocked, id=1600, stack(0x000000c765100000,0x000000c765200000)]
  0x000002c72c8f5000 JavaThread "included builds" [_thread_blocked, id=4072, stack(0x000000c765200000,0x000000c765300000)]
  0x000002c72c8ef800 JavaThread "Execution worker" [_thread_blocked, id=4936, stack(0x000000c765300000,0x000000c765400000)]
  0x000002c72c8f6000 JavaThread "Execution worker Thread 2" [_thread_in_Java, id=15560, stack(0x000000c765400000,0x000000c765500000)]
  0x000002c72c8f6800 JavaThread "Execution worker Thread 3" [_thread_blocked, id=17084, stack(0x000000c765500000,0x000000c765600000)]
  0x000002c72c8f2800 JavaThread "Execution worker Thread 4" [_thread_blocked, id=14112, stack(0x000000c765600000,0x000000c765700000)]
  0x000002c72c8f7800 JavaThread "Execution worker Thread 5" [_thread_blocked, id=11936, stack(0x000000c765700000,0x000000c765800000)]
  0x000002c72c8f1800 JavaThread "Execution worker Thread 6" [_thread_blocked, id=13708, stack(0x000000c765800000,0x000000c765900000)]
  0x000002c72c8f8800 JavaThread "Execution worker Thread 7" [_thread_blocked, id=12092, stack(0x000000c765900000,0x000000c765a00000)]
  0x000002c72c8f9000 JavaThread "Cache worker for execution history cache (C:\Users\SonMinGyu\KOING\Server\.gradle\7.5\executionHistory)" [_thread_blocked, id=15864, stack(0x000000c765a00000,0x000000c765b00000)]
  0x000002c72a645800 JavaThread "Unconstrained build operations Thread 21" [_thread_blocked, id=3124, stack(0x000000c765b00000,0x000000c765c00000)]
  0x000002c72a648800 JavaThread "Unconstrained build operations Thread 22" [_thread_blocked, id=13824, stack(0x000000c765c00000,0x000000c765d00000)]
  0x000002c72a64c000 JavaThread "Unconstrained build operations Thread 23" [_thread_blocked, id=15816, stack(0x000000c765d00000,0x000000c765e00000)]
  0x000002c72a647000 JavaThread "Unconstrained build operations Thread 24" [_thread_blocked, id=15664, stack(0x000000c765e00000,0x000000c765f00000)]
  0x000002c72a646000 JavaThread "Unconstrained build operations Thread 25" [_thread_blocked, id=4312, stack(0x000000c765f00000,0x000000c766000000)]
  0x000002c72a64a000 JavaThread "Unconstrained build operations Thread 26" [_thread_blocked, id=13636, stack(0x000000c766000000,0x000000c766100000)]
  0x000002c72a64c800 JavaThread "Unconstrained build operations Thread 27" [_thread_blocked, id=11792, stack(0x000000c766100000,0x000000c766200000)]
  0x000002c72a64d800 JavaThread "Unconstrained build operations Thread 28" [_thread_blocked, id=11480, stack(0x000000c766200000,0x000000c766300000)]
  0x000002c72a64b000 JavaThread "Unconstrained build operations Thread 29" [_thread_blocked, id=6960, stack(0x000000c766300000,0x000000c766400000)]
  0x000002c72a648000 JavaThread "Unconstrained build operations Thread 30" [_thread_blocked, id=12776, stack(0x000000c766400000,0x000000c766500000)]
  0x000002c72a64e800 JavaThread "Unconstrained build operations Thread 31" [_thread_blocked, id=7360, stack(0x000000c766500000,0x000000c766600000)]
  0x000002c72a64f000 JavaThread "Unconstrained build operations Thread 32" [_thread_blocked, id=7776, stack(0x000000c766600000,0x000000c766700000)]
  0x000002c72a649800 JavaThread "Unconstrained build operations Thread 33" [_thread_blocked, id=11372, stack(0x000000c766700000,0x000000c766800000)]
  0x000002c72a652800 JavaThread "Unconstrained build operations Thread 34" [_thread_blocked, id=5104, stack(0x000000c766800000,0x000000c766900000)]
  0x000002c72a650800 JavaThread "Unconstrained build operations Thread 35" [_thread_blocked, id=16360, stack(0x000000c766900000,0x000000c766a00000)]
  0x000002c72a654000 JavaThread "Unconstrained build operations Thread 36" [_thread_blocked, id=9776, stack(0x000000c766a00000,0x000000c766b00000)]
  0x000002c72a650000 JavaThread "Unconstrained build operations Thread 37" [_thread_blocked, id=11956, stack(0x000000c766b00000,0x000000c766c00000)]
  0x000002c72a651800 JavaThread "Unconstrained build operations Thread 38" [_thread_blocked, id=8448, stack(0x000000c766c00000,0x000000c766d00000)]
  0x000002c72a653000 JavaThread "Unconstrained build operations Thread 39" [_thread_blocked, id=3600, stack(0x000000c766d00000,0x000000c766e00000)]
  0x000002c72746c800 JavaThread "Unconstrained build operations Thread 40" [_thread_blocked, id=17328, stack(0x000000c766e00000,0x000000c766f00000)]
  0x000002c72746e000 JavaThread "Unconstrained build operations Thread 41" [_thread_blocked, id=8208, stack(0x000000c766f00000,0x000000c767000000)]
  0x000002c72746a000 JavaThread "Unconstrained build operations Thread 42" [_thread_blocked, id=17256, stack(0x000000c767000000,0x000000c767100000)]
  0x000002c72746f800 JavaThread "Unconstrained build operations Thread 43" [_thread_blocked, id=15548, stack(0x000000c767100000,0x000000c767200000)]
  0x000002c72746b800 JavaThread "Unconstrained build operations Thread 44" [_thread_blocked, id=11880, stack(0x000000c767200000,0x000000c767300000)]
  0x000002c72746f000 JavaThread "Unconstrained build operations Thread 45" [_thread_blocked, id=4720, stack(0x000000c767300000,0x000000c767400000)]
  0x000002c727470800 JavaThread "Unconstrained build operations Thread 46" [_thread_blocked, id=3100, stack(0x000000c767400000,0x000000c767500000)]
  0x000002c72746d000 JavaThread "Unconstrained build operations Thread 47" [_thread_blocked, id=16792, stack(0x000000c767500000,0x000000c767600000)]
  0x000002c72746b000 JavaThread "Unconstrained build operations Thread 48" [_thread_blocked, id=10292, stack(0x000000c767600000,0x000000c767700000)]
  0x000002c727474000 JavaThread "Unconstrained build operations Thread 49" [_thread_blocked, id=12592, stack(0x000000c767700000,0x000000c767800000)]
  0x000002c727473000 JavaThread "Unconstrained build operations Thread 50" [_thread_blocked, id=1676, stack(0x000000c767800000,0x000000c767900000)]
  0x000002c727474800 JavaThread "Unconstrained build operations Thread 51" [_thread_blocked, id=15432, stack(0x000000c767900000,0x000000c767a00000)]
  0x000002c727471800 JavaThread "Unconstrained build operations Thread 52" [_thread_blocked, id=6428, stack(0x000000c767a00000,0x000000c767b00000)]
  0x000002c727475800 JavaThread "Unconstrained build operations Thread 53" [_thread_blocked, id=15956, stack(0x000000c767b00000,0x000000c767c00000)]
  0x000002c727476000 JavaThread "Unconstrained build operations Thread 54" [_thread_blocked, id=14896, stack(0x000000c767c00000,0x000000c767d00000)]
  0x000002c727477000 JavaThread "Unconstrained build operations Thread 55" [_thread_blocked, id=16508, stack(0x000000c767d00000,0x000000c767e00000)]
  0x000002c727478000 JavaThread "Unconstrained build operations Thread 56" [_thread_blocked, id=8188, stack(0x000000c767e00000,0x000000c767f00000)]
  0x000002c727472000 JavaThread "Unconstrained build operations Thread 57" [_thread_blocked, id=16348, stack(0x000000c767f00000,0x000000c768000000)]
  0x000002c72ae04800 JavaThread "Unconstrained build operations Thread 58" [_thread_blocked, id=9904, stack(0x000000c768000000,0x000000c768100000)]
  0x000002c72ae05800 JavaThread "Unconstrained build operations Thread 59" [_thread_blocked, id=14664, stack(0x000000c768100000,0x000000c768200000)]
  0x000002c72ae01800 JavaThread "Unconstrained build operations Thread 60" [_thread_blocked, id=14532, stack(0x000000c768200000,0x000000c768300000)]
  0x000002c72ae00000 JavaThread "Unconstrained build operations Thread 61" [_thread_blocked, id=15700, stack(0x000000c768300000,0x000000c768400000)]
  0x000002c72ae06800 JavaThread "Unconstrained build operations Thread 62" [_thread_blocked, id=17096, stack(0x000000c768400000,0x000000c768500000)]
  0x000002c72ae00800 JavaThread "Unconstrained build operations Thread 63" [_thread_blocked, id=10088, stack(0x000000c768500000,0x000000c768600000)]
  0x000002c72ae04000 JavaThread "Unconstrained build operations Thread 64" [_thread_blocked, id=10944, stack(0x000000c768600000,0x000000c768700000)]
  0x000002c72ae07000 JavaThread "Unconstrained build operations Thread 65" [_thread_blocked, id=15808, stack(0x000000c768700000,0x000000c768800000)]
  0x000002c72ae03000 JavaThread "Unconstrained build operations Thread 66" [_thread_blocked, id=12844, stack(0x000000c768800000,0x000000c768900000)]
  0x000002c72ae08000 JavaThread "Unconstrained build operations Thread 67" [_thread_blocked, id=12292, stack(0x000000c768900000,0x000000c768a00000)]
  0x000002c72ae02800 JavaThread "Unconstrained build operations Thread 68" [_thread_blocked, id=15352, stack(0x000000c768a00000,0x000000c768b00000)]
  0x000002c72ae0a800 JavaThread "Unconstrained build operations Thread 69" [_thread_blocked, id=9580, stack(0x000000c768b00000,0x000000c768c00000)]
  0x000002c72ae09800 JavaThread "Unconstrained build operations Thread 70" [_thread_blocked, id=15636, stack(0x000000c768c00000,0x000000c768d00000)]
  0x000002c72ae0d800 JavaThread "Unconstrained build operations Thread 71" [_thread_blocked, id=14684, stack(0x000000c768d00000,0x000000c768e00000)]
  0x000002c72ae0b800 JavaThread "Unconstrained build operations Thread 72" [_thread_blocked, id=16828, stack(0x000000c768e00000,0x000000c768f00000)]
  0x000002c72ae0e800 JavaThread "Unconstrained build operations Thread 73" [_thread_blocked, id=9708, stack(0x000000c768f00000,0x000000c769000000)]
  0x000002c72ae0c000 JavaThread "Unconstrained build operations Thread 74" [_thread_blocked, id=4296, stack(0x000000c769000000,0x000000c769100000)]
  0x000002c72ae09000 JavaThread "Unconstrained build operations Thread 75" [_thread_blocked, id=2872, stack(0x000000c769100000,0x000000c769200000)]
  0x000002c72ae0d000 JavaThread "Unconstrained build operations Thread 76" [_thread_blocked, id=6580, stack(0x000000c769200000,0x000000c769300000)]
  0x000002c72d7ef800 JavaThread "Unconstrained build operations Thread 77" [_thread_blocked, id=16048, stack(0x000000c769300000,0x000000c769400000)]
  0x000002c72d7f1000 JavaThread "Unconstrained build operations Thread 78" [_thread_blocked, id=2836, stack(0x000000c769400000,0x000000c769500000)]
  0x000002c72d7f2000 JavaThread "Unconstrained build operations Thread 79" [_thread_blocked, id=12036, stack(0x000000c769500000,0x000000c769600000)]
  0x000002c72d7f3800 JavaThread "Unconstrained build operations Thread 80" [_thread_blocked, id=14032, stack(0x000000c769600000,0x000000c769700000)]
  0x000002c72d7f2800 JavaThread "Cache worker for Java compile cache (C:\Users\SonMinGyu\.gradle\caches\7.5\javaCompile)" [_thread_blocked, id=16124, stack(0x000000c769700000,0x000000c769800000)]
  0x000002c72d7f4800 JavaThread "Build operations" [_thread_blocked, id=10304, stack(0x000000c769800000,0x000000c769900000)]
  0x000002c72d7ee800 JavaThread "Build operations Thread 2" [_thread_blocked, id=13536, stack(0x000000c769900000,0x000000c769a00000)]
  0x000002c72d7f6000 JavaThread "Build operations Thread 3" [_thread_blocked, id=9828, stack(0x000000c769a00000,0x000000c769b00000)]
  0x000002c72d7f5000 JavaThread "Build operations Thread 4" [_thread_blocked, id=10408, stack(0x000000c769b00000,0x000000c769c00000)]
  0x000002c72d7fa000 JavaThread "Build operations Thread 5" [_thread_blocked, id=5184, stack(0x000000c769c00000,0x000000c769d00000)]
  0x000002c72d7fb800 JavaThread "Build operations Thread 6" [_thread_blocked, id=16284, stack(0x000000c769d00000,0x000000c769e00000)]
  0x000002c72d7fc800 JavaThread "Build operations Thread 7" [_thread_blocked, id=7124, stack(0x000000c769e00000,0x000000c769f00000)]
  0x000002c72d7f9800 JavaThread "Build operations Thread 8" [_thread_blocked, id=5780, stack(0x000000c769f00000,0x000000c76a000000)]
  0x000002c726f0b000 JavaThread "C2 CompilerThread1" daemon [_thread_in_native, id=1460, stack(0x000000c763400000,0x000000c763500000)]
  0x000002c72da7e800 JavaThread "C2 CompilerThread2" daemon [_thread_in_native, id=9836, stack(0x000000c763c00000,0x000000c763d00000)]

Other Threads:
  0x000002c7265ce800 VMThread "VM Thread" [stack: 0x000000c760900000,0x000000c760a00000] [id=3252]
  0x000002c7270f7800 WatcherThread [stack: 0x000000c761300000,0x000000c761400000] [id=7868]
  0x000002c70beaf000 GCTaskThread "GC Thread#0" [stack: 0x000000c760400000,0x000000c760500000] [id=10784]
  0x000002c7284d9800 GCTaskThread "GC Thread#1" [stack: 0x000000c761500000,0x000000c761600000] [id=11928]
  0x000002c727d5e800 GCTaskThread "GC Thread#2" [stack: 0x000000c761600000,0x000000c761700000] [id=16344]
  0x000002c727bbd800 GCTaskThread "GC Thread#3" [stack: 0x000000c761700000,0x000000c761800000] [id=8588]
  0x000002c728368000 GCTaskThread "GC Thread#4" [stack: 0x000000c761800000,0x000000c761900000] [id=12864]
  0x000002c72852d000 GCTaskThread "GC Thread#5" [stack: 0x000000c761900000,0x000000c761a00000] [id=4092]
  0x000002c727bac000 GCTaskThread "GC Thread#6" [stack: 0x000000c762500000,0x000000c762600000] [id=15456]
  0x000002c729802000 GCTaskThread "GC Thread#7" [stack: 0x000000c762600000,0x000000c762700000] [id=7748]
  0x000002c70bec3800 ConcurrentGCThread "G1 Main Marker" [stack: 0x000000c760500000,0x000000c760600000] [id=10712]
  0x000002c70bec5000 ConcurrentGCThread "G1 Conc#0" [stack: 0x000000c760600000,0x000000c760700000] [id=16268]
  0x000002c7282b0000 ConcurrentGCThread "G1 Conc#1" [stack: 0x000000c762900000,0x000000c762a00000] [id=15964]
  0x000002c726466800 ConcurrentGCThread "G1 Refine#0" [stack: 0x000000c760700000,0x000000c760800000] [id=12156]
  0x000002c72c467800 ConcurrentGCThread "G1 Refine#1" [stack: 0x000000c76a000000,0x000000c76a100000] [id=15064]
  0x000002c72fccc800 ConcurrentGCThread "G1 Refine#2" [stack: 0x000000c76a100000,0x000000c76a200000] [id=12720]
  0x000002c72e288800 ConcurrentGCThread "G1 Refine#3" [stack: 0x000000c76a200000,0x000000c76a300000] [id=16264]
  0x000002c72df43800 ConcurrentGCThread "G1 Refine#4" [stack: 0x000000c76a300000,0x000000c76a400000] [id=14368]
  0x000002c72cfec000 ConcurrentGCThread "G1 Refine#5" [stack: 0x000000c76a400000,0x000000c76a500000] [id=15596]
  0x000002c726467000 ConcurrentGCThread "G1 Young RemSet Sampling" [stack: 0x000000c760800000,0x000000c760900000] [id=15468]

Threads with active compile tasks:
C2 CompilerThread0    30655 11069       4       com.sun.tools.javac.code.Symbol$ClassSymbol::flags (9 bytes)
C2 CompilerThread1    30655 11311  s!   4       jdk.internal.loader.URLClassPath::getLoader (194 bytes)
C2 CompilerThread2    30655 10797   !   4       com.sun.tools.javac.code.Symbol$ClassSymbol::complete (52 bytes)

VM state:not at safepoint (normal execution)

VM Mutex/Monitor currently owned by a thread: None

Heap address: 0x00000000e0000000, size: 512 MB, Compressed Oops mode: 32-bit
Narrow klass base: 0x0000000000000000, Narrow klass shift: 3
Compressed class space size: 260046848 Address: 0x0000000100000000

Heap:
 garbage-first heap   total 262144K, used 130048K [0x00000000e0000000, 0x0000000100000000)
  region size 1024K, 37 young (37888K), 16 survivors (16384K)
 Metaspace       used 70039K, capacity 72525K, committed 72652K, reserved 317440K
  class space    used 8978K, capacity 9920K, committed 9932K, reserved 253952K
Heap Regions: E=young(eden), S=young(survivor), O=old, HS=humongous(starts), HC=humongous(continues), CS=collection set, F=free, A=archive, TAMS=top-at-mark-start (previous, next)
|   0|0x00000000e0000000, 0x00000000e0100000, 0x00000000e0100000|100%| O|  |TAMS 0x00000000e0100000, 0x00000000e0000000| Untracked 
|   1|0x00000000e0100000, 0x00000000e0200000, 0x00000000e0200000|100%| O|  |TAMS 0x00000000e0200000, 0x00000000e0100000| Untracked 
|   2|0x00000000e0200000, 0x00000000e0300000, 0x00000000e0300000|100%| O|  |TAMS 0x00000000e0300000, 0x00000000e0200000| Untracked 
|   3|0x00000000e0300000, 0x00000000e0400000, 0x00000000e0400000|100%|HS|  |TAMS 0x00000000e0400000, 0x00000000e0300000| Complete 
|   4|0x00000000e0400000, 0x00000000e0500000, 0x00000000e0500000|100%|HC|  |TAMS 0x00000000e0500000, 0x00000000e0400000| Complete 
|   5|0x00000000e0500000, 0x00000000e0600000, 0x00000000e0600000|100%|HC|  |TAMS 0x00000000e0600000, 0x00000000e0500000| Complete 
|   6|0x00000000e0600000, 0x00000000e0700000, 0x00000000e0700000|100%| O|  |TAMS 0x00000000e0700000, 0x00000000e0600000| Untracked 
|   7|0x00000000e0700000, 0x00000000e0800000, 0x00000000e0800000|100%| O|  |TAMS 0x00000000e0800000, 0x00000000e0700000| Untracked 
|   8|0x00000000e0800000, 0x00000000e0900000, 0x00000000e0900000|100%| O|  |TAMS 0x00000000e0900000, 0x00000000e0800000| Untracked 
|   9|0x00000000e0900000, 0x00000000e0a00000, 0x00000000e0a00000|100%| O|  |TAMS 0x00000000e0a00000, 0x00000000e0900000| Untracked 
|  10|0x00000000e0a00000, 0x00000000e0b00000, 0x00000000e0b00000|100%| O|  |TAMS 0x00000000e0b00000, 0x00000000e0a00000| Untracked 
|  11|0x00000000e0b00000, 0x00000000e0c00000, 0x00000000e0c00000|100%| O|  |TAMS 0x00000000e0c00000, 0x00000000e0b00000| Untracked 
|  12|0x00000000e0c00000, 0x00000000e0d00000, 0x00000000e0d00000|100%| O|  |TAMS 0x00000000e0d00000, 0x00000000e0c00000| Untracked 
|  13|0x00000000e0d00000, 0x00000000e0e00000, 0x00000000e0e00000|100%| O|  |TAMS 0x00000000e0e00000, 0x00000000e0d00000| Untracked 
|  14|0x00000000e0e00000, 0x00000000e0f00000, 0x00000000e0f00000|100%| O|  |TAMS 0x00000000e0f00000, 0x00000000e0e00000| Untracked 
|  15|0x00000000e0f00000, 0x00000000e1000000, 0x00000000e1000000|100%| O|  |TAMS 0x00000000e1000000, 0x00000000e0f00000| Untracked 
|  16|0x00000000e1000000, 0x00000000e1100000, 0x00000000e1100000|100%| O|  |TAMS 0x00000000e106ee00, 0x00000000e1000000| Untracked 
|  17|0x00000000e1100000, 0x00000000e1200000, 0x00000000e1200000|100%| O|  |TAMS 0x00000000e1100000, 0x00000000e1100000| Untracked 
|  18|0x00000000e1200000, 0x00000000e1300000, 0x00000000e1300000|100%| O|  |TAMS 0x00000000e1200000, 0x00000000e1200000| Untracked 
|  19|0x00000000e1300000, 0x00000000e1400000, 0x00000000e1400000|100%| O|  |TAMS 0x00000000e1300000, 0x00000000e1300000| Untracked 
|  20|0x00000000e1400000, 0x00000000e1500000, 0x00000000e1500000|100%| O|  |TAMS 0x00000000e1400000, 0x00000000e1400000| Untracked 
|  21|0x00000000e1500000, 0x00000000e1600000, 0x00000000e1600000|100%| O|  |TAMS 0x00000000e1500000, 0x00000000e1500000| Untracked 
|  22|0x00000000e1600000, 0x00000000e1700000, 0x00000000e1700000|100%| O|  |TAMS 0x00000000e1600000, 0x00000000e1600000| Untracked 
|  23|0x00000000e1700000, 0x00000000e1800000, 0x00000000e1800000|100%| O|  |TAMS 0x00000000e1700000, 0x00000000e1700000| Untracked 
|  24|0x00000000e1800000, 0x00000000e1900000, 0x00000000e1900000|100%| O|  |TAMS 0x00000000e1800000, 0x00000000e1800000| Untracked 
|  25|0x00000000e1900000, 0x00000000e1a00000, 0x00000000e1a00000|100%| O|  |TAMS 0x00000000e1900000, 0x00000000e1900000| Untracked 
|  26|0x00000000e1a00000, 0x00000000e1b00000, 0x00000000e1b00000|100%| O|  |TAMS 0x00000000e1a00000, 0x00000000e1a00000| Untracked 
|  27|0x00000000e1b00000, 0x00000000e1c00000, 0x00000000e1c00000|100%| O|  |TAMS 0x00000000e1b00000, 0x00000000e1b00000| Untracked 
|  28|0x00000000e1c00000, 0x00000000e1d00000, 0x00000000e1d00000|100%| O|  |TAMS 0x00000000e1c00000, 0x00000000e1c00000| Untracked 
|  29|0x00000000e1d00000, 0x00000000e1e00000, 0x00000000e1e00000|100%| O|  |TAMS 0x00000000e1d00000, 0x00000000e1d00000| Untracked 
|  30|0x00000000e1e00000, 0x00000000e1f00000, 0x00000000e1f00000|100%| O|  |TAMS 0x00000000e1e00000, 0x00000000e1e00000| Untracked 
|  31|0x00000000e1f00000, 0x00000000e2000000, 0x00000000e2000000|100%| O|  |TAMS 0x00000000e1f00000, 0x00000000e1f00000| Untracked 
|  32|0x00000000e2000000, 0x00000000e2100000, 0x00000000e2100000|100%| O|  |TAMS 0x00000000e2000000, 0x00000000e2000000| Untracked 
|  33|0x00000000e2100000, 0x00000000e2200000, 0x00000000e2200000|100%| O|  |TAMS 0x00000000e2100000, 0x00000000e2100000| Untracked 
|  34|0x00000000e2200000, 0x00000000e2300000, 0x00000000e2300000|100%| O|  |TAMS 0x00000000e2200000, 0x00000000e2200000| Untracked 
|  35|0x00000000e2300000, 0x00000000e2400000, 0x00000000e2400000|100%| O|  |TAMS 0x00000000e2300000, 0x00000000e2300000| Untracked 
|  36|0x00000000e2400000, 0x00000000e2500000, 0x00000000e2500000|100%| O|  |TAMS 0x00000000e2400000, 0x00000000e2400000| Untracked 
|  37|0x00000000e2500000, 0x00000000e2600000, 0x00000000e2600000|100%| O|  |TAMS 0x00000000e2500000, 0x00000000e2500000| Untracked 
|  38|0x00000000e2600000, 0x00000000e2700000, 0x00000000e2700000|100%| O|  |TAMS 0x00000000e2600000, 0x00000000e2600000| Untracked 
|  39|0x00000000e2700000, 0x00000000e2800000, 0x00000000e2800000|100%| O|  |TAMS 0x00000000e2700000, 0x00000000e2700000| Untracked 
|  40|0x00000000e2800000, 0x00000000e2900000, 0x00000000e2900000|100%| O|  |TAMS 0x00000000e2800000, 0x00000000e2800000| Untracked 
|  41|0x00000000e2900000, 0x00000000e2a00000, 0x00000000e2a00000|100%| O|  |TAMS 0x00000000e2900000, 0x00000000e2900000| Untracked 
|  42|0x00000000e2a00000, 0x00000000e2b00000, 0x00000000e2b00000|100%| O|  |TAMS 0x00000000e2a00000, 0x00000000e2a00000| Untracked 
|  43|0x00000000e2b00000, 0x00000000e2c00000, 0x00000000e2c00000|100%| O|  |TAMS 0x00000000e2b00000, 0x00000000e2b00000| Untracked 
|  44|0x00000000e2c00000, 0x00000000e2d00000, 0x00000000e2d00000|100%| O|  |TAMS 0x00000000e2c00000, 0x00000000e2c00000| Untracked 
|  45|0x00000000e2d00000, 0x00000000e2e00000, 0x00000000e2e00000|100%| O|  |TAMS 0x00000000e2d00000, 0x00000000e2d00000| Untracked 
|  46|0x00000000e2e00000, 0x00000000e2f00000, 0x00000000e2f00000|100%| O|  |TAMS 0x00000000e2e00000, 0x00000000e2e00000| Untracked 
|  47|0x00000000e2f00000, 0x00000000e3000000, 0x00000000e3000000|100%|HS|  |TAMS 0x00000000e2f00000, 0x00000000e2f00000| Complete 
|  48|0x00000000e3000000, 0x00000000e3100000, 0x00000000e3100000|100%|HS|  |TAMS 0x00000000e3000000, 0x00000000e3000000| Complete 
|  49|0x00000000e3100000, 0x00000000e3200000, 0x00000000e3200000|100%| O|  |TAMS 0x00000000e3100000, 0x00000000e3100000| Untracked 
|  50|0x00000000e3200000, 0x00000000e3300000, 0x00000000e3300000|100%| O|  |TAMS 0x00000000e3200000, 0x00000000e3200000| Untracked 
|  51|0x00000000e3300000, 0x00000000e3400000, 0x00000000e3400000|100%| O|  |TAMS 0x00000000e3300000, 0x00000000e3300000| Untracked 
|  52|0x00000000e3400000, 0x00000000e3500000, 0x00000000e3500000|100%| O|  |TAMS 0x00000000e3400000, 0x00000000e3400000| Untracked 
|  53|0x00000000e3500000, 0x00000000e3600000, 0x00000000e3600000|100%| O|  |TAMS 0x00000000e3500000, 0x00000000e3500000| Untracked 
|  54|0x00000000e3600000, 0x00000000e3700000, 0x00000000e3700000|100%| O|  |TAMS 0x00000000e3600000, 0x00000000e3600000| Untracked 
|  55|0x00000000e3700000, 0x00000000e3800000, 0x00000000e3800000|100%| O|  |TAMS 0x00000000e3700000, 0x00000000e3700000| Untracked 
|  56|0x00000000e3800000, 0x00000000e3900000, 0x00000000e3900000|100%| O|  |TAMS 0x00000000e3800000, 0x00000000e3800000| Untracked 
|  57|0x00000000e3900000, 0x00000000e3a00000, 0x00000000e3a00000|100%| O|  |TAMS 0x00000000e3900000, 0x00000000e3900000| Untracked 
|  58|0x00000000e3a00000, 0x00000000e3b00000, 0x00000000e3b00000|100%| O|  |TAMS 0x00000000e3a00000, 0x00000000e3a00000| Untracked 
|  59|0x00000000e3b00000, 0x00000000e3c00000, 0x00000000e3c00000|100%| O|  |TAMS 0x00000000e3b00000, 0x00000000e3b00000| Untracked 
|  60|0x00000000e3c00000, 0x00000000e3d00000, 0x00000000e3d00000|100%| O|  |TAMS 0x00000000e3c00000, 0x00000000e3c00000| Untracked 
|  61|0x00000000e3d00000, 0x00000000e3e00000, 0x00000000e3e00000|100%| O|  |TAMS 0x00000000e3d00000, 0x00000000e3d00000| Untracked 
|  62|0x00000000e3e00000, 0x00000000e3f00000, 0x00000000e3f00000|100%| O|  |TAMS 0x00000000e3e00000, 0x00000000e3e00000| Untracked 
|  63|0x00000000e3f00000, 0x00000000e4000000, 0x00000000e4000000|100%| O|  |TAMS 0x00000000e3f00000, 0x00000000e3f00000| Untracked 
|  64|0x00000000e4000000, 0x00000000e4100000, 0x00000000e4100000|100%| O|  |TAMS 0x00000000e4000000, 0x00000000e4000000| Untracked 
|  65|0x00000000e4100000, 0x00000000e4200000, 0x00000000e4200000|100%| O|  |TAMS 0x00000000e4100000, 0x00000000e4100000| Untracked 
|  66|0x00000000e4200000, 0x00000000e4300000, 0x00000000e4300000|100%| O|  |TAMS 0x00000000e4200000, 0x00000000e4200000| Untracked 
|  67|0x00000000e4300000, 0x00000000e4400000, 0x00000000e4400000|100%| O|  |TAMS 0x00000000e4300000, 0x00000000e4300000| Untracked 
|  68|0x00000000e4400000, 0x00000000e4500000, 0x00000000e4500000|100%| O|  |TAMS 0x00000000e4400000, 0x00000000e4400000| Untracked 
|  69|0x00000000e4500000, 0x00000000e4600000, 0x00000000e4600000|100%| O|  |TAMS 0x00000000e4500000, 0x00000000e4500000| Untracked 
|  70|0x00000000e4600000, 0x00000000e4700000, 0x00000000e4700000|100%| O|  |TAMS 0x00000000e4600000, 0x00000000e4600000| Untracked 
|  71|0x00000000e4700000, 0x00000000e4800000, 0x00000000e4800000|100%| O|  |TAMS 0x00000000e4700000, 0x00000000e4700000| Untracked 
|  72|0x00000000e4800000, 0x00000000e4900000, 0x00000000e4900000|100%| O|  |TAMS 0x00000000e4800000, 0x00000000e4800000| Untracked 
|  73|0x00000000e4900000, 0x00000000e4a00000, 0x00000000e4a00000|100%| O|  |TAMS 0x00000000e4900000, 0x00000000e4900000| Untracked 
|  74|0x00000000e4a00000, 0x00000000e4b00000, 0x00000000e4b00000|100%| O|  |TAMS 0x00000000e4a00000, 0x00000000e4a00000| Untracked 
|  75|0x00000000e4b00000, 0x00000000e4c00000, 0x00000000e4c00000|100%| O|  |TAMS 0x00000000e4b00000, 0x00000000e4b00000| Untracked 
|  76|0x00000000e4c00000, 0x00000000e4d00000, 0x00000000e4d00000|100%| O|  |TAMS 0x00000000e4c00000, 0x00000000e4c00000| Untracked 
|  77|0x00000000e4d00000, 0x00000000e4e00000, 0x00000000e4e00000|100%| O|  |TAMS 0x00000000e4d00000, 0x00000000e4d00000| Untracked 
|  78|0x00000000e4e00000, 0x00000000e4f00000, 0x00000000e4f00000|100%| O|  |TAMS 0x00000000e4e00000, 0x00000000e4e00000| Untracked 
|  79|0x00000000e4f00000, 0x00000000e5000000, 0x00000000e5000000|100%| O|  |TAMS 0x00000000e4f00000, 0x00000000e4f00000| Untracked 
|  80|0x00000000e5000000, 0x00000000e5100000, 0x00000000e5100000|100%| O|  |TAMS 0x00000000e5000000, 0x00000000e5000000| Untracked 
|  81|0x00000000e5100000, 0x00000000e5200000, 0x00000000e5200000|100%| O|  |TAMS 0x00000000e5100000, 0x00000000e5100000| Untracked 
|  82|0x00000000e5200000, 0x00000000e5300000, 0x00000000e5300000|100%| O|  |TAMS 0x00000000e5200000, 0x00000000e5200000| Untracked 
|  83|0x00000000e5300000, 0x00000000e5400000, 0x00000000e5400000|100%| O|  |TAMS 0x00000000e5300000, 0x00000000e5300000| Untracked 
|  84|0x00000000e5400000, 0x00000000e5500000, 0x00000000e5500000|100%| O|  |TAMS 0x00000000e5400000, 0x00000000e5400000| Untracked 
|  85|0x00000000e5500000, 0x00000000e5600000, 0x00000000e5600000|100%| O|  |TAMS 0x00000000e5500000, 0x00000000e5500000| Untracked 
|  86|0x00000000e5600000, 0x00000000e5700000, 0x00000000e5700000|100%| O|  |TAMS 0x00000000e5600000, 0x00000000e5600000| Untracked 
|  87|0x00000000e5700000, 0x00000000e5800000, 0x00000000e5800000|100%| O|  |TAMS 0x00000000e5700000, 0x00000000e5700000| Untracked 
|  88|0x00000000e5800000, 0x00000000e5800000, 0x00000000e5900000|  0%| F|  |TAMS 0x00000000e5800000, 0x00000000e5800000| Untracked 
|  89|0x00000000e5900000, 0x00000000e5900000, 0x00000000e5a00000|  0%| F|  |TAMS 0x00000000e5900000, 0x00000000e5900000| Untracked 
|  90|0x00000000e5a00000, 0x00000000e5a00000, 0x00000000e5b00000|  0%| F|  |TAMS 0x00000000e5a00000, 0x00000000e5a00000| Untracked 
|  91|0x00000000e5b00000, 0x00000000e5b00000, 0x00000000e5c00000|  0%| F|  |TAMS 0x00000000e5b00000, 0x00000000e5b00000| Untracked 
|  92|0x00000000e5c00000, 0x00000000e5c00000, 0x00000000e5d00000|  0%| F|  |TAMS 0x00000000e5c00000, 0x00000000e5c00000| Untracked 
|  93|0x00000000e5d00000, 0x00000000e5d00000, 0x00000000e5e00000|  0%| F|  |TAMS 0x00000000e5d00000, 0x00000000e5d00000| Untracked 
|  94|0x00000000e5e00000, 0x00000000e5e00000, 0x00000000e5f00000|  0%| F|  |TAMS 0x00000000e5e00000, 0x00000000e5e00000| Untracked 
|  95|0x00000000e5f00000, 0x00000000e6000000, 0x00000000e6000000|100%| O|  |TAMS 0x00000000e5f00000, 0x00000000e5f00000| Untracked 
|  96|0x00000000e6000000, 0x00000000e6100000, 0x00000000e6100000|100%| O|  |TAMS 0x00000000e6000000, 0x00000000e6000000| Untracked 
|  97|0x00000000e6100000, 0x00000000e6200000, 0x00000000e6200000|100%| O|  |TAMS 0x00000000e6100000, 0x00000000e6100000| Untracked 
|  98|0x00000000e6200000, 0x00000000e6300000, 0x00000000e6300000|100%| O|  |TAMS 0x00000000e6200000, 0x00000000e6200000| Untracked 
|  99|0x00000000e6300000, 0x00000000e6300000, 0x00000000e6400000|  0%| F|  |TAMS 0x00000000e6300000, 0x00000000e6300000| Untracked 
| 100|0x00000000e6400000, 0x00000000e6400000, 0x00000000e6500000|  0%| F|  |TAMS 0x00000000e6400000, 0x00000000e6400000| Untracked 
| 101|0x00000000e6500000, 0x00000000e6500000, 0x00000000e6600000|  0%| F|  |TAMS 0x00000000e6500000, 0x00000000e6500000| Untracked 
| 102|0x00000000e6600000, 0x00000000e6600000, 0x00000000e6700000|  0%| F|  |TAMS 0x00000000e6600000, 0x00000000e6600000| Untracked 
| 103|0x00000000e6700000, 0x00000000e6700000, 0x00000000e6800000|  0%| F|  |TAMS 0x00000000e6700000, 0x00000000e6700000| Untracked 
| 104|0x00000000e6800000, 0x00000000e6800000, 0x00000000e6900000|  0%| F|  |TAMS 0x00000000e6800000, 0x00000000e6800000| Untracked 
| 105|0x00000000e6900000, 0x00000000e6900000, 0x00000000e6a00000|  0%| F|  |TAMS 0x00000000e6900000, 0x00000000e6900000| Untracked 
| 106|0x00000000e6a00000, 0x00000000e6a00000, 0x00000000e6b00000|  0%| F|  |TAMS 0x00000000e6a00000, 0x00000000e6a00000| Untracked 
| 107|0x00000000e6b00000, 0x00000000e6b00000, 0x00000000e6c00000|  0%| F|  |TAMS 0x00000000e6b00000, 0x00000000e6b00000| Untracked 
| 108|0x00000000e6c00000, 0x00000000e6c00000, 0x00000000e6d00000|  0%| F|  |TAMS 0x00000000e6c00000, 0x00000000e6c00000| Untracked 
| 109|0x00000000e6d00000, 0x00000000e6d00000, 0x00000000e6e00000|  0%| F|  |TAMS 0x00000000e6d00000, 0x00000000e6d00000| Untracked 
| 110|0x00000000e6e00000, 0x00000000e6e00000, 0x00000000e6f00000|  0%| F|  |TAMS 0x00000000e6e00000, 0x00000000e6e00000| Untracked 
| 111|0x00000000e6f00000, 0x00000000e6f00000, 0x00000000e7000000|  0%| F|  |TAMS 0x00000000e6f00000, 0x00000000e6f00000| Untracked 
| 112|0x00000000e7000000, 0x00000000e7000000, 0x00000000e7100000|  0%| F|  |TAMS 0x00000000e7000000, 0x00000000e7000000| Untracked 
| 113|0x00000000e7100000, 0x00000000e7100000, 0x00000000e7200000|  0%| F|  |TAMS 0x00000000e7100000, 0x00000000e7100000| Untracked 
| 114|0x00000000e7200000, 0x00000000e7200000, 0x00000000e7300000|  0%| F|  |TAMS 0x00000000e7200000, 0x00000000e7200000| Untracked 
| 115|0x00000000e7300000, 0x00000000e7300000, 0x00000000e7400000|  0%| F|  |TAMS 0x00000000e7300000, 0x00000000e7300000| Untracked 
| 116|0x00000000e7400000, 0x00000000e7400000, 0x00000000e7500000|  0%| F|  |TAMS 0x00000000e7400000, 0x00000000e7400000| Untracked 
| 117|0x00000000e7500000, 0x00000000e7500000, 0x00000000e7600000|  0%| F|  |TAMS 0x00000000e7500000, 0x00000000e7500000| Untracked 
| 118|0x00000000e7600000, 0x00000000e7600000, 0x00000000e7700000|  0%| F|  |TAMS 0x00000000e7600000, 0x00000000e7600000| Untracked 
| 119|0x00000000e7700000, 0x00000000e7700000, 0x00000000e7800000|  0%| F|  |TAMS 0x00000000e7700000, 0x00000000e7700000| Untracked 
| 120|0x00000000e7800000, 0x00000000e7800000, 0x00000000e7900000|  0%| F|  |TAMS 0x00000000e7800000, 0x00000000e7800000| Untracked 
| 121|0x00000000e7900000, 0x00000000e7900000, 0x00000000e7a00000|  0%| F|  |TAMS 0x00000000e7900000, 0x00000000e7900000| Untracked 
| 122|0x00000000e7a00000, 0x00000000e7a00000, 0x00000000e7b00000|  0%| F|  |TAMS 0x00000000e7a00000, 0x00000000e7a00000| Untracked 
| 123|0x00000000e7b00000, 0x00000000e7b00000, 0x00000000e7c00000|  0%| F|  |TAMS 0x00000000e7b00000, 0x00000000e7b00000| Untracked 
| 124|0x00000000e7c00000, 0x00000000e7c00000, 0x00000000e7d00000|  0%| F|  |TAMS 0x00000000e7c00000, 0x00000000e7c00000| Untracked 
| 125|0x00000000e7d00000, 0x00000000e7d00000, 0x00000000e7e00000|  0%| F|  |TAMS 0x00000000e7d00000, 0x00000000e7d00000| Untracked 
| 126|0x00000000e7e00000, 0x00000000e7e00000, 0x00000000e7f00000|  0%| F|  |TAMS 0x00000000e7e00000, 0x00000000e7e00000| Untracked 
| 127|0x00000000e7f00000, 0x00000000e7f00000, 0x00000000e8000000|  0%| F|  |TAMS 0x00000000e7f00000, 0x00000000e7f00000| Untracked 
| 128|0x00000000e8000000, 0x00000000e8000000, 0x00000000e8100000|  0%| F|  |TAMS 0x00000000e8000000, 0x00000000e8000000| Untracked 
| 129|0x00000000e8100000, 0x00000000e8100000, 0x00000000e8200000|  0%| F|  |TAMS 0x00000000e8100000, 0x00000000e8100000| Untracked 
| 130|0x00000000e8200000, 0x00000000e8200000, 0x00000000e8300000|  0%| F|  |TAMS 0x00000000e8200000, 0x00000000e8200000| Untracked 
| 131|0x00000000e8300000, 0x00000000e8300000, 0x00000000e8400000|  0%| F|  |TAMS 0x00000000e8300000, 0x00000000e8300000| Untracked 
| 132|0x00000000e8400000, 0x00000000e8400000, 0x00000000e8500000|  0%| F|  |TAMS 0x00000000e8400000, 0x00000000e8400000| Untracked 
| 133|0x00000000e8500000, 0x00000000e8500000, 0x00000000e8600000|  0%| F|  |TAMS 0x00000000e8500000, 0x00000000e8500000| Untracked 
| 134|0x00000000e8600000, 0x00000000e8600000, 0x00000000e8700000|  0%| F|  |TAMS 0x00000000e8600000, 0x00000000e8600000| Untracked 
| 135|0x00000000e8700000, 0x00000000e8700000, 0x00000000e8800000|  0%| F|  |TAMS 0x00000000e8700000, 0x00000000e8700000| Untracked 
| 136|0x00000000e8800000, 0x00000000e8800000, 0x00000000e8900000|  0%| F|  |TAMS 0x00000000e8800000, 0x00000000e8800000| Untracked 
| 137|0x00000000e8900000, 0x00000000e8900000, 0x00000000e8a00000|  0%| F|  |TAMS 0x00000000e8900000, 0x00000000e8900000| Untracked 
| 138|0x00000000e8a00000, 0x00000000e8b00000, 0x00000000e8b00000|100%| S|CS|TAMS 0x00000000e8a00000, 0x00000000e8a00000| Complete 
| 139|0x00000000e8b00000, 0x00000000e8c00000, 0x00000000e8c00000|100%| S|CS|TAMS 0x00000000e8b00000, 0x00000000e8b00000| Complete 
| 140|0x00000000e8c00000, 0x00000000e8d00000, 0x00000000e8d00000|100%| S|CS|TAMS 0x00000000e8c00000, 0x00000000e8c00000| Complete 
| 141|0x00000000e8d00000, 0x00000000e8e00000, 0x00000000e8e00000|100%| S|CS|TAMS 0x00000000e8d00000, 0x00000000e8d00000| Complete 
| 142|0x00000000e8e00000, 0x00000000e8f00000, 0x00000000e8f00000|100%| S|CS|TAMS 0x00000000e8e00000, 0x00000000e8e00000| Complete 
| 143|0x00000000e8f00000, 0x00000000e9000000, 0x00000000e9000000|100%| S|CS|TAMS 0x00000000e8f00000, 0x00000000e8f00000| Complete 
| 144|0x00000000e9000000, 0x00000000e9100000, 0x00000000e9100000|100%| S|CS|TAMS 0x00000000e9000000, 0x00000000e9000000| Complete 
| 145|0x00000000e9100000, 0x00000000e9200000, 0x00000000e9200000|100%| S|CS|TAMS 0x00000000e9100000, 0x00000000e9100000| Complete 
| 146|0x00000000e9200000, 0x00000000e9300000, 0x00000000e9300000|100%| S|CS|TAMS 0x00000000e9200000, 0x00000000e9200000| Complete 
| 147|0x00000000e9300000, 0x00000000e9400000, 0x00000000e9400000|100%| S|CS|TAMS 0x00000000e9300000, 0x00000000e9300000| Complete 
| 148|0x00000000e9400000, 0x00000000e9500000, 0x00000000e9500000|100%| S|CS|TAMS 0x00000000e9400000, 0x00000000e9400000| Complete 
| 149|0x00000000e9500000, 0x00000000e9600000, 0x00000000e9600000|100%| S|CS|TAMS 0x00000000e9500000, 0x00000000e9500000| Complete 
| 150|0x00000000e9600000, 0x00000000e9700000, 0x00000000e9700000|100%| S|CS|TAMS 0x00000000e9600000, 0x00000000e9600000| Complete 
| 151|0x00000000e9700000, 0x00000000e9800000, 0x00000000e9800000|100%| S|CS|TAMS 0x00000000e9700000, 0x00000000e9700000| Complete 
| 152|0x00000000e9800000, 0x00000000e9900000, 0x00000000e9900000|100%| S|CS|TAMS 0x00000000e9800000, 0x00000000e9800000| Complete 
| 153|0x00000000e9900000, 0x00000000e9a00000, 0x00000000e9a00000|100%| S|CS|TAMS 0x00000000e9900000, 0x00000000e9900000| Complete 
| 154|0x00000000e9a00000, 0x00000000e9a00000, 0x00000000e9b00000|  0%| F|  |TAMS 0x00000000e9a00000, 0x00000000e9a00000| Untracked 
| 155|0x00000000e9b00000, 0x00000000e9b00000, 0x00000000e9c00000|  0%| F|  |TAMS 0x00000000e9b00000, 0x00000000e9b00000| Untracked 
| 156|0x00000000e9c00000, 0x00000000e9c00000, 0x00000000e9d00000|  0%| F|  |TAMS 0x00000000e9c00000, 0x00000000e9c00000| Untracked 
| 157|0x00000000e9d00000, 0x00000000e9d00000, 0x00000000e9e00000|  0%| F|  |TAMS 0x00000000e9d00000, 0x00000000e9d00000| Untracked 
| 158|0x00000000e9e00000, 0x00000000e9e00000, 0x00000000e9f00000|  0%| F|  |TAMS 0x00000000e9e00000, 0x00000000e9e00000| Untracked 
| 159|0x00000000e9f00000, 0x00000000e9f00000, 0x00000000ea000000|  0%| F|  |TAMS 0x00000000e9f00000, 0x00000000e9f00000| Untracked 
| 160|0x00000000ea000000, 0x00000000ea000000, 0x00000000ea100000|  0%| F|  |TAMS 0x00000000ea000000, 0x00000000ea000000| Untracked 
| 161|0x00000000ea100000, 0x00000000ea100000, 0x00000000ea200000|  0%| F|  |TAMS 0x00000000ea100000, 0x00000000ea100000| Untracked 
| 162|0x00000000ea200000, 0x00000000ea200000, 0x00000000ea300000|  0%| F|  |TAMS 0x00000000ea200000, 0x00000000ea200000| Untracked 
| 163|0x00000000ea300000, 0x00000000ea300000, 0x00000000ea400000|  0%| F|  |TAMS 0x00000000ea300000, 0x00000000ea300000| Untracked 
| 164|0x00000000ea400000, 0x00000000ea400000, 0x00000000ea500000|  0%| F|  |TAMS 0x00000000ea400000, 0x00000000ea400000| Untracked 
| 165|0x00000000ea500000, 0x00000000ea500000, 0x00000000ea600000|  0%| F|  |TAMS 0x00000000ea500000, 0x00000000ea500000| Untracked 
| 166|0x00000000ea600000, 0x00000000ea600000, 0x00000000ea700000|  0%| F|  |TAMS 0x00000000ea600000, 0x00000000ea600000| Untracked 
| 167|0x00000000ea700000, 0x00000000ea700000, 0x00000000ea800000|  0%| F|  |TAMS 0x00000000ea700000, 0x00000000ea700000| Untracked 
| 168|0x00000000ea800000, 0x00000000ea800000, 0x00000000ea900000|  0%| F|  |TAMS 0x00000000ea800000, 0x00000000ea800000| Untracked 
| 169|0x00000000ea900000, 0x00000000ea900000, 0x00000000eaa00000|  0%| F|  |TAMS 0x00000000ea900000, 0x00000000ea900000| Untracked 
| 170|0x00000000eaa00000, 0x00000000eaa00000, 0x00000000eab00000|  0%| F|  |TAMS 0x00000000eaa00000, 0x00000000eaa00000| Untracked 
| 171|0x00000000eab00000, 0x00000000eab00000, 0x00000000eac00000|  0%| F|  |TAMS 0x00000000eab00000, 0x00000000eab00000| Untracked 
| 172|0x00000000eac00000, 0x00000000eac00000, 0x00000000ead00000|  0%| F|  |TAMS 0x00000000eac00000, 0x00000000eac00000| Untracked 
| 173|0x00000000ead00000, 0x00000000ead00000, 0x00000000eae00000|  0%| F|  |TAMS 0x00000000ead00000, 0x00000000ead00000| Untracked 
| 174|0x00000000eae00000, 0x00000000eae00000, 0x00000000eaf00000|  0%| F|  |TAMS 0x00000000eae00000, 0x00000000eae00000| Untracked 
| 175|0x00000000eaf00000, 0x00000000eaf00000, 0x00000000eb000000|  0%| F|  |TAMS 0x00000000eaf00000, 0x00000000eaf00000| Untracked 
| 176|0x00000000eb000000, 0x00000000eb000000, 0x00000000eb100000|  0%| F|  |TAMS 0x00000000eb000000, 0x00000000eb000000| Untracked 
| 177|0x00000000eb100000, 0x00000000eb100000, 0x00000000eb200000|  0%| F|  |TAMS 0x00000000eb100000, 0x00000000eb100000| Untracked 
| 178|0x00000000eb200000, 0x00000000eb200000, 0x00000000eb300000|  0%| F|  |TAMS 0x00000000eb200000, 0x00000000eb200000| Untracked 
| 179|0x00000000eb300000, 0x00000000eb300000, 0x00000000eb400000|  0%| F|  |TAMS 0x00000000eb300000, 0x00000000eb300000| Untracked 
| 180|0x00000000eb400000, 0x00000000eb400000, 0x00000000eb500000|  0%| F|  |TAMS 0x00000000eb400000, 0x00000000eb400000| Untracked 
| 181|0x00000000eb500000, 0x00000000eb500000, 0x00000000eb600000|  0%| F|  |TAMS 0x00000000eb500000, 0x00000000eb500000| Untracked 
| 182|0x00000000eb600000, 0x00000000eb600000, 0x00000000eb700000|  0%| F|  |TAMS 0x00000000eb600000, 0x00000000eb600000| Untracked 
| 183|0x00000000eb700000, 0x00000000eb700000, 0x00000000eb800000|  0%| F|  |TAMS 0x00000000eb700000, 0x00000000eb700000| Untracked 
| 184|0x00000000eb800000, 0x00000000eb800000, 0x00000000eb900000|  0%| F|  |TAMS 0x00000000eb800000, 0x00000000eb800000| Untracked 
| 185|0x00000000eb900000, 0x00000000eb900000, 0x00000000eba00000|  0%| F|  |TAMS 0x00000000eb900000, 0x00000000eb900000| Untracked 
| 186|0x00000000eba00000, 0x00000000eba00000, 0x00000000ebb00000|  0%| F|  |TAMS 0x00000000eba00000, 0x00000000eba00000| Untracked 
| 187|0x00000000ebb00000, 0x00000000ebb00000, 0x00000000ebc00000|  0%| F|  |TAMS 0x00000000ebb00000, 0x00000000ebb00000| Untracked 
| 188|0x00000000ebc00000, 0x00000000ebc00000, 0x00000000ebd00000|  0%| F|  |TAMS 0x00000000ebc00000, 0x00000000ebc00000| Untracked 
| 189|0x00000000ebd00000, 0x00000000ebd00000, 0x00000000ebe00000|  0%| F|  |TAMS 0x00000000ebd00000, 0x00000000ebd00000| Untracked 
| 190|0x00000000ebe00000, 0x00000000ebe00000, 0x00000000ebf00000|  0%| F|  |TAMS 0x00000000ebe00000, 0x00000000ebe00000| Untracked 
| 191|0x00000000ebf00000, 0x00000000ebf00000, 0x00000000ec000000|  0%| F|  |TAMS 0x00000000ebf00000, 0x00000000ebf00000| Untracked 
| 192|0x00000000ec000000, 0x00000000ec000000, 0x00000000ec100000|  0%| F|  |TAMS 0x00000000ec000000, 0x00000000ec000000| Untracked 
| 193|0x00000000ec100000, 0x00000000ec100000, 0x00000000ec200000|  0%| F|  |TAMS 0x00000000ec100000, 0x00000000ec100000| Untracked 
| 194|0x00000000ec200000, 0x00000000ec200000, 0x00000000ec300000|  0%| F|  |TAMS 0x00000000ec200000, 0x00000000ec200000| Untracked 
| 195|0x00000000ec300000, 0x00000000ec300000, 0x00000000ec400000|  0%| F|  |TAMS 0x00000000ec300000, 0x00000000ec300000| Untracked 
| 196|0x00000000ec400000, 0x00000000ec400000, 0x00000000ec500000|  0%| F|  |TAMS 0x00000000ec400000, 0x00000000ec400000| Untracked 
| 197|0x00000000ec500000, 0x00000000ec500000, 0x00000000ec600000|  0%| F|  |TAMS 0x00000000ec500000, 0x00000000ec500000| Untracked 
| 198|0x00000000ec600000, 0x00000000ec600000, 0x00000000ec700000|  0%| F|  |TAMS 0x00000000ec600000, 0x00000000ec600000| Untracked 
| 199|0x00000000ec700000, 0x00000000ec700000, 0x00000000ec800000|  0%| F|  |TAMS 0x00000000ec700000, 0x00000000ec700000| Untracked 
| 200|0x00000000ec800000, 0x00000000ec800000, 0x00000000ec900000|  0%| F|  |TAMS 0x00000000ec800000, 0x00000000ec800000| Untracked 
| 201|0x00000000ec900000, 0x00000000ec900000, 0x00000000eca00000|  0%| F|  |TAMS 0x00000000ec900000, 0x00000000ec900000| Untracked 
| 202|0x00000000eca00000, 0x00000000eca00000, 0x00000000ecb00000|  0%| F|  |TAMS 0x00000000eca00000, 0x00000000eca00000| Untracked 
| 203|0x00000000ecb00000, 0x00000000ecb00000, 0x00000000ecc00000|  0%| F|  |TAMS 0x00000000ecb00000, 0x00000000ecb00000| Untracked 
| 204|0x00000000ecc00000, 0x00000000ecc00000, 0x00000000ecd00000|  0%| F|  |TAMS 0x00000000ecc00000, 0x00000000ecc00000| Untracked 
| 205|0x00000000ecd00000, 0x00000000ecd00000, 0x00000000ece00000|  0%| F|  |TAMS 0x00000000ecd00000, 0x00000000ecd00000| Untracked 
| 206|0x00000000ece00000, 0x00000000ece00000, 0x00000000ecf00000|  0%| F|  |TAMS 0x00000000ece00000, 0x00000000ece00000| Untracked 
| 207|0x00000000ecf00000, 0x00000000ecf00000, 0x00000000ed000000|  0%| F|  |TAMS 0x00000000ecf00000, 0x00000000ecf00000| Untracked 
| 208|0x00000000ed000000, 0x00000000ed000000, 0x00000000ed100000|  0%| F|  |TAMS 0x00000000ed000000, 0x00000000ed000000| Untracked 
| 209|0x00000000ed100000, 0x00000000ed100000, 0x00000000ed200000|  0%| F|  |TAMS 0x00000000ed100000, 0x00000000ed100000| Untracked 
| 210|0x00000000ed200000, 0x00000000ed200000, 0x00000000ed300000|  0%| F|  |TAMS 0x00000000ed200000, 0x00000000ed200000| Untracked 
| 211|0x00000000ed300000, 0x00000000ed300000, 0x00000000ed400000|  0%| F|  |TAMS 0x00000000ed300000, 0x00000000ed300000| Untracked 
| 212|0x00000000ed400000, 0x00000000ed400000, 0x00000000ed500000|  0%| F|  |TAMS 0x00000000ed400000, 0x00000000ed400000| Untracked 
| 213|0x00000000ed500000, 0x00000000ed500000, 0x00000000ed600000|  0%| F|  |TAMS 0x00000000ed500000, 0x00000000ed500000| Untracked 
| 214|0x00000000ed600000, 0x00000000ed600000, 0x00000000ed700000|  0%| F|  |TAMS 0x00000000ed600000, 0x00000000ed600000| Untracked 
| 215|0x00000000ed700000, 0x00000000ed700000, 0x00000000ed800000|  0%| F|  |TAMS 0x00000000ed700000, 0x00000000ed700000| Untracked 
| 216|0x00000000ed800000, 0x00000000ed800000, 0x00000000ed900000|  0%| F|  |TAMS 0x00000000ed800000, 0x00000000ed800000| Untracked 
| 217|0x00000000ed900000, 0x00000000ed900000, 0x00000000eda00000|  0%| F|  |TAMS 0x00000000ed900000, 0x00000000ed900000| Untracked 
| 218|0x00000000eda00000, 0x00000000eda00000, 0x00000000edb00000|  0%| F|  |TAMS 0x00000000eda00000, 0x00000000eda00000| Untracked 
| 219|0x00000000edb00000, 0x00000000edb00000, 0x00000000edc00000|  0%| F|  |TAMS 0x00000000edb00000, 0x00000000edb00000| Untracked 
| 220|0x00000000edc00000, 0x00000000edc00000, 0x00000000edd00000|  0%| F|  |TAMS 0x00000000edc00000, 0x00000000edc00000| Untracked 
| 221|0x00000000edd00000, 0x00000000edd00000, 0x00000000ede00000|  0%| F|  |TAMS 0x00000000edd00000, 0x00000000edd00000| Untracked 
| 222|0x00000000ede00000, 0x00000000ede00000, 0x00000000edf00000|  0%| F|  |TAMS 0x00000000ede00000, 0x00000000ede00000| Untracked 
| 223|0x00000000edf00000, 0x00000000edf00000, 0x00000000ee000000|  0%| F|  |TAMS 0x00000000edf00000, 0x00000000edf00000| Untracked 
| 224|0x00000000ee000000, 0x00000000ee000000, 0x00000000ee100000|  0%| F|  |TAMS 0x00000000ee000000, 0x00000000ee000000| Untracked 
| 225|0x00000000ee100000, 0x00000000ee100000, 0x00000000ee200000|  0%| F|  |TAMS 0x00000000ee100000, 0x00000000ee100000| Untracked 
| 226|0x00000000ee200000, 0x00000000ee200000, 0x00000000ee300000|  0%| F|  |TAMS 0x00000000ee200000, 0x00000000ee200000| Untracked 
| 227|0x00000000ee300000, 0x00000000ee300000, 0x00000000ee400000|  0%| F|  |TAMS 0x00000000ee300000, 0x00000000ee300000| Untracked 
| 228|0x00000000ee400000, 0x00000000ee400000, 0x00000000ee500000|  0%| F|  |TAMS 0x00000000ee400000, 0x00000000ee400000| Untracked 
| 229|0x00000000ee500000, 0x00000000ee500000, 0x00000000ee600000|  0%| F|  |TAMS 0x00000000ee500000, 0x00000000ee500000| Untracked 
| 230|0x00000000ee600000, 0x00000000ee600000, 0x00000000ee700000|  0%| F|  |TAMS 0x00000000ee600000, 0x00000000ee600000| Untracked 
| 231|0x00000000ee700000, 0x00000000ee700000, 0x00000000ee800000|  0%| F|  |TAMS 0x00000000ee700000, 0x00000000ee700000| Untracked 
| 232|0x00000000ee800000, 0x00000000ee800000, 0x00000000ee900000|  0%| F|  |TAMS 0x00000000ee800000, 0x00000000ee800000| Untracked 
| 233|0x00000000ee900000, 0x00000000ee900000, 0x00000000eea00000|  0%| F|  |TAMS 0x00000000ee900000, 0x00000000ee900000| Untracked 
| 234|0x00000000eea00000, 0x00000000eea00000, 0x00000000eeb00000|  0%| F|  |TAMS 0x00000000eea00000, 0x00000000eea00000| Untracked 
| 235|0x00000000eeb00000, 0x00000000eec00000, 0x00000000eec00000|100%| E|  |TAMS 0x00000000eeb00000, 0x00000000eeb00000| Complete 
| 236|0x00000000eec00000, 0x00000000eed00000, 0x00000000eed00000|100%| E|CS|TAMS 0x00000000eec00000, 0x00000000eec00000| Complete 
| 237|0x00000000eed00000, 0x00000000eee00000, 0x00000000eee00000|100%| E|CS|TAMS 0x00000000eed00000, 0x00000000eed00000| Complete 
| 238|0x00000000eee00000, 0x00000000eef00000, 0x00000000eef00000|100%| E|CS|TAMS 0x00000000eee00000, 0x00000000eee00000| Complete 
| 239|0x00000000eef00000, 0x00000000ef000000, 0x00000000ef000000|100%| E|  |TAMS 0x00000000eef00000, 0x00000000eef00000| Complete 
| 240|0x00000000ef000000, 0x00000000ef100000, 0x00000000ef100000|100%| E|CS|TAMS 0x00000000ef000000, 0x00000000ef000000| Complete 
| 241|0x00000000ef100000, 0x00000000ef200000, 0x00000000ef200000|100%| E|CS|TAMS 0x00000000ef100000, 0x00000000ef100000| Complete 
| 242|0x00000000ef200000, 0x00000000ef300000, 0x00000000ef300000|100%| E|CS|TAMS 0x00000000ef200000, 0x00000000ef200000| Complete 
| 243|0x00000000ef300000, 0x00000000ef400000, 0x00000000ef400000|100%| E|CS|TAMS 0x00000000ef300000, 0x00000000ef300000| Complete 
| 244|0x00000000ef400000, 0x00000000ef500000, 0x00000000ef500000|100%| E|CS|TAMS 0x00000000ef400000, 0x00000000ef400000| Complete 
| 245|0x00000000ef500000, 0x00000000ef600000, 0x00000000ef600000|100%| E|CS|TAMS 0x00000000ef500000, 0x00000000ef500000| Complete 
| 246|0x00000000ef600000, 0x00000000ef700000, 0x00000000ef700000|100%| E|CS|TAMS 0x00000000ef600000, 0x00000000ef600000| Complete 
| 247|0x00000000ef700000, 0x00000000ef800000, 0x00000000ef800000|100%| E|CS|TAMS 0x00000000ef700000, 0x00000000ef700000| Complete 
| 248|0x00000000ef800000, 0x00000000ef900000, 0x00000000ef900000|100%| E|CS|TAMS 0x00000000ef800000, 0x00000000ef800000| Complete 
| 249|0x00000000ef900000, 0x00000000efa00000, 0x00000000efa00000|100%| E|CS|TAMS 0x00000000ef900000, 0x00000000ef900000| Complete 
| 250|0x00000000efa00000, 0x00000000efb00000, 0x00000000efb00000|100%| E|CS|TAMS 0x00000000efa00000, 0x00000000efa00000| Complete 
| 251|0x00000000efb00000, 0x00000000efc00000, 0x00000000efc00000|100%| E|CS|TAMS 0x00000000efb00000, 0x00000000efb00000| Complete 
| 252|0x00000000efc00000, 0x00000000efd00000, 0x00000000efd00000|100%| E|CS|TAMS 0x00000000efc00000, 0x00000000efc00000| Complete 
| 253|0x00000000efd00000, 0x00000000efe00000, 0x00000000efe00000|100%| E|CS|TAMS 0x00000000efd00000, 0x00000000efd00000| Complete 
| 254|0x00000000efe00000, 0x00000000eff00000, 0x00000000eff00000|100%| E|CS|TAMS 0x00000000efe00000, 0x00000000efe00000| Complete 
| 255|0x00000000eff00000, 0x00000000f0000000, 0x00000000f0000000|100%| E|CS|TAMS 0x00000000eff00000, 0x00000000eff00000| Complete 

Card table byte_map: [0x000002c7229a0000,0x000002c722aa0000] _byte_map_base: 0x000002c7222a0000

Marking Bits (Prev, Next): (CMBitMap*) 0x000002c70bec0db0, (CMBitMap*) 0x000002c70bec0d78
 Prev Bits: [0x000002c7233a0000, 0x000002c723ba0000)
 Next Bits: [0x000002c722ba0000, 0x000002c7233a0000)

Polling page: 0x000002c709cc0000

Metaspace:

Usage:
  Non-class:     61.20 MB capacity,    59.69 MB ( 98%) used,     1.26 MB (  2%) free+waste,   247.81 KB ( <1%) overhead. 
      Class:      9.72 MB capacity,     8.79 MB ( 90%) used,   827.83 KB (  8%) free+waste,   118.94 KB (  1%) overhead. 
       Both:     70.92 MB capacity,    68.49 MB ( 97%) used,     2.07 MB (  3%) free+waste,   366.75 KB ( <1%) overhead. 

Virtual space:
  Non-class space:       62.00 MB reserved,      61.25 MB ( 99%) committed 
      Class space:      248.00 MB reserved,       9.82 MB (  4%) committed 
             Both:      310.00 MB reserved,      71.07 MB ( 23%) committed 

Chunk freelists:
   Non-Class:  6.38 KB
       Class:  0 bytes
        Both:  6.38 KB

CodeHeap 'non-profiled nmethods': size=120000Kb used=6563Kb max_used=6563Kb free=113436Kb
 bounds [0x000002c71b040000, 0x000002c71b6b0000, 0x000002c722570000]
CodeHeap 'profiled nmethods': size=120000Kb used=24244Kb max_used=24244Kb free=95755Kb
 bounds [0x000002c713b10000, 0x000002c7152c0000, 0x000002c71b040000]
CodeHeap 'non-nmethods': size=5760Kb used=2256Kb max_used=2315Kb free=3503Kb
 bounds [0x000002c713570000, 0x000002c7137e0000, 0x000002c713b10000]
 total_blobs=11981 nmethods=11132 adapters=760
 compilation: enabled
              stopped_count=0, restarted_count=0
 full_count=0

Compilation events (10 events):
Event: 30.376 Thread 0x000002c726f0f000 nmethod 11233 0x000002c715276590 code [0x000002c715276720, 0x000002c715276848]
Event: 30.376 Thread 0x000002c726f0f000 11234       2       com.sun.tools.javac.comp.Attr$TypeAnnotationsValidator::validateAnnotatedType (675 bytes)
Event: 30.381 Thread 0x000002c726f0b000 nmethod 11211 0x000002c71b6a2610 code [0x000002c71b6a27a0, 0x000002c71b6a2b58]
Event: 30.381 Thread 0x000002c726f0b000 11215       4       java.util.stream.ReferencePipeline$3::opWrapSink (10 bytes)
Event: 30.386 Thread 0x000002c726f0f000 nmethod 11234 0x000002c715276910 code [0x000002c715276f80, 0x000002c7152798e8]
Event: 30.386 Thread 0x000002c726f0f000 11236       2       com.sun.tools.javac.comp.Annotate$AnnotationTypeMetadata::getAnnotationElements (122 bytes)
Event: 30.386 Thread 0x000002c726f0b000 nmethod 11215 0x000002c71b6a2c90 code [0x000002c71b6a2e20, 0x000002c71b6a2ff8]
Event: 30.386 Thread 0x000002c726f0b000 11237       4       java.util.LinkedHashSet::<init> (10 bytes)
Event: 30.387 Thread 0x000002c726f0f000 nmethod 11236 0x000002c71527b110 code [0x000002c71527b360, 0x000002c71527b888]
Event: 30.387 Thread 0x000002c726f0f000 11239       2       com.sun.tools.javac.comp.Check::validateAnnotation (310 bytes)

GC Heap History (10 events):
Event: 18.043 GC heap before
{Heap before GC invocations=11 (full 0):
 garbage-first heap   total 262144K, used 177935K [0x00000000e0000000, 0x0000000100000000)
  region size 1024K, 153 young (156672K), 15 survivors (15360K)
 Metaspace       used 58580K, capacity 60669K, committed 60876K, reserved 307200K
  class space    used 7798K, capacity 8571K, committed 8652K, reserved 253952K
}
Event: 18.083 GC heap after
{Heap after GC invocations=12 (full 0):
 garbage-first heap   total 262144K, used 48019K [0x00000000e0000000, 0x0000000100000000)
  region size 1024K, 18 young (18432K), 18 survivors (18432K)
 Metaspace       used 58580K, capacity 60669K, committed 60876K, reserved 307200K
  class space    used 7798K, capacity 8571K, committed 8652K, reserved 253952K
}
Event: 20.614 GC heap before
{Heap before GC invocations=12 (full 0):
 garbage-first heap   total 262144K, used 186259K [0x00000000e0000000, 0x0000000100000000)
  region size 1024K, 153 young (156672K), 18 survivors (18432K)
 Metaspace       used 59739K, capacity 61955K, committed 62284K, reserved 309248K
  class space    used 7837K, capacity 8668K, committed 8780K, reserved 253952K
}
Event: 20.651 GC heap after
{Heap after GC invocations=13 (full 0):
 garbage-first heap   total 262144K, used 55696K [0x00000000e0000000, 0x0000000100000000)
  region size 1024K, 18 young (18432K), 18 survivors (18432K)
 Metaspace       used 59739K, capacity 61955K, committed 62284K, reserved 309248K
  class space    used 7837K, capacity 8668K, committed 8780K, reserved 253952K
}
Event: 22.149 GC heap before
{Heap before GC invocations=13 (full 0):
 garbage-first heap   total 262144K, used 192912K [0x00000000e0000000, 0x0000000100000000)
  region size 1024K, 153 young (156672K), 18 survivors (18432K)
 Metaspace       used 61075K, capacity 63331K, committed 63436K, reserved 309248K
  class space    used 7989K, capacity 8842K, committed 8908K, reserved 253952K
}
Event: 22.173 GC heap after
{Heap after GC invocations=14 (full 0):
 garbage-first heap   total 262144K, used 55761K [0x00000000e0000000, 0x0000000100000000)
  region size 1024K, 8 young (8192K), 8 survivors (8192K)
 Metaspace       used 61075K, capacity 63331K, committed 63436K, reserved 309248K
  class space    used 7989K, capacity 8842K, committed 8908K, reserved 253952K
}
Event: 27.572 GC heap before
{Heap before GC invocations=14 (full 0):
 garbage-first heap   total 262144K, used 201169K [0x00000000e0000000, 0x0000000100000000)
  region size 1024K, 149 young (152576K), 8 survivors (8192K)
 Metaspace       used 68257K, capacity 70596K, committed 70732K, reserved 315392K
  class space    used 8855K, capacity 9715K, committed 9804K, reserved 253952K
}
Event: 27.626 GC heap after
{Heap after GC invocations=15 (full 0):
 garbage-first heap   total 262144K, used 88064K [0x00000000e0000000, 0x0000000100000000)
  region size 1024K, 19 young (19456K), 19 survivors (19456K)
 Metaspace       used 68257K, capacity 70596K, committed 70732K, reserved 315392K
  class space    used 8855K, capacity 9715K, committed 9804K, reserved 253952K
}
Event: 30.128 GC heap before
{Heap before GC invocations=15 (full 0):
 garbage-first heap   total 262144K, used 192512K [0x00000000e0000000, 0x0000000100000000)
  region size 1024K, 121 young (123904K), 19 survivors (19456K)
 Metaspace       used 69377K, capacity 71829K, committed 72140K, reserved 317440K
  class space    used 8922K, capacity 9818K, committed 9932K, reserved 253952K
}
Event: 30.195 GC heap after
{Heap after GC invocations=16 (full 0):
 garbage-first heap   total 262144K, used 110592K [0x00000000e0000000, 0x0000000100000000)
  region size 1024K, 16 young (16384K), 16 survivors (16384K)
 Metaspace       used 69377K, capacity 71829K, committed 72140K, reserved 317440K
  class space    used 8922K, capacity 9818K, committed 9932K, reserved 253952K
}

Deoptimization events (10 events):
Event: 28.782 Thread 0x000002c72c8f6000 Uncommon trap: reason=bimorphic_or_optimized_type_check action=maybe_recompile pc=0x000002c71b53f518 method=java.util.AbstractQueue.add(Ljava/lang/Object;)Z @ 2 c2
Event: 28.788 Thread 0x000002c72c8f6000 Uncommon trap: reason=bimorphic_or_optimized_type_check action=maybe_recompile pc=0x000002c71b53f518 method=java.util.AbstractQueue.add(Ljava/lang/Object;)Z @ 2 c2
Event: 28.799 Thread 0x000002c72c8f6000 Uncommon trap: reason=bimorphic_or_optimized_type_check action=maybe_recompile pc=0x000002c71b53f518 method=java.util.AbstractQueue.add(Ljava/lang/Object;)Z @ 2 c2
Event: 28.805 Thread 0x000002c72c8f6000 Uncommon trap: reason=class_check action=maybe_recompile pc=0x000002c71b63ff10 method=com.sun.tools.javac.file.JavacFileManager.getContainer(Ljava/nio/file/Path;)Lcom/sun/tools/javac/file/JavacFileManager$Container; @ 10 c2
Event: 30.018 Thread 0x000002c72c8f6000 Uncommon trap: reason=unstable_if action=reinterpret pc=0x000002c71b6770a4 method=com.sun.tools.javac.jvm.ClassReader.classSigToType()Lcom/sun/tools/javac/code/Type; @ 254 c2
Event: 30.052 Thread 0x000002c72c8f6000 Uncommon trap: reason=class_check action=maybe_recompile pc=0x000002c71b67d4a4 method=com.sun.tools.javac.code.Scope$ScopeImpl.lookup(Lcom/sun/tools/javac/util/Name;Lcom/sun/tools/javac/util/Filter;)Lcom/sun/tools/javac/code/Scope$Entry; @ 53 c2
Event: 30.053 Thread 0x000002c72c8f6000 Uncommon trap: reason=class_check action=maybe_recompile pc=0x000002c71b67d4a4 method=com.sun.tools.javac.code.Scope$ScopeImpl.lookup(Lcom/sun/tools/javac/util/Name;Lcom/sun/tools/javac/util/Filter;)Lcom/sun/tools/javac/code/Scope$Entry; @ 53 c2
Event: 30.056 Thread 0x000002c72c8f6000 Uncommon trap: reason=class_check action=maybe_recompile pc=0x000002c71b67d4a4 method=com.sun.tools.javac.code.Scope$ScopeImpl.lookup(Lcom/sun/tools/javac/util/Name;Lcom/sun/tools/javac/util/Filter;)Lcom/sun/tools/javac/code/Scope$Entry; @ 53 c2
Event: 30.056 Thread 0x000002c72c8f6000 Uncommon trap: reason=class_check action=maybe_recompile pc=0x000002c71b67d4a4 method=com.sun.tools.javac.code.Scope$ScopeImpl.lookup(Lcom/sun/tools/javac/util/Name;Lcom/sun/tools/javac/util/Filter;)Lcom/sun/tools/javac/code/Scope$Entry; @ 53 c2
Event: 30.285 Thread 0x000002c72c8f6000 Uncommon trap: reason=unstable_if action=reinterpret pc=0x000002c71b658cf0 method=com.sun.tools.javac.util.Convert.utf2chars([BI[CII)I @ 37 c2

Classes redefined (0 events):
No events

Internal exceptions (10 events):
Event: 21.824 Thread 0x000002c72c8f6000 Exception <a 'java/lang/NoSuchMethodError'{0x00000000e979b618}: java.lang.invoke.DirectMethodHandle$Holder.invokeStaticInit(Ljava/lang/Object;Ljava/lang/Object;Ljava/lang/Object;Ljava/lang/Object;Ljava/lang/Object;)I> (0x00000000e979b618) thrown at [./ope
Event: 22.940 Thread 0x000002c72c8f6000 Exception <a 'java/lang/NoSuchMethodError'{0x00000000ead12f68}: java.lang.invoke.DirectMethodHandle$Holder.invokeSpecial(Ljava/lang/Object;Ljava/lang/Object;ILjava/lang/Object;Ljava/lang/Object;Ljava/lang/Object;Ljava/lang/Object;)Ljava/lang/Object;> (0x0
Event: 25.414 Thread 0x000002c72c8f6000 Exception <a 'java/lang/NoSuchMethodError'{0x00000000e9bea1d0}: java.lang.invoke.Invokers$Holder.linkToTargetMethod(Ljava/lang/Object;Ljava/lang/Object;Ljava/lang/Object;IILjava/lang/Object;)Ljava/lang/Object;> (0x00000000e9bea1d0) thrown at [./open/src/h
Event: 25.427 Thread 0x000002c72c8f6000 Exception <a 'java/lang/NoSuchMethodError'{0x00000000e9a12628}: java.lang.invoke.DirectMethodHandle$Holder.invokeVirtual(Ljava/lang/Object;Ljava/lang/Object;Ljava/lang/Object;Ljava/lang/Object;)V> (0x00000000e9a12628) thrown at [./open/src/hotspot/share/i
Event: 26.992 Thread 0x000002c72c8f6000 Exception <a 'sun/nio/fs/WindowsException'{0x00000000e791d5e0}> (0x00000000e791d5e0) thrown at [./open/src/hotspot/share/prims/jni.cpp, line 611]
Event: 26.995 Thread 0x000002c72c8f6000 Exception <a 'sun/nio/fs/WindowsException'{0x00000000e791f348}> (0x00000000e791f348) thrown at [./open/src/hotspot/share/prims/jni.cpp, line 611]
Event: 26.995 Thread 0x000002c72c8f6000 Exception <a 'sun/nio/fs/WindowsException'{0x00000000e791f638}> (0x00000000e791f638) thrown at [./open/src/hotspot/share/prims/jni.cpp, line 611]
Event: 27.074 Thread 0x000002c72c8f6000 Implicit null exception at 0x000002c71b1c5b8c to 0x000002c71b1c5d3a
Event: 28.556 Thread 0x000002c72c8f6000 Exception <a 'java/lang/NoSuchMethodError'{0x00000000ee7b16b8}: java.lang.invoke.DirectMethodHandle$Holder.invokeSpecial(Ljava/lang/Object;Ljava/lang/Object;Ljava/lang/Object;Ljava/lang/Object;Ljava/lang/Object;)I> (0x00000000ee7b16b8) thrown at [./open/s
Event: 28.565 Thread 0x000002c72c8f6000 Implicit null exception at 0x000002c71b5ca0f8 to 0x000002c71b5cace0

Events (10 events):
Event: 30.347 loading class com/sun/tools/javac/code/Attribute
Event: 30.347 loading class com/sun/tools/javac/code/Attribute done
Event: 30.347 loading class com/sun/tools/javac/code/TypeAnnotations
Event: 30.347 loading class com/sun/tools/javac/code/TypeAnnotations done
Event: 30.347 loading class com/sun/tools/javac/code/TypeAnnotations$AnnotationType
Event: 30.347 loading class com/sun/tools/javac/code/TypeAnnotations$AnnotationType done
Event: 30.347 loading class com/sun/tools/javac/code/TypeAnnotations$AnnotationType
Event: 30.347 loading class com/sun/tools/javac/code/TypeAnnotations$AnnotationType done
Event: 30.347 loading class com/sun/tools/javac/code/TypeAnnotations
Event: 30.347 loading class com/sun/tools/javac/code/TypeAnnotations done


Dynamic libraries:
0x00007ff7bae40000 - 0x00007ff7bae4f000 	C:\Program Files\Java\jdk-11.0.17\bin\java.exe
0x00007ffbe0c50000 - 0x00007ffbe0e48000 	C:\WINDOWS\SYSTEM32\ntdll.dll
0x00007ffbdfc20000 - 0x00007ffbdfcdf000 	C:\WINDOWS\System32\KERNEL32.DLL
0x00007ffbde7a0000 - 0x00007ffbdea96000 	C:\WINDOWS\System32\KERNELBASE.dll
0x00007ffbdeaa0000 - 0x00007ffbdeba0000 	C:\WINDOWS\System32\ucrtbase.dll
0x00007ffbd09d0000 - 0x00007ffbd09e5000 	C:\Program Files\Java\jdk-11.0.17\bin\VCRUNTIME140.dll
0x00007ffbc6270000 - 0x00007ffbc6288000 	C:\Program Files\Java\jdk-11.0.17\bin\jli.dll
0x00007ffbdf090000 - 0x00007ffbdf13f000 	C:\WINDOWS\System32\ADVAPI32.dll
0x00007ffbdecb0000 - 0x00007ffbded4e000 	C:\WINDOWS\System32\msvcrt.dll
0x00007ffbdf400000 - 0x00007ffbdf49c000 	C:\WINDOWS\System32\sechost.dll
0x00007ffbe0590000 - 0x00007ffbe06b6000 	C:\WINDOWS\System32\RPCRT4.dll
0x00007ffbe02c0000 - 0x00007ffbe045d000 	C:\WINDOWS\System32\USER32.dll
0x00007ffbc3520000 - 0x00007ffbc37ba000 	C:\WINDOWS\WinSxS\amd64_microsoft.windows.common-controls_6595b64144ccf1df_6.0.19041.1110_none_60b5254171f9507e\COMCTL32.dll
0x00007ffbdec80000 - 0x00007ffbdeca2000 	C:\WINDOWS\System32\win32u.dll
0x00007ffbdfbf0000 - 0x00007ffbdfc1c000 	C:\WINDOWS\System32\GDI32.dll
0x00007ffbde550000 - 0x00007ffbde665000 	C:\WINDOWS\System32\gdi32full.dll
0x00007ffbde700000 - 0x00007ffbde79d000 	C:\WINDOWS\System32\msvcp_win.dll
0x00007ffbd4ee0000 - 0x00007ffbd4eea000 	C:\WINDOWS\SYSTEM32\VERSION.dll
0x00007ffbe0b30000 - 0x00007ffbe0b60000 	C:\WINDOWS\System32\IMM32.DLL
0x00007ffbbca60000 - 0x00007ffbbcafb000 	C:\Program Files\Java\jdk-11.0.17\bin\msvcp140.dll
0x00007ffba16b0000 - 0x00007ffba21ca000 	C:\Program Files\Java\jdk-11.0.17\bin\server\jvm.dll
0x00007ffbdef80000 - 0x00007ffbdef88000 	C:\WINDOWS\System32\PSAPI.DLL
0x00007ffbcad50000 - 0x00007ffbcad59000 	C:\WINDOWS\SYSTEM32\WSOCK32.dll
0x00007ffbc93f0000 - 0x00007ffbc9417000 	C:\WINDOWS\SYSTEM32\WINMM.dll
0x00007ffbdfef0000 - 0x00007ffbdff5b000 	C:\WINDOWS\System32\WS2_32.dll
0x00007ffbdcb80000 - 0x00007ffbdcb92000 	C:\WINDOWS\SYSTEM32\kernel.appcore.dll
0x00007ffbdb280000 - 0x00007ffbdb290000 	C:\Program Files\Java\jdk-11.0.17\bin\verify.dll
0x00007ffbdc0e0000 - 0x00007ffbdc2c4000 	C:\WINDOWS\SYSTEM32\DBGHELP.DLL
0x00007ffbc7b20000 - 0x00007ffbc7b54000 	C:\WINDOWS\SYSTEM32\dbgcore.DLL
0x00007ffbde670000 - 0x00007ffbde6f2000 	C:\WINDOWS\System32\bcryptPrimitives.dll
0x00007ffbbd6b0000 - 0x00007ffbbd6d8000 	C:\Program Files\Java\jdk-11.0.17\bin\java.dll
0x00007ffbd0a70000 - 0x00007ffbd0a7a000 	C:\Program Files\Java\jdk-11.0.17\bin\jimage.dll
0x00007ffbbec80000 - 0x00007ffbbec96000 	C:\Program Files\Java\jdk-11.0.17\bin\zip.dll
0x00007ffbdf4a0000 - 0x00007ffbdfbe4000 	C:\WINDOWS\System32\SHELL32.dll
0x00007ffbdc3d0000 - 0x00007ffbdcb63000 	C:\WINDOWS\SYSTEM32\windows.storage.dll
0x00007ffbdff60000 - 0x00007ffbe02b4000 	C:\WINDOWS\System32\combase.dll
0x00007ffbddd20000 - 0x00007ffbddd4e000 	C:\WINDOWS\SYSTEM32\Wldp.dll
0x00007ffbdf140000 - 0x00007ffbdf1ed000 	C:\WINDOWS\System32\SHCORE.dll
0x00007ffbdfce0000 - 0x00007ffbdfd35000 	C:\WINDOWS\System32\shlwapi.dll
0x00007ffbde270000 - 0x00007ffbde28f000 	C:\WINDOWS\SYSTEM32\profapi.dll
0x00007ffbc2740000 - 0x00007ffbc2759000 	C:\Program Files\Java\jdk-11.0.17\bin\net.dll
0x00007ffbd90c0000 - 0x00007ffbd91ca000 	C:\WINDOWS\SYSTEM32\WINHTTP.dll
0x00007ffbdda10000 - 0x00007ffbdda7a000 	C:\WINDOWS\system32\mswsock.dll
0x00007ffbbecb0000 - 0x00007ffbbecc2000 	C:\Program Files\Java\jdk-11.0.17\bin\nio.dll
0x00007ffbc7820000 - 0x00007ffbc7847000 	C:\Users\SonMinGyu\.gradle\native\e1d6ef7f7dcc3fd88c89a11ec53ec762bb8ba0a96d01ffa2cd45eb1d1d8dd5c5\windows-amd64\native-platform.dll
0x00007ffbaaf90000 - 0x00007ffbab0d4000 	C:\Users\SonMinGyu\.gradle\native\0d407fdbe67a94daf76414ababcb853783967236a71b16ec16e742cd7a986fd3\windows-amd64\native-platform-file-events.dll
0x00007ffbd0a10000 - 0x00007ffbd0a19000 	C:\Program Files\Java\jdk-11.0.17\bin\management.dll
0x00007ffbd0930000 - 0x00007ffbd093b000 	C:\Program Files\Java\jdk-11.0.17\bin\management_ext.dll
0x00007ffbddc00000 - 0x00007ffbddc18000 	C:\WINDOWS\SYSTEM32\CRYPTSP.dll
0x00007ffbdd330000 - 0x00007ffbdd364000 	C:\WINDOWS\system32\rsaenh.dll
0x00007ffbdeba0000 - 0x00007ffbdebc7000 	C:\WINDOWS\System32\bcrypt.dll
0x00007ffbde230000 - 0x00007ffbde25e000 	C:\WINDOWS\SYSTEM32\USERENV.dll
0x00007ffbddc20000 - 0x00007ffbddc2c000 	C:\WINDOWS\SYSTEM32\CRYPTBASE.dll
0x00007ffbdd700000 - 0x00007ffbdd73c000 	C:\WINDOWS\SYSTEM32\IPHLPAPI.DLL
0x00007ffbdf020000 - 0x00007ffbdf028000 	C:\WINDOWS\System32\NSI.dll
0x00007ffbd5050000 - 0x00007ffbd5067000 	C:\WINDOWS\SYSTEM32\dhcpcsvc6.DLL
0x00007ffbd5120000 - 0x00007ffbd513d000 	C:\WINDOWS\SYSTEM32\dhcpcsvc.DLL
0x00007ffbdd740000 - 0x00007ffbdd80b000 	C:\WINDOWS\SYSTEM32\DNSAPI.dll

dbghelp: loaded successfully - version: 4.0.5 - missing functions: none
symbol engine: initialized successfully - sym options: 0x614 - pdb path: .;C:\Program Files\Java\jdk-11.0.17\bin;C:\WINDOWS\SYSTEM32;C:\WINDOWS\WinSxS\amd64_microsoft.windows.common-controls_6595b64144ccf1df_6.0.19041.1110_none_60b5254171f9507e;C:\Program Files\Java\jdk-11.0.17\bin\server;C:\Users\SonMinGyu\.gradle\native\e1d6ef7f7dcc3fd88c89a11ec53ec762bb8ba0a96d01ffa2cd45eb1d1d8dd5c5\windows-amd64;C:\Users\SonMinGyu\.gradle\native\0d407fdbe67a94daf76414ababcb853783967236a71b16ec16e742cd7a986fd3\windows-amd64

VM Arguments:
jvm_args: --add-opens=java.base/java.util=ALL-UNNAMED --add-opens=java.base/java.lang=ALL-UNNAMED --add-opens=java.base/java.lang.invoke=ALL-UNNAMED --add-opens=java.base/java.util=ALL-UNNAMED --add-opens=java.prefs/java.util.prefs=ALL-UNNAMED --add-opens=java.prefs/java.util.prefs=ALL-UNNAMED --add-opens=java.base/java.nio.charset=ALL-UNNAMED --add-opens=java.base/java.net=ALL-UNNAMED --add-opens=java.base/java.util.concurrent.atomic=ALL-UNNAMED -XX:MaxMetaspaceSize=256m -XX:+HeapDumpOnOutOfMemoryError -Xms256m -Xmx512m -Dfile.encoding=x-windows-949 -Duser.country=KR -Duser.language=ko -Duser.variant 
java_command: org.gradle.launcher.daemon.bootstrap.GradleDaemon 7.5
java_class_path (initial): C:\Users\SonMinGyu\.gradle\wrapper\dists\gradle-7.5-bin\f1w0cc9nuo0eivz97x2xlu9sv\gradle-7.5\lib\gradle-launcher-7.5.jar
Launcher Type: SUN_STANDARD

[Global flags]
     intx CICompilerCount                          = 4                                         {product} {ergonomic}
   size_t CompressedClassSpaceSize                 = 260046848                                 {product} {ergonomic}
     uint ConcGCThreads                            = 2                                         {product} {ergonomic}
     uint G1ConcRefinementThreads                  = 8                                         {product} {ergonomic}
   size_t G1HeapRegionSize                         = 1048576                                   {product} {ergonomic}
    uintx GCDrainStackTargetSize                   = 64                                        {product} {ergonomic}
     bool HeapDumpOnOutOfMemoryError               = true                                   {manageable} {command line}
   size_t InitialHeapSize                          = 268435456                                 {product} {command line}
   size_t MarkStackSize                            = 4194304                                   {product} {ergonomic}
   size_t MaxHeapSize                              = 536870912                                 {product} {command line}
   size_t MaxMetaspaceSize                         = 268435456                                 {product} {command line}
   size_t MaxNewSize                               = 321912832                                 {product} {ergonomic}
   size_t MinHeapDeltaBytes                        = 1048576                                   {product} {ergonomic}
    uintx NonNMethodCodeHeapSize                   = 5836300                                {pd product} {ergonomic}
    uintx NonProfiledCodeHeapSize                  = 122910970                              {pd product} {ergonomic}
    uintx ProfiledCodeHeapSize                     = 122910970                              {pd product} {ergonomic}
    uintx ReservedCodeCacheSize                    = 251658240                              {pd product} {ergonomic}
     bool SegmentedCodeCache                       = true                                      {product} {ergonomic}
     bool UseCompressedClassPointers               = true                                 {lp64_product} {ergonomic}
     bool UseCompressedOops                        = true                                 {lp64_product} {ergonomic}
     bool UseG1GC                                  = true                                      {product} {ergonomic}
     bool UseLargePagesIndividualAllocation        = false                                  {pd product} {ergonomic}

Logging:
Log output configuration:
 #0: stdout all=warning uptime,level,tags
 #1: stderr all=off uptime,level,tags

Environment Variables:
JAVA_HOME=C:\Program Files\Java\jdk-11.0.17
CLASSPATH=%JAVA_HOME%\lib;.
PATH=C:\Program Files\Common Files\Oracle\Java\javapath;C:\Program Files (x86)\Intel\iCLS Client\;C:\Program Files\Intel\iCLS Client\;C:\WINDOWS\system32;C:\WINDOWS;C:\WINDOWS\System32\Wbem;C:\WINDOWS\System32\WindowsPowerShell\v1.0\;C:\Program Files (x86)\Intel\Intel(R) Management Engine Components\DAL;C:\Program Files\Intel\Intel(R) Management Engine Components\DAL;C:\Program Files (x86)\Intel\Intel(R) Management Engine Components\IPT;C:\Program Files\Intel\Intel(R) Management Engine Components\IPT;C:\Program Files\Intel\WiFi\bin\;C:\Program Files\Common Files\Intel\WirelessCommon\;C:\WINDOWS\System32\OpenSSH\;C:\Program Files\Git\cmd;C:\Program Files\MySQL\MySQL Shell 8.0\bin\;C:\Users\SonMinGyu\AppData\Local\Microsoft\WindowsApps;;C:\Program Files\JetBrains\IntelliJ IDEA 2022.3.1\bin;;C:\Users\SonMinGyu\AppData\Local\Programs\Microsoft VS Code\bin;C:\Program Files\JetBrains\PyCharm 2022.3.1\bin;;C:\Program Files\JetBrains\DataGrip 2022.3.3\bin;
USERNAME=SonMinGyu
OS=Windows_NT
PROCESSOR_IDENTIFIER=Intel64 Family 6 Model 142 Stepping 10, GenuineIntel



---------------  S Y S T E M  ---------------

OS: Windows 10 , 64 bit Build 19041 (10.0.19041.2913)

CPU:total 8 (initial active 8) (4 cores per cpu, 2 threads per core) family 6 model 142 stepping 10 microcode 0xb4, cmov, cx8, fxsr, mmx, sse, sse2, sse3, ssse3, sse4.1, sse4.2, popcnt, avx, avx2, aes, clmul, erms, 3dnowpref, lzcnt, ht, tsc, tscinvbit, bmi1, bmi2, adx, fma

Memory: 4k page, system-wide physical 16217M (5192M free)
TotalPageFile size 33625M (AvailPageFile size 18510M)
current process WorkingSet (physical memory assigned to process): 517M, peak: 519M
current process commit charge ("private bytes"): 559M, peak: 561M

vm_info: Java HotSpot(TM) 64-Bit Server VM (11.0.17+10-LTS-269) for windows-amd64 JRE (11.0.17+10-LTS-269), built on Sep 13 2022 19:26:37 by "mach5one" with MS VC++ 15.9 (VS2017)

END.
